{"C:\\asD\\_2020 SDE\\2020 Fall Columbia\\Adv SE\\4156-team-project\\frontend\\src\\App.js": {"path":"C:\\asD\\_2020 SDE\\2020 Fall Columbia\\Adv SE\\4156-team-project\\frontend\\src\\App.js","statementMap":{"0":{"start":{"line":19,"column":2},"end":{"line":62,"column":4}}},"fnMap":{"0":{"name":"App","decl":{"start":{"line":18,"column":9},"end":{"line":18,"column":12}},"loc":{"start":{"line":18,"column":15},"end":{"line":63,"column":1}},"line":18}},"branchMap":{},"s":{"0":0},"f":{"0":0},"b":{}}
,"C:\\asD\\_2020 SDE\\2020 Fall Columbia\\Adv SE\\4156-team-project\\frontend\\src\\index.js": {"path":"C:\\asD\\_2020 SDE\\2020 Fall Columbia\\Adv SE\\4156-team-project\\frontend\\src\\index.js","statementMap":{"0":{"start":{"line":9,"column":0},"end":{"line":12,"column":2}},"1":{"start":{"line":17,"column":0},"end":{"line":17,"column":18}}},"fnMap":{},"branchMap":{},"s":{"0":0,"1":0},"f":{},"b":{}}
,"C:\\asD\\_2020 SDE\\2020 Fall Columbia\\Adv SE\\4156-team-project\\frontend\\src\\reportWebVitals.js": {"path":"C:\\asD\\_2020 SDE\\2020 Fall Columbia\\Adv SE\\4156-team-project\\frontend\\src\\reportWebVitals.js","statementMap":{"0":{"start":{"line":1,"column":24},"end":{"line":11,"column":1}},"1":{"start":{"line":2,"column":2},"end":{"line":10,"column":3}},"2":{"start":{"line":3,"column":4},"end":{"line":9,"column":7}},"3":{"start":{"line":4,"column":6},"end":{"line":4,"column":26}},"4":{"start":{"line":5,"column":6},"end":{"line":5,"column":26}},"5":{"start":{"line":6,"column":6},"end":{"line":6,"column":26}},"6":{"start":{"line":7,"column":6},"end":{"line":7,"column":26}},"7":{"start":{"line":8,"column":6},"end":{"line":8,"column":27}}},"fnMap":{"0":{"name":"(anonymous_0)","decl":{"start":{"line":1,"column":24},"end":{"line":1,"column":25}},"loc":{"start":{"line":1,"column":39},"end":{"line":11,"column":1}},"line":1},"1":{"name":"(anonymous_1)","decl":{"start":{"line":3,"column":30},"end":{"line":3,"column":31}},"loc":{"start":{"line":3,"column":79},"end":{"line":9,"column":5}},"line":3}},"branchMap":{"0":{"loc":{"start":{"line":2,"column":2},"end":{"line":10,"column":3}},"type":"if","locations":[{"start":{"line":2,"column":2},"end":{"line":10,"column":3}},{"start":{"line":2,"column":2},"end":{"line":10,"column":3}}],"line":2},"1":{"loc":{"start":{"line":2,"column":6},"end":{"line":2,"column":52}},"type":"binary-expr","locations":[{"start":{"line":2,"column":6},"end":{"line":2,"column":17}},{"start":{"line":2,"column":21},"end":{"line":2,"column":52}}],"line":2}},"s":{"0":0,"1":0,"2":0,"3":0,"4":0,"5":0,"6":0,"7":0},"f":{"0":0,"1":0},"b":{"0":[0,0],"1":[0,0]}}
,"C:\\asD\\_2020 SDE\\2020 Fall Columbia\\Adv SE\\4156-team-project\\frontend\\src\\components\\homepage.js": {"path":"C:\\asD\\_2020 SDE\\2020 Fall Columbia\\Adv SE\\4156-team-project\\frontend\\src\\components\\homepage.js","statementMap":{"0":{"start":{"line":16,"column":21},"end":{"line":25,"column":4}},"1":{"start":{"line":17,"column":34},"end":{"line":17,"column":49}},"2":{"start":{"line":19,"column":4},"end":{"line":24,"column":88}},"3":{"start":{"line":28,"column":24},"end":{"line":64,"column":1}},"4":{"start":{"line":29,"column":8},"end":{"line":63,"column":12}}},"fnMap":{"0":{"name":"(anonymous_0)","decl":{"start":{"line":16,"column":21},"end":{"line":16,"column":22}},"loc":{"start":{"line":16,"column":27},"end":{"line":25,"column":4}},"line":16},"1":{"name":"(anonymous_1)","decl":{"start":{"line":28,"column":24},"end":{"line":28,"column":25}},"loc":{"start":{"line":29,"column":8},"end":{"line":63,"column":12}},"line":29}},"branchMap":{"0":{"loc":{"start":{"line":19,"column":11},"end":{"line":24,"column":88}},"type":"cond-expr","locations":[{"start":{"line":20,"column":5},"end":{"line":22,"column":13}},{"start":{"line":24,"column":6},"end":{"line":24,"column":87}}],"line":19},"1":{"loc":{"start":{"line":41,"column":18},"end":{"line":41,"column":40}},"type":"cond-expr","locations":[{"start":{"line":41,"column":27},"end":{"line":41,"column":32}},{"start":{"line":41,"column":35},"end":{"line":41,"column":40}}],"line":41},"2":{"loc":{"start":{"line":44,"column":19},"end":{"line":44,"column":43}},"type":"cond-expr","locations":[{"start":{"line":44,"column":28},"end":{"line":44,"column":35}},{"start":{"line":44,"column":38},"end":{"line":44,"column":43}}],"line":44},"3":{"loc":{"start":{"line":52,"column":18},"end":{"line":52,"column":44}},"type":"cond-expr","locations":[{"start":{"line":52,"column":27},"end":{"line":52,"column":34}},{"start":{"line":52,"column":37},"end":{"line":52,"column":44}}],"line":52},"4":{"loc":{"start":{"line":54,"column":19},"end":{"line":54,"column":45}},"type":"cond-expr","locations":[{"start":{"line":54,"column":28},"end":{"line":54,"column":35}},{"start":{"line":54,"column":38},"end":{"line":54,"column":45}}],"line":54}},"s":{"0":0,"1":0,"2":0,"3":0,"4":0},"f":{"0":0,"1":0},"b":{"0":[0,0],"1":[0,0],"2":[0,0],"3":[0,0],"4":[0,0]}}
,"C:\\asD\\_2020 SDE\\2020 Fall Columbia\\Adv SE\\4156-team-project\\frontend\\src\\components\\navbar\\navbar.js": {"path":"C:\\asD\\_2020 SDE\\2020 Fall Columbia\\Adv SE\\4156-team-project\\frontend\\src\\components\\navbar\\navbar.js","statementMap":{"0":{"start":{"line":8,"column":28},"end":{"line":19,"column":1}},"1":{"start":{"line":9,"column":51},"end":{"line":9,"column":66}},"2":{"start":{"line":11,"column":1},"end":{"line":18,"column":53}},"3":{"start":{"line":23,"column":15},"end":{"line":65,"column":1}},"4":{"start":{"line":24,"column":39},"end":{"line":24,"column":57}},"5":{"start":{"line":25,"column":27},"end":{"line":25,"column":61}},"6":{"start":{"line":25,"column":42},"end":{"line":25,"column":61}},"7":{"start":{"line":26,"column":24},"end":{"line":26,"column":39}},"8":{"start":{"line":27,"column":17},"end":{"line":27,"column":87}},"9":{"start":{"line":28,"column":3},"end":{"line":64,"column":4}}},"fnMap":{"0":{"name":"(anonymous_0)","decl":{"start":{"line":8,"column":28},"end":{"line":8,"column":29}},"loc":{"start":{"line":8,"column":34},"end":{"line":19,"column":1}},"line":8},"1":{"name":"(anonymous_1)","decl":{"start":{"line":23,"column":15},"end":{"line":23,"column":16}},"loc":{"start":{"line":23,"column":21},"end":{"line":65,"column":1}},"line":23},"2":{"name":"(anonymous_2)","decl":{"start":{"line":25,"column":27},"end":{"line":25,"column":28}},"loc":{"start":{"line":25,"column":42},"end":{"line":25,"column":61}},"line":25}},"branchMap":{"0":{"loc":{"start":{"line":11,"column":8},"end":{"line":18,"column":53}},"type":"cond-expr","locations":[{"start":{"line":12,"column":2},"end":{"line":16,"column":13}},{"start":{"line":18,"column":3},"end":{"line":18,"column":52}}],"line":11},"1":{"loc":{"start":{"line":27,"column":17},"end":{"line":27,"column":87}},"type":"cond-expr","locations":[{"start":{"line":27,"column":30},"end":{"line":27,"column":64}},{"start":{"line":27,"column":67},"end":{"line":27,"column":87}}],"line":27}},"s":{"0":0,"1":0,"2":0,"3":0,"4":0,"5":0,"6":0,"7":0,"8":0,"9":0},"f":{"0":0,"1":0,"2":0},"b":{"0":[0,0],"1":[0,0]}}
,"C:\\asD\\_2020 SDE\\2020 Fall Columbia\\Adv SE\\4156-team-project\\frontend\\src\\components\\table\\semantic-react-table.js": {"path":"C:\\asD\\_2020 SDE\\2020 Fall Columbia\\Adv SE\\4156-team-project\\frontend\\src\\components\\table\\semantic-react-table.js","statementMap":{"0":{"start":{"line":6,"column":27},"end":{"line":166,"column":1}},"1":{"start":{"line":7,"column":26},"end":{"line":14,"column":7}},"2":{"start":{"line":8,"column":15},"end":{"line":12,"column":9}},"3":{"start":{"line":16,"column":28},"end":{"line":21,"column":12}},"4":{"start":{"line":17,"column":8},"end":{"line":19,"column":9}},"5":{"start":{"line":18,"column":10},"end":{"line":18,"column":34}},"6":{"start":{"line":20,"column":8},"end":{"line":20,"column":19}},"7":{"start":{"line":44,"column":8},"end":{"line":62,"column":9}},"8":{"start":{"line":65,"column":8},"end":{"line":73,"column":51}},"9":{"start":{"line":67,"column":35},"end":{"line":71,"column":13}},"10":{"start":{"line":67,"column":60},"end":{"line":71,"column":11}},"11":{"start":{"line":72,"column":10},"end":{"line":72,"column":73}},"12":{"start":{"line":75,"column":33},"end":{"line":77,"column":13}},"13":{"start":{"line":76,"column":12},"end":{"line":76,"column":38}},"14":{"start":{"line":84,"column":4},"end":{"line":165,"column":5}},"15":{"start":{"line":89,"column":11},"end":{"line":107,"column":16}},"16":{"start":{"line":91,"column":17},"end":{"line":105,"column":22}},"17":{"start":{"line":112,"column":12},"end":{"line":112,"column":28}},"18":{"start":{"line":113,"column":12},"end":{"line":128,"column":13}},"19":{"start":{"line":116,"column":18},"end":{"line":125,"column":20}},"20":{"start":{"line":152,"column":65},"end":{"line":152,"column":120}}},"fnMap":{"0":{"name":"(anonymous_0)","decl":{"start":{"line":6,"column":27},"end":{"line":6,"column":28}},"loc":{"start":{"line":6,"column":83},"end":{"line":166,"column":1}},"line":6},"1":{"name":"(anonymous_1)","decl":{"start":{"line":8,"column":8},"end":{"line":8,"column":9}},"loc":{"start":{"line":8,"column":15},"end":{"line":12,"column":9}},"line":8},"2":{"name":"(anonymous_2)","decl":{"start":{"line":16,"column":43},"end":{"line":16,"column":44}},"loc":{"start":{"line":16,"column":56},"end":{"line":21,"column":7}},"line":16},"3":{"name":"(anonymous_3)","decl":{"start":{"line":65,"column":31},"end":{"line":65,"column":32}},"loc":{"start":{"line":65,"column":37},"end":{"line":73,"column":9}},"line":65},"4":{"name":"(anonymous_4)","decl":{"start":{"line":67,"column":56},"end":{"line":67,"column":57}},"loc":{"start":{"line":67,"column":60},"end":{"line":71,"column":11}},"line":67},"5":{"name":"(anonymous_5)","decl":{"start":{"line":75,"column":33},"end":{"line":75,"column":34}},"loc":{"start":{"line":75,"column":49},"end":{"line":77,"column":13}},"line":75},"6":{"name":"(anonymous_6)","decl":{"start":{"line":88,"column":27},"end":{"line":88,"column":28}},"loc":{"start":{"line":89,"column":11},"end":{"line":107,"column":16}},"line":89},"7":{"name":"(anonymous_7)","decl":{"start":{"line":90,"column":38},"end":{"line":90,"column":39}},"loc":{"start":{"line":91,"column":17},"end":{"line":105,"column":22}},"line":91},"8":{"name":"(anonymous_8)","decl":{"start":{"line":111,"column":22},"end":{"line":111,"column":23}},"loc":{"start":{"line":111,"column":29},"end":{"line":129,"column":13}},"line":111},"9":{"name":"(anonymous_9)","decl":{"start":{"line":115,"column":31},"end":{"line":115,"column":32}},"loc":{"start":{"line":115,"column":39},"end":{"line":126,"column":17}},"line":115},"10":{"name":"(anonymous_10)","decl":{"start":{"line":152,"column":52},"end":{"line":152,"column":53}},"loc":{"start":{"line":152,"column":63},"end":{"line":152,"column":122}},"line":152}},"branchMap":{"0":{"loc":{"start":{"line":17,"column":8},"end":{"line":19,"column":9}},"type":"if","locations":[{"start":{"line":17,"column":8},"end":{"line":19,"column":9}},{"start":{"line":17,"column":8},"end":{"line":19,"column":9}}],"line":17},"1":{"loc":{"start":{"line":72,"column":10},"end":{"line":72,"column":72}},"type":"binary-expr","locations":[{"start":{"line":72,"column":10},"end":{"line":72,"column":30}},{"start":{"line":72,"column":34},"end":{"line":72,"column":72}}],"line":72},"2":{"loc":{"start":{"line":94,"column":21},"end":{"line":98,"column":34}},"type":"cond-expr","locations":[{"start":{"line":95,"column":24},"end":{"line":97,"column":27}},{"start":{"line":98,"column":21},"end":{"line":98,"column":34}}],"line":94},"3":{"loc":{"start":{"line":96,"column":25},"end":{"line":96,"column":152}},"type":"cond-expr","locations":[{"start":{"line":96,"column":44},"end":{"line":96,"column":124}},{"start":{"line":96,"column":128},"end":{"line":96,"column":152}}],"line":96},"4":{"loc":{"start":{"line":96,"column":44},"end":{"line":96,"column":124}},"type":"cond-expr","locations":[{"start":{"line":96,"column":66},"end":{"line":96,"column":94}},{"start":{"line":96,"column":97},"end":{"line":96,"column":124}}],"line":96},"5":{"loc":{"start":{"line":103,"column":44},"end":{"line":103,"column":81}},"type":"cond-expr","locations":[{"start":{"line":103,"column":64},"end":{"line":103,"column":76}},{"start":{"line":103,"column":79},"end":{"line":103,"column":81}}],"line":103}},"s":{"0":1,"1":9,"2":4,"3":9,"4":74,"5":18,"6":74,"7":9,"8":9,"9":0,"10":0,"11":0,"12":9,"13":0,"14":9,"15":9,"16":56,"17":49,"18":49,"19":306,"20":45},"f":{"0":9,"1":4,"2":74,"3":0,"4":0,"5":0,"6":9,"7":56,"8":49,"9":306,"10":45},"b":{"0":[18,56],"1":[0,0],"2":[0,56],"3":[0,0],"4":[0,0],"5":[0,56]},"_coverageSchema":"1a1c01bbd47fc00a2c39e90264f33305004495a9","hash":"4e974371b515926bb1af0448909bf5c33b146ff1"}
,"C:\\asD\\_2020 SDE\\2020 Fall Columbia\\Adv SE\\4156-team-project\\frontend\\src\\components\\taskList\\edit-task-div.js": {"path":"C:\\asD\\_2020 SDE\\2020 Fall Columbia\\Adv SE\\4156-team-project\\frontend\\src\\components\\taskList\\edit-task-div.js","statementMap":{"0":{"start":{"line":5,"column":20},"end":{"line":32,"column":4}},"1":{"start":{"line":6,"column":43},"end":{"line":6,"column":48}},"2":{"start":{"line":7,"column":33},"end":{"line":7,"column":49}},"3":{"start":{"line":8,"column":30},"end":{"line":8,"column":33}},"4":{"start":{"line":9,"column":36},"end":{"line":9,"column":62}},"5":{"start":{"line":10,"column":25},"end":{"line":11,"column":69}},"6":{"start":{"line":10,"column":32},"end":{"line":11,"column":69}},"7":{"start":{"line":12,"column":25},"end":{"line":20,"column":5}},"8":{"start":{"line":13,"column":24},"end":{"line":17,"column":9}},"9":{"start":{"line":18,"column":8},"end":{"line":18,"column":41}},"10":{"start":{"line":19,"column":8},"end":{"line":19,"column":27}},"11":{"start":{"line":21,"column":5},"end":{"line":31,"column":15}}},"fnMap":{"0":{"name":"(anonymous_0)","decl":{"start":{"line":5,"column":20},"end":{"line":5,"column":21}},"loc":{"start":{"line":5,"column":29},"end":{"line":32,"column":4}},"line":5},"1":{"name":"(anonymous_1)","decl":{"start":{"line":10,"column":25},"end":{"line":10,"column":26}},"loc":{"start":{"line":10,"column":32},"end":{"line":11,"column":69}},"line":10},"2":{"name":"(anonymous_2)","decl":{"start":{"line":12,"column":25},"end":{"line":12,"column":26}},"loc":{"start":{"line":12,"column":31},"end":{"line":20,"column":5}},"line":12}},"branchMap":{"0":{"loc":{"start":{"line":10,"column":44},"end":{"line":11,"column":68}},"type":"cond-expr","locations":[{"start":{"line":11,"column":9},"end":{"line":11,"column":52}},{"start":{"line":11,"column":54},"end":{"line":11,"column":68}}],"line":10}},"s":{"0":4,"1":11,"2":11,"3":11,"4":11,"5":11,"6":3,"7":11,"8":1,"9":1,"10":1,"11":11},"f":{"0":11,"1":3,"2":1},"b":{"0":[1,2]},"_coverageSchema":"1a1c01bbd47fc00a2c39e90264f33305004495a9","hash":"882445f3a588a40f694237fda8c9b208212fde46"}
,"C:\\asD\\_2020 SDE\\2020 Fall Columbia\\Adv SE\\4156-team-project\\frontend\\src\\components\\taskList\\new-tasklist-card.js": {"path":"C:\\asD\\_2020 SDE\\2020 Fall Columbia\\Adv SE\\4156-team-project\\frontend\\src\\components\\taskList\\new-tasklist-card.js","statementMap":{"0":{"start":{"line":6,"column":25},"end":{"line":50,"column":1}},"1":{"start":{"line":7,"column":35},"end":{"line":7,"column":40}},"2":{"start":{"line":8,"column":44},"end":{"line":8,"column":74}},"3":{"start":{"line":9,"column":30},"end":{"line":9,"column":33}},"4":{"start":{"line":12,"column":5},"end":{"line":12,"column":21}},"5":{"start":{"line":13,"column":26},"end":{"line":14,"column":68}},"6":{"start":{"line":13,"column":33},"end":{"line":14,"column":68}},"7":{"start":{"line":15,"column":26},"end":{"line":21,"column":2}},"8":{"start":{"line":16,"column":24},"end":{"line":18,"column":9}},"9":{"start":{"line":19,"column":8},"end":{"line":19,"column":45}},"10":{"start":{"line":20,"column":8},"end":{"line":20,"column":31}},"11":{"start":{"line":22,"column":4},"end":{"line":49,"column":12}}},"fnMap":{"0":{"name":"(anonymous_0)","decl":{"start":{"line":6,"column":25},"end":{"line":6,"column":26}},"loc":{"start":{"line":6,"column":34},"end":{"line":50,"column":1}},"line":6},"1":{"name":"(anonymous_1)","decl":{"start":{"line":13,"column":26},"end":{"line":13,"column":27}},"loc":{"start":{"line":13,"column":33},"end":{"line":14,"column":68}},"line":13},"2":{"name":"(anonymous_2)","decl":{"start":{"line":15,"column":26},"end":{"line":15,"column":27}},"loc":{"start":{"line":15,"column":32},"end":{"line":21,"column":2}},"line":15}},"branchMap":{"0":{"loc":{"start":{"line":13,"column":49},"end":{"line":14,"column":67}},"type":"cond-expr","locations":[{"start":{"line":14,"column":8},"end":{"line":14,"column":51}},{"start":{"line":14,"column":53},"end":{"line":14,"column":67}}],"line":13}},"s":{"0":4,"1":11,"2":11,"3":11,"4":11,"5":11,"6":3,"7":11,"8":1,"9":1,"10":1,"11":11},"f":{"0":11,"1":3,"2":1},"b":{"0":[1,2]},"_coverageSchema":"1a1c01bbd47fc00a2c39e90264f33305004495a9","hash":"0553fd7b406b378fe2088c0fc028dc83ead1ff26"}
,"C:\\asD\\_2020 SDE\\2020 Fall Columbia\\Adv SE\\4156-team-project\\frontend\\src\\components\\taskList\\task-div.js": {"path":"C:\\asD\\_2020 SDE\\2020 Fall Columbia\\Adv SE\\4156-team-project\\frontend\\src\\components\\taskList\\task-div.js","statementMap":{"0":{"start":{"line":6,"column":16},"end":{"line":37,"column":1}},"1":{"start":{"line":7,"column":29},"end":{"line":7,"column":34}},"2":{"start":{"line":11,"column":9},"end":{"line":11,"column":25}},"3":{"start":{"line":12,"column":34},"end":{"line":12,"column":61}},"4":{"start":{"line":14,"column":26},"end":{"line":20,"column":5}},"5":{"start":{"line":15,"column":24},"end":{"line":15,"column":47}},"6":{"start":{"line":16,"column":27},"end":{"line":16,"column":38}},"7":{"start":{"line":17,"column":8},"end":{"line":17,"column":36}},"8":{"start":{"line":18,"column":8},"end":{"line":18,"column":40}},"9":{"start":{"line":19,"column":8},"end":{"line":19,"column":31}},"10":{"start":{"line":21,"column":23},"end":{"line":24,"column":5}},"11":{"start":{"line":22,"column":28},"end":{"line":22,"column":51}},"12":{"start":{"line":23,"column":8},"end":{"line":23,"column":38}},"13":{"start":{"line":26,"column":22},"end":{"line":26,"column":72}},"14":{"start":{"line":27,"column":4},"end":{"line":36,"column":17}}},"fnMap":{"0":{"name":"(anonymous_0)","decl":{"start":{"line":6,"column":16},"end":{"line":6,"column":17}},"loc":{"start":{"line":6,"column":25},"end":{"line":37,"column":1}},"line":6},"1":{"name":"(anonymous_1)","decl":{"start":{"line":14,"column":26},"end":{"line":14,"column":27}},"loc":{"start":{"line":14,"column":31},"end":{"line":20,"column":5}},"line":14},"2":{"name":"(anonymous_2)","decl":{"start":{"line":21,"column":23},"end":{"line":21,"column":24}},"loc":{"start":{"line":21,"column":28},"end":{"line":24,"column":5}},"line":21}},"branchMap":{"0":{"loc":{"start":{"line":26,"column":22},"end":{"line":26,"column":72}},"type":"cond-expr","locations":[{"start":{"line":26,"column":32},"end":{"line":26,"column":54}},{"start":{"line":26,"column":56},"end":{"line":26,"column":72}}],"line":26},"1":{"loc":{"start":{"line":33,"column":9},"end":{"line":33,"column":138}},"type":"cond-expr","locations":[{"start":{"line":33,"column":19},"end":{"line":33,"column":21}},{"start":{"line":33,"column":25},"end":{"line":33,"column":138}}],"line":33}},"s":{"0":4,"1":24,"2":22,"3":22,"4":22,"5":1,"6":1,"7":1,"8":1,"9":1,"10":22,"11":1,"12":1,"13":22,"14":22},"f":{"0":24,"1":1,"2":1},"b":{"0":[2,20],"1":[1,21]},"_coverageSchema":"1a1c01bbd47fc00a2c39e90264f33305004495a9","hash":"a0fc645042c536a5dbd072f4414f68d15d316d3c"}
,"C:\\asD\\_2020 SDE\\2020 Fall Columbia\\Adv SE\\4156-team-project\\frontend\\src\\components\\taskList\\task-list.js": {"path":"C:\\asD\\_2020 SDE\\2020 Fall Columbia\\Adv SE\\4156-team-project\\frontend\\src\\components\\taskList\\task-list.js","statementMap":{"0":{"start":{"line":9,"column":28},"end":{"line":16,"column":1}},"1":{"start":{"line":10,"column":37},"end":{"line":10,"column":42}},"2":{"start":{"line":11,"column":4},"end":{"line":15,"column":22}},"3":{"start":{"line":13,"column":12},"end":{"line":13,"column":85}},"4":{"start":{"line":19,"column":21},"end":{"line":59,"column":1}},"5":{"start":{"line":24,"column":8},"end":{"line":24,"column":24}},"6":{"start":{"line":25,"column":44},"end":{"line":25,"column":106}},"7":{"start":{"line":27,"column":50},"end":{"line":27,"column":71}},"8":{"start":{"line":28,"column":34},"end":{"line":28,"column":72}},"9":{"start":{"line":28,"column":46},"end":{"line":28,"column":72}},"10":{"start":{"line":29,"column":33},"end":{"line":29,"column":64}},"11":{"start":{"line":29,"column":39},"end":{"line":29,"column":64}},"12":{"start":{"line":30,"column":27},"end":{"line":30,"column":68}},"13":{"start":{"line":33,"column":4},"end":{"line":35,"column":36}},"14":{"start":{"line":34,"column":8},"end":{"line":34,"column":72}},"15":{"start":{"line":37,"column":4},"end":{"line":58,"column":16}},"16":{"start":{"line":41,"column":57},"end":{"line":41,"column":96}},"17":{"start":{"line":53,"column":11},"end":{"line":53,"column":62}}},"fnMap":{"0":{"name":"(anonymous_0)","decl":{"start":{"line":9,"column":28},"end":{"line":9,"column":29}},"loc":{"start":{"line":9,"column":37},"end":{"line":16,"column":1}},"line":9},"1":{"name":"(anonymous_1)","decl":{"start":{"line":12,"column":26},"end":{"line":12,"column":27}},"loc":{"start":{"line":12,"column":37},"end":{"line":14,"column":9}},"line":12},"2":{"name":"(anonymous_2)","decl":{"start":{"line":19,"column":21},"end":{"line":19,"column":22}},"loc":{"start":{"line":19,"column":26},"end":{"line":59,"column":1}},"line":19},"3":{"name":"(anonymous_3)","decl":{"start":{"line":28,"column":34},"end":{"line":28,"column":35}},"loc":{"start":{"line":28,"column":46},"end":{"line":28,"column":72}},"line":28},"4":{"name":"(anonymous_4)","decl":{"start":{"line":29,"column":33},"end":{"line":29,"column":34}},"loc":{"start":{"line":29,"column":39},"end":{"line":29,"column":64}},"line":29},"5":{"name":"(anonymous_5)","decl":{"start":{"line":33,"column":20},"end":{"line":33,"column":21}},"loc":{"start":{"line":33,"column":24},"end":{"line":35,"column":5}},"line":33},"6":{"name":"(anonymous_6)","decl":{"start":{"line":41,"column":53},"end":{"line":41,"column":54}},"loc":{"start":{"line":41,"column":57},"end":{"line":41,"column":96}},"line":41},"7":{"name":"(anonymous_7)","decl":{"start":{"line":51,"column":25},"end":{"line":51,"column":26}},"loc":{"start":{"line":51,"column":36},"end":{"line":54,"column":8}},"line":51}},"branchMap":{"0":{"loc":{"start":{"line":25,"column":76},"end":{"line":25,"column":87}},"type":"binary-expr","locations":[{"start":{"line":25,"column":76},"end":{"line":25,"column":81}},{"start":{"line":25,"column":85},"end":{"line":25,"column":87}}],"line":25},"1":{"loc":{"start":{"line":25,"column":89},"end":{"line":25,"column":104}},"type":"binary-expr","locations":[{"start":{"line":25,"column":89},"end":{"line":25,"column":98}},{"start":{"line":25,"column":102},"end":{"line":25,"column":104}}],"line":25},"2":{"loc":{"start":{"line":34,"column":41},"end":{"line":34,"column":52}},"type":"binary-expr","locations":[{"start":{"line":34,"column":41},"end":{"line":34,"column":46}},{"start":{"line":34,"column":50},"end":{"line":34,"column":52}}],"line":34},"3":{"loc":{"start":{"line":34,"column":54},"end":{"line":34,"column":69}},"type":"binary-expr","locations":[{"start":{"line":34,"column":54},"end":{"line":34,"column":63}},{"start":{"line":34,"column":67},"end":{"line":34,"column":69}}],"line":34},"4":{"loc":{"start":{"line":37,"column":11},"end":{"line":58,"column":16}},"type":"cond-expr","locations":[{"start":{"line":37,"column":20},"end":{"line":37,"column":22}},{"start":{"line":37,"column":24},"end":{"line":58,"column":15}}],"line":37},"5":{"loc":{"start":{"line":42,"column":8},"end":{"line":44,"column":29}},"type":"cond-expr","locations":[{"start":{"line":42,"column":27},"end":{"line":44,"column":11}},{"start":{"line":44,"column":16},"end":{"line":44,"column":28}}],"line":42},"6":{"loc":{"start":{"line":55,"column":8},"end":{"line":55,"column":126}},"type":"cond-expr","locations":[{"start":{"line":55,"column":24},"end":{"line":55,"column":116}},{"start":{"line":55,"column":117},"end":{"line":55,"column":126}}],"line":55}},"s":{"0":3,"1":1,"2":1,"3":2,"4":3,"5":14,"6":13,"7":13,"8":13,"9":2,"10":13,"11":1,"12":13,"13":13,"14":5,"15":13,"16":2,"17":29},"f":{"0":1,"1":2,"2":14,"3":2,"4":1,"5":5,"6":2,"7":29},"b":{"0":[13,2],"1":[13,2],"2":[5,1],"3":[5,1],"4":[2,11],"5":[9,2],"6":[2,9]},"_coverageSchema":"1a1c01bbd47fc00a2c39e90264f33305004495a9","hash":"d2e625f4285c921a360b5680fae6876037df2994"}
,"C:\\asD\\_2020 SDE\\2020 Fall Columbia\\Adv SE\\4156-team-project\\frontend\\src\\components\\taskList\\tasklist-card.js": {"path":"C:\\asD\\_2020 SDE\\2020 Fall Columbia\\Adv SE\\4156-team-project\\frontend\\src\\components\\taskList\\tasklist-card.js","statementMap":{"0":{"start":{"line":7,"column":22},"end":{"line":63,"column":1}},"1":{"start":{"line":8,"column":33},"end":{"line":8,"column":38}},"2":{"start":{"line":10,"column":42},"end":{"line":10,"column":63}},"3":{"start":{"line":13,"column":9},"end":{"line":13,"column":25}},"4":{"start":{"line":15,"column":27},"end":{"line":18,"column":5}},"5":{"start":{"line":16,"column":32},"end":{"line":16,"column":59}},"6":{"start":{"line":17,"column":8},"end":{"line":17,"column":46}},"7":{"start":{"line":20,"column":30},"end":{"line":20,"column":64}},"8":{"start":{"line":20,"column":42},"end":{"line":20,"column":64}},"9":{"start":{"line":21,"column":29},"end":{"line":21,"column":56}},"10":{"start":{"line":21,"column":35},"end":{"line":21,"column":56}},"11":{"start":{"line":22,"column":4},"end":{"line":62,"column":12}},"12":{"start":{"line":47,"column":18},"end":{"line":47,"column":70}},"13":{"start":{"line":59,"column":56},"end":{"line":59,"column":79}}},"fnMap":{"0":{"name":"(anonymous_0)","decl":{"start":{"line":7,"column":22},"end":{"line":7,"column":23}},"loc":{"start":{"line":7,"column":31},"end":{"line":63,"column":1}},"line":7},"1":{"name":"(anonymous_1)","decl":{"start":{"line":15,"column":27},"end":{"line":15,"column":28}},"loc":{"start":{"line":15,"column":32},"end":{"line":18,"column":5}},"line":15},"2":{"name":"(anonymous_2)","decl":{"start":{"line":20,"column":30},"end":{"line":20,"column":31}},"loc":{"start":{"line":20,"column":42},"end":{"line":20,"column":64}},"line":20},"3":{"name":"(anonymous_3)","decl":{"start":{"line":21,"column":29},"end":{"line":21,"column":30}},"loc":{"start":{"line":21,"column":35},"end":{"line":21,"column":56}},"line":21},"4":{"name":"(anonymous_4)","decl":{"start":{"line":46,"column":33},"end":{"line":46,"column":34}},"loc":{"start":{"line":46,"column":46},"end":{"line":48,"column":15}},"line":46},"5":{"name":"(anonymous_5)","decl":{"start":{"line":59,"column":52},"end":{"line":59,"column":53}},"loc":{"start":{"line":59,"column":56},"end":{"line":59,"column":79}},"line":59}},"branchMap":{"0":{"loc":{"start":{"line":27,"column":16},"end":{"line":33,"column":25}},"type":"cond-expr","locations":[{"start":{"line":27,"column":25},"end":{"line":27,"column":27}},{"start":{"line":28,"column":16},"end":{"line":33,"column":25}}],"line":27},"1":{"loc":{"start":{"line":45,"column":13},"end":{"line":49,"column":15}},"type":"cond-expr","locations":[{"start":{"line":46,"column":14},"end":{"line":48,"column":16}},{"start":{"line":49,"column":13},"end":{"line":49,"column":15}}],"line":45},"2":{"loc":{"start":{"line":45,"column":13},"end":{"line":45,"column":56}},"type":"binary-expr","locations":[{"start":{"line":45,"column":13},"end":{"line":45,"column":27}},{"start":{"line":45,"column":31},"end":{"line":45,"column":56}}],"line":45},"3":{"loc":{"start":{"line":54,"column":7},"end":{"line":60,"column":23}},"type":"cond-expr","locations":[{"start":{"line":54,"column":17},"end":{"line":54,"column":19}},{"start":{"line":55,"column":8},"end":{"line":60,"column":23}}],"line":54},"4":{"loc":{"start":{"line":56,"column":9},"end":{"line":59,"column":109}},"type":"cond-expr","locations":[{"start":{"line":56,"column":22},"end":{"line":59,"column":14}},{"start":{"line":59,"column":16},"end":{"line":59,"column":109}}],"line":56}},"s":{"0":3,"1":41,"2":39,"3":39,"4":39,"5":1,"6":1,"7":39,"8":2,"9":39,"10":1,"11":39,"12":16,"13":2},"f":{"0":41,"1":1,"2":2,"3":1,"4":16,"5":2},"b":{"0":[1,38],"1":[16,23],"2":[39,36],"3":[1,38],"4":[2,36]},"_coverageSchema":"1a1c01bbd47fc00a2c39e90264f33305004495a9","hash":"5f5490d6b25b40057404f08a8a06b0cb20115a73"}
,"C:\\asD\\_2020 SDE\\2020 Fall Columbia\\Adv SE\\4156-team-project\\frontend\\src\\components\\timerpage\\attach-list.js": {"path":"C:\\asD\\_2020 SDE\\2020 Fall Columbia\\Adv SE\\4156-team-project\\frontend\\src\\components\\timerpage\\attach-list.js","statementMap":{"0":{"start":{"line":7,"column":19},"end":{"line":32,"column":1}},"1":{"start":{"line":9,"column":58},"end":{"line":9,"column":63}},"2":{"start":{"line":10,"column":28},"end":{"line":10,"column":49}},"3":{"start":{"line":13,"column":4},"end":{"line":31,"column":17}},"4":{"start":{"line":14,"column":30},"end":{"line":14,"column":44}},"5":{"start":{"line":19,"column":32},"end":{"line":26,"column":45}},"6":{"start":{"line":19,"column":75},"end":{"line":19,"column":98}}},"fnMap":{"0":{"name":"(anonymous_0)","decl":{"start":{"line":7,"column":19},"end":{"line":7,"column":20}},"loc":{"start":{"line":7,"column":28},"end":{"line":32,"column":1}},"line":7},"1":{"name":"(anonymous_1)","decl":{"start":{"line":14,"column":25},"end":{"line":14,"column":26}},"loc":{"start":{"line":14,"column":29},"end":{"line":14,"column":45}},"line":14},"2":{"name":"(anonymous_2)","decl":{"start":{"line":18,"column":37},"end":{"line":18,"column":38}},"loc":{"start":{"line":18,"column":48},"end":{"line":27,"column":29}},"line":18},"3":{"name":"(anonymous_3)","decl":{"start":{"line":19,"column":71},"end":{"line":19,"column":72}},"loc":{"start":{"line":19,"column":75},"end":{"line":19,"column":98}},"line":19}},"branchMap":{"0":{"loc":{"start":{"line":15,"column":9},"end":{"line":30,"column":19}},"type":"cond-expr","locations":[{"start":{"line":15,"column":16},"end":{"line":30,"column":15}},{"start":{"line":30,"column":17},"end":{"line":30,"column":19}}],"line":15},"1":{"loc":{"start":{"line":21,"column":44},"end":{"line":22,"column":83}},"type":"cond-expr","locations":[{"start":{"line":22,"column":40},"end":{"line":22,"column":79}},{"start":{"line":22,"column":81},"end":{"line":22,"column":83}}],"line":21}},"s":{"0":3,"1":38,"2":38,"3":38,"4":2,"5":8,"6":1},"f":{"0":38,"1":2,"2":8,"3":1},"b":{"0":[3,35],"1":[5,3]},"_coverageSchema":"1a1c01bbd47fc00a2c39e90264f33305004495a9","hash":"4b637946ad7f83efceaa0fc5ce8e99a7c43a701c"}
,"C:\\asD\\_2020 SDE\\2020 Fall Columbia\\Adv SE\\4156-team-project\\frontend\\src\\components\\timerpage\\display-attached-tasks.js": {"path":"C:\\asD\\_2020 SDE\\2020 Fall Columbia\\Adv SE\\4156-team-project\\frontend\\src\\components\\timerpage\\display-attached-tasks.js","statementMap":{"0":{"start":{"line":4,"column":23},"end":{"line":24,"column":1}},"1":{"start":{"line":5,"column":56},"end":{"line":5,"column":61}},"2":{"start":{"line":6,"column":4},"end":{"line":23,"column":12}},"3":{"start":{"line":9,"column":16},"end":{"line":20,"column":29}},"4":{"start":{"line":17,"column":75},"end":{"line":17,"column":98}}},"fnMap":{"0":{"name":"(anonymous_0)","decl":{"start":{"line":4,"column":23},"end":{"line":4,"column":24}},"loc":{"start":{"line":4,"column":32},"end":{"line":24,"column":1}},"line":4},"1":{"name":"(anonymous_1)","decl":{"start":{"line":8,"column":20},"end":{"line":8,"column":21}},"loc":{"start":{"line":8,"column":31},"end":{"line":21,"column":13}},"line":8},"2":{"name":"(anonymous_2)","decl":{"start":{"line":17,"column":70},"end":{"line":17,"column":71}},"loc":{"start":{"line":17,"column":74},"end":{"line":17,"column":99}},"line":17}},"branchMap":{"0":{"loc":{"start":{"line":10,"column":58},"end":{"line":10,"column":90}},"type":"cond-expr","locations":[{"start":{"line":10,"column":68},"end":{"line":10,"column":85}},{"start":{"line":10,"column":88},"end":{"line":10,"column":90}}],"line":10},"1":{"loc":{"start":{"line":16,"column":24},"end":{"line":17,"column":102}},"type":"cond-expr","locations":[{"start":{"line":16,"column":36},"end":{"line":16,"column":38}},{"start":{"line":17,"column":24},"end":{"line":17,"column":102}}],"line":16}},"s":{"0":3,"1":37,"2":37,"3":56,"4":1},"f":{"0":37,"1":56,"2":1},"b":{"0":[2,54],"1":[2,54]},"_coverageSchema":"1a1c01bbd47fc00a2c39e90264f33305004495a9","hash":"270ec776dbe8dcad3f8f359b9ad1e093dfab8536"}
,"C:\\asD\\_2020 SDE\\2020 Fall Columbia\\Adv SE\\4156-team-project\\frontend\\src\\components\\timerpage\\time-line.js": {"path":"C:\\asD\\_2020 SDE\\2020 Fall Columbia\\Adv SE\\4156-team-project\\frontend\\src\\components\\timerpage\\time-line.js","statementMap":{"0":{"start":{"line":6,"column":17},"end":{"line":58,"column":1}},"1":{"start":{"line":10,"column":10},"end":{"line":10,"column":15}},"2":{"start":{"line":11,"column":22},"end":{"line":11,"column":61}},"3":{"start":{"line":13,"column":10},"end":{"line":29,"column":17}},"4":{"start":{"line":32,"column":19},"end":{"line":32,"column":51}},"5":{"start":{"line":33,"column":20},"end":{"line":33,"column":53}},"6":{"start":{"line":34,"column":23},"end":{"line":34,"column":47}},"7":{"start":{"line":35,"column":23},"end":{"line":35,"column":51}},"8":{"start":{"line":36,"column":21},"end":{"line":36,"column":81}},"9":{"start":{"line":38,"column":6},"end":{"line":57,"column":8}}},"fnMap":{"0":{"name":"(anonymous_0)","decl":{"start":{"line":6,"column":17},"end":{"line":6,"column":18}},"loc":{"start":{"line":6,"column":26},"end":{"line":58,"column":1}},"line":6}},"branchMap":{"0":{"loc":{"start":{"line":8,"column":45},"end":{"line":8,"column":58}},"type":"default-arg","locations":[{"start":{"line":8,"column":55},"end":{"line":8,"column":58}}],"line":8},"1":{"loc":{"start":{"line":9,"column":7},"end":{"line":9,"column":21}},"type":"default-arg","locations":[{"start":{"line":9,"column":20},"end":{"line":9,"column":21}}],"line":9},"2":{"loc":{"start":{"line":9,"column":23},"end":{"line":9,"column":41}},"type":"default-arg","locations":[{"start":{"line":9,"column":35},"end":{"line":9,"column":41}}],"line":9},"3":{"loc":{"start":{"line":9,"column":43},"end":{"line":9,"column":57}},"type":"default-arg","locations":[{"start":{"line":9,"column":51},"end":{"line":9,"column":57}}],"line":9},"4":{"loc":{"start":{"line":11,"column":22},"end":{"line":11,"column":61}},"type":"cond-expr","locations":[{"start":{"line":11,"column":45},"end":{"line":11,"column":52}},{"start":{"line":11,"column":55},"end":{"line":11,"column":61}}],"line":11},"5":{"loc":{"start":{"line":32,"column":19},"end":{"line":32,"column":51}},"type":"cond-expr","locations":[{"start":{"line":32,"column":42},"end":{"line":32,"column":46}},{"start":{"line":32,"column":49},"end":{"line":32,"column":51}}],"line":32},"6":{"loc":{"start":{"line":33,"column":20},"end":{"line":33,"column":53}},"type":"cond-expr","locations":[{"start":{"line":33,"column":44},"end":{"line":33,"column":48}},{"start":{"line":33,"column":51},"end":{"line":33,"column":53}}],"line":33},"7":{"loc":{"start":{"line":35,"column":23},"end":{"line":35,"column":51}},"type":"cond-expr","locations":[{"start":{"line":35,"column":34},"end":{"line":35,"column":41}},{"start":{"line":35,"column":44},"end":{"line":35,"column":51}}],"line":35},"8":{"loc":{"start":{"line":36,"column":21},"end":{"line":36,"column":81}},"type":"cond-expr","locations":[{"start":{"line":36,"column":32},"end":{"line":36,"column":55}},{"start":{"line":36,"column":58},"end":{"line":36,"column":81}}],"line":36}},"s":{"0":2,"1":22,"2":22,"3":22,"4":22,"5":22,"6":22,"7":22,"8":22,"9":22},"f":{"0":22},"b":{"0":[2],"1":[2],"2":[22],"3":[2],"4":[14,8],"5":[14,8],"6":[8,14],"7":[1,21],"8":[1,21]},"_coverageSchema":"1a1c01bbd47fc00a2c39e90264f33305004495a9","hash":"8d6e882b95d368b56bee0a663897dc9640e4c1c5"}
,"C:\\asD\\_2020 SDE\\2020 Fall Columbia\\Adv SE\\4156-team-project\\frontend\\src\\components\\timerpage\\timer-board.js": {"path":"C:\\asD\\_2020 SDE\\2020 Fall Columbia\\Adv SE\\4156-team-project\\frontend\\src\\components\\timerpage\\timer-board.js","statementMap":{"0":{"start":{"line":8,"column":15},"end":{"line":11,"column":1}},"1":{"start":{"line":13,"column":19},"end":{"line":13,"column":36}},"2":{"start":{"line":15,"column":22},"end":{"line":57,"column":1}},"3":{"start":{"line":16,"column":31},"end":{"line":16,"column":47}},"4":{"start":{"line":17,"column":28},"end":{"line":17,"column":29}},"5":{"start":{"line":18,"column":29},"end":{"line":23,"column":5}},"6":{"start":{"line":19,"column":6},"end":{"line":21,"column":6}},"7":{"start":{"line":20,"column":7},"end":{"line":20,"column":54}},"8":{"start":{"line":22,"column":7},"end":{"line":22,"column":37}},"9":{"start":{"line":25,"column":49},"end":{"line":25,"column":97}},"10":{"start":{"line":27,"column":4},"end":{"line":29,"column":24}},"11":{"start":{"line":28,"column":6},"end":{"line":28,"column":57}},"12":{"start":{"line":32,"column":4},"end":{"line":56,"column":17}},"13":{"start":{"line":39,"column":30},"end":{"line":39,"column":55}},"14":{"start":{"line":40,"column":31},"end":{"line":40,"column":125}},"15":{"start":{"line":41,"column":16},"end":{"line":53,"column":17}}},"fnMap":{"0":{"name":"(anonymous_0)","decl":{"start":{"line":15,"column":22},"end":{"line":15,"column":23}},"loc":{"start":{"line":15,"column":28},"end":{"line":57,"column":1}},"line":15},"1":{"name":"(anonymous_1)","decl":{"start":{"line":18,"column":29},"end":{"line":18,"column":30}},"loc":{"start":{"line":18,"column":49},"end":{"line":23,"column":5}},"line":18},"2":{"name":"(anonymous_2)","decl":{"start":{"line":27,"column":20},"end":{"line":27,"column":21}},"loc":{"start":{"line":27,"column":24},"end":{"line":29,"column":5}},"line":27},"3":{"name":"(anonymous_3)","decl":{"start":{"line":37,"column":33},"end":{"line":37,"column":34}},"loc":{"start":{"line":37,"column":47},"end":{"line":54,"column":13}},"line":37}},"branchMap":{"0":{"loc":{"start":{"line":19,"column":6},"end":{"line":21,"column":6}},"type":"if","locations":[{"start":{"line":19,"column":6},"end":{"line":21,"column":6}},{"start":{"line":19,"column":6},"end":{"line":21,"column":6}}],"line":19},"1":{"loc":{"start":{"line":19,"column":10},"end":{"line":19,"column":67}},"type":"binary-expr","locations":[{"start":{"line":19,"column":10},"end":{"line":19,"column":24}},{"start":{"line":19,"column":28},"end":{"line":19,"column":67}}],"line":19}},"s":{"0":1,"1":1,"2":1,"3":4,"4":4,"5":4,"6":6,"7":3,"8":3,"9":4,"10":4,"11":2,"12":4,"13":20,"14":20,"15":20},"f":{"0":4,"1":6,"2":2,"3":20},"b":{"0":[3,3],"1":[6,6]},"_coverageSchema":"1a1c01bbd47fc00a2c39e90264f33305004495a9","hash":"43d63fa61d8caa239121ccc22f5c4548edc965d2"}
,"C:\\asD\\_2020 SDE\\2020 Fall Columbia\\Adv SE\\4156-team-project\\frontend\\src\\components\\timerpage\\timer-form.js": {"path":"C:\\asD\\_2020 SDE\\2020 Fall Columbia\\Adv SE\\4156-team-project\\frontend\\src\\components\\timerpage\\timer-form.js","statementMap":{"0":{"start":{"line":15,"column":23},"end":{"line":15,"column":45}},"1":{"start":{"line":15,"column":29},"end":{"line":15,"column":44}},"2":{"start":{"line":16,"column":23},"end":{"line":16,"column":80}},"3":{"start":{"line":16,"column":31},"end":{"line":16,"column":79}},"4":{"start":{"line":17,"column":20},"end":{"line":17,"column":59}},"5":{"start":{"line":17,"column":28},"end":{"line":17,"column":58}},"6":{"start":{"line":20,"column":18},"end":{"line":340,"column":1}},"7":{"start":{"line":26,"column":8},"end":{"line":26,"column":24}},"8":{"start":{"line":28,"column":49},"end":{"line":28,"column":54}},"9":{"start":{"line":31,"column":38},"end":{"line":31,"column":86}},"10":{"start":{"line":34,"column":4},"end":{"line":42,"column":27}},"11":{"start":{"line":36,"column":11},"end":{"line":39,"column":12}},"12":{"start":{"line":37,"column":36},"end":{"line":37,"column":79}},"13":{"start":{"line":38,"column":15},"end":{"line":38,"column":71}},"14":{"start":{"line":41,"column":7},"end":{"line":41,"column":19}},"15":{"start":{"line":45,"column":29},"end":{"line":55,"column":5}},"16":{"start":{"line":46,"column":6},"end":{"line":53,"column":9}},"17":{"start":{"line":47,"column":27},"end":{"line":47,"column":42}},"18":{"start":{"line":48,"column":28},"end":{"line":48,"column":91}},"19":{"start":{"line":48,"column":53},"end":{"line":48,"column":90}},"20":{"start":{"line":49,"column":10},"end":{"line":51,"column":11}},"21":{"start":{"line":50,"column":14},"end":{"line":50,"column":85}},"22":{"start":{"line":52,"column":10},"end":{"line":52,"column":25}},"23":{"start":{"line":58,"column":21},"end":{"line":58,"column":22}},"24":{"start":{"line":59,"column":27},"end":{"line":59,"column":76}},"25":{"start":{"line":60,"column":20},"end":{"line":60,"column":46}},"26":{"start":{"line":61,"column":20},"end":{"line":61,"column":46}},"27":{"start":{"line":63,"column":33},"end":{"line":71,"column":5}},"28":{"start":{"line":74,"column":29},"end":{"line":77,"column":26}},"29":{"start":{"line":81,"column":38},"end":{"line":81,"column":70}},"30":{"start":{"line":82,"column":36},"end":{"line":82,"column":56}},"31":{"start":{"line":83,"column":32},"end":{"line":83,"column":50}},"32":{"start":{"line":85,"column":25},"end":{"line":85,"column":118}},"33":{"start":{"line":85,"column":30},"end":{"line":85,"column":118}},"34":{"start":{"line":86,"column":34},"end":{"line":93,"column":5}},"35":{"start":{"line":90,"column":25},"end":{"line":90,"column":75}},"36":{"start":{"line":91,"column":26},"end":{"line":91,"column":78}},"37":{"start":{"line":92,"column":8},"end":{"line":92,"column":60}},"38":{"start":{"line":94,"column":37},"end":{"line":94,"column":52}},"39":{"start":{"line":99,"column":26},"end":{"line":112,"column":5}},"40":{"start":{"line":100,"column":29},"end":{"line":100,"column":54}},"41":{"start":{"line":102,"column":25},"end":{"line":102,"column":38}},"42":{"start":{"line":103,"column":22},"end":{"line":103,"column":63}},"43":{"start":{"line":105,"column":24},"end":{"line":105,"column":56}},"44":{"start":{"line":106,"column":8},"end":{"line":108,"column":9}},"45":{"start":{"line":107,"column":12},"end":{"line":107,"column":42}},"46":{"start":{"line":110,"column":8},"end":{"line":110,"column":51}},"47":{"start":{"line":111,"column":8},"end":{"line":111,"column":29}},"48":{"start":{"line":114,"column":30},"end":{"line":126,"column":5}},"49":{"start":{"line":115,"column":22},"end":{"line":115,"column":83}},"50":{"start":{"line":116,"column":24},"end":{"line":116,"column":92}},"51":{"start":{"line":117,"column":24},"end":{"line":117,"column":91}},"52":{"start":{"line":118,"column":29},"end":{"line":118,"column":54}},"53":{"start":{"line":119,"column":24},"end":{"line":119,"column":86}},"54":{"start":{"line":120,"column":8},"end":{"line":122,"column":9}},"55":{"start":{"line":121,"column":12},"end":{"line":121,"column":42}},"56":{"start":{"line":123,"column":8},"end":{"line":123,"column":51}},"57":{"start":{"line":124,"column":8},"end":{"line":124,"column":29}},"58":{"start":{"line":152,"column":33},"end":{"line":156,"column":5}},"59":{"start":{"line":153,"column":26},"end":{"line":153,"column":51}},"60":{"start":{"line":154,"column":8},"end":{"line":154,"column":31}},"61":{"start":{"line":155,"column":8},"end":{"line":155,"column":29}},"62":{"start":{"line":158,"column":24},"end":{"line":162,"column":5}},"63":{"start":{"line":159,"column":26},"end":{"line":159,"column":51}},"64":{"start":{"line":160,"column":8},"end":{"line":160,"column":40}},"65":{"start":{"line":161,"column":8},"end":{"line":161,"column":29}},"66":{"start":{"line":165,"column":27},"end":{"line":197,"column":5}},"67":{"start":{"line":166,"column":23},"end":{"line":166,"column":60}},"68":{"start":{"line":167,"column":27},"end":{"line":167,"column":57}},"69":{"start":{"line":168,"column":25},"end":{"line":168,"column":53}},"70":{"start":{"line":169,"column":34},"end":{"line":176,"column":10}},"71":{"start":{"line":170,"column":25},"end":{"line":174,"column":13}},"72":{"start":{"line":175,"column":12},"end":{"line":175,"column":54}},"73":{"start":{"line":178,"column":29},"end":{"line":178,"column":62}},"74":{"start":{"line":180,"column":32},"end":{"line":184,"column":9}},"75":{"start":{"line":181,"column":31},"end":{"line":181,"column":72}},"76":{"start":{"line":183,"column":11},"end":{"line":183,"column":42}},"77":{"start":{"line":187,"column":7},"end":{"line":190,"column":10}},"78":{"start":{"line":191,"column":7},"end":{"line":194,"column":7}},"79":{"start":{"line":201,"column":25},"end":{"line":221,"column":5}},"80":{"start":{"line":204,"column":8},"end":{"line":206,"column":9}},"81":{"start":{"line":205,"column":12},"end":{"line":205,"column":19}},"82":{"start":{"line":208,"column":29},"end":{"line":208,"column":57}},"83":{"start":{"line":209,"column":26},"end":{"line":209,"column":69}},"84":{"start":{"line":210,"column":29},"end":{"line":210,"column":67}},"85":{"start":{"line":211,"column":8},"end":{"line":211,"column":46}},"86":{"start":{"line":212,"column":8},"end":{"line":212,"column":33}},"87":{"start":{"line":213,"column":8},"end":{"line":213,"column":33}},"88":{"start":{"line":214,"column":24},"end":{"line":214,"column":71}},"89":{"start":{"line":215,"column":8},"end":{"line":219,"column":13}},"90":{"start":{"line":216,"column":12},"end":{"line":216,"column":42}},"91":{"start":{"line":217,"column":12},"end":{"line":218,"column":51}},"92":{"start":{"line":218,"column":17},"end":{"line":218,"column":50}},"93":{"start":{"line":220,"column":12},"end":{"line":220,"column":28}},"94":{"start":{"line":223,"column":4},"end":{"line":338,"column":18}},"95":{"start":{"line":259,"column":42},"end":{"line":259,"column":70}},"96":{"start":{"line":260,"column":43},"end":{"line":260,"column":71}},"97":{"start":{"line":280,"column":46},"end":{"line":280,"column":74}},"98":{"start":{"line":281,"column":47},"end":{"line":281,"column":75}}},"fnMap":{"0":{"name":"(anonymous_0)","decl":{"start":{"line":15,"column":23},"end":{"line":15,"column":24}},"loc":{"start":{"line":15,"column":29},"end":{"line":15,"column":44}},"line":15},"1":{"name":"(anonymous_1)","decl":{"start":{"line":16,"column":23},"end":{"line":16,"column":24}},"loc":{"start":{"line":16,"column":31},"end":{"line":16,"column":79}},"line":16},"2":{"name":"(anonymous_2)","decl":{"start":{"line":17,"column":20},"end":{"line":17,"column":21}},"loc":{"start":{"line":17,"column":28},"end":{"line":17,"column":58}},"line":17},"3":{"name":"(anonymous_3)","decl":{"start":{"line":20,"column":18},"end":{"line":20,"column":19}},"loc":{"start":{"line":20,"column":29},"end":{"line":340,"column":1}},"line":20},"4":{"name":"(anonymous_4)","decl":{"start":{"line":34,"column":20},"end":{"line":34,"column":21}},"loc":{"start":{"line":34,"column":24},"end":{"line":42,"column":5}},"line":34},"5":{"name":"fetchData","decl":{"start":{"line":35,"column":22},"end":{"line":35,"column":31}},"loc":{"start":{"line":35,"column":33},"end":{"line":40,"column":8}},"line":35},"6":{"name":"(anonymous_6)","decl":{"start":{"line":45,"column":29},"end":{"line":45,"column":30}},"loc":{"start":{"line":45,"column":43},"end":{"line":55,"column":5}},"line":45},"7":{"name":"(anonymous_7)","decl":{"start":{"line":46,"column":18},"end":{"line":46,"column":19}},"loc":{"start":{"line":46,"column":25},"end":{"line":53,"column":7}},"line":46},"8":{"name":"(anonymous_8)","decl":{"start":{"line":48,"column":47},"end":{"line":48,"column":48}},"loc":{"start":{"line":48,"column":53},"end":{"line":48,"column":90}},"line":48},"9":{"name":"(anonymous_9)","decl":{"start":{"line":85,"column":25},"end":{"line":85,"column":26}},"loc":{"start":{"line":85,"column":30},"end":{"line":85,"column":118}},"line":85},"10":{"name":"(anonymous_10)","decl":{"start":{"line":86,"column":34},"end":{"line":86,"column":35}},"loc":{"start":{"line":86,"column":47},"end":{"line":93,"column":5}},"line":86},"11":{"name":"(anonymous_11)","decl":{"start":{"line":99,"column":26},"end":{"line":99,"column":27}},"loc":{"start":{"line":99,"column":33},"end":{"line":112,"column":5}},"line":99},"12":{"name":"(anonymous_12)","decl":{"start":{"line":114,"column":30},"end":{"line":114,"column":31}},"loc":{"start":{"line":114,"column":47},"end":{"line":126,"column":5}},"line":114},"13":{"name":"(anonymous_13)","decl":{"start":{"line":152,"column":33},"end":{"line":152,"column":34}},"loc":{"start":{"line":152,"column":41},"end":{"line":156,"column":5}},"line":152},"14":{"name":"(anonymous_14)","decl":{"start":{"line":158,"column":24},"end":{"line":158,"column":25}},"loc":{"start":{"line":158,"column":31},"end":{"line":162,"column":5}},"line":158},"15":{"name":"(anonymous_15)","decl":{"start":{"line":165,"column":27},"end":{"line":165,"column":28}},"loc":{"start":{"line":165,"column":46},"end":{"line":197,"column":5}},"line":165},"16":{"name":"(anonymous_16)","decl":{"start":{"line":169,"column":49},"end":{"line":169,"column":50}},"loc":{"start":{"line":169,"column":55},"end":{"line":176,"column":9}},"line":169},"17":{"name":"(anonymous_17)","decl":{"start":{"line":180,"column":50},"end":{"line":180,"column":51}},"loc":{"start":{"line":180,"column":56},"end":{"line":184,"column":8}},"line":180},"18":{"name":"(anonymous_18)","decl":{"start":{"line":187,"column":49},"end":{"line":187,"column":50}},"loc":{"start":{"line":187,"column":61},"end":{"line":190,"column":8}},"line":187},"19":{"name":"(anonymous_19)","decl":{"start":{"line":191,"column":48},"end":{"line":191,"column":49}},"loc":{"start":{"line":191,"column":60},"end":{"line":194,"column":5}},"line":191},"20":{"name":"(anonymous_20)","decl":{"start":{"line":201,"column":25},"end":{"line":201,"column":26}},"loc":{"start":{"line":201,"column":36},"end":{"line":221,"column":5}},"line":201},"21":{"name":"(anonymous_21)","decl":{"start":{"line":259,"column":38},"end":{"line":259,"column":39}},"loc":{"start":{"line":259,"column":42},"end":{"line":259,"column":70}},"line":259},"22":{"name":"(anonymous_22)","decl":{"start":{"line":260,"column":38},"end":{"line":260,"column":39}},"loc":{"start":{"line":260,"column":43},"end":{"line":260,"column":71}},"line":260},"23":{"name":"(anonymous_23)","decl":{"start":{"line":280,"column":42},"end":{"line":280,"column":43}},"loc":{"start":{"line":280,"column":46},"end":{"line":280,"column":74}},"line":280},"24":{"name":"(anonymous_24)","decl":{"start":{"line":281,"column":42},"end":{"line":281,"column":43}},"loc":{"start":{"line":281,"column":47},"end":{"line":281,"column":75}},"line":281}},"branchMap":{"0":{"loc":{"start":{"line":16,"column":31},"end":{"line":16,"column":79}},"type":"binary-expr","locations":[{"start":{"line":16,"column":31},"end":{"line":16,"column":41}},{"start":{"line":16,"column":45},"end":{"line":16,"column":61}},{"start":{"line":16,"column":65},"end":{"line":16,"column":79}}],"line":16},"1":{"loc":{"start":{"line":17,"column":28},"end":{"line":17,"column":58}},"type":"binary-expr","locations":[{"start":{"line":17,"column":28},"end":{"line":17,"column":39}},{"start":{"line":17,"column":43},"end":{"line":17,"column":58}}],"line":17},"2":{"loc":{"start":{"line":36,"column":11},"end":{"line":39,"column":12}},"type":"if","locations":[{"start":{"line":36,"column":11},"end":{"line":39,"column":12}},{"start":{"line":36,"column":11},"end":{"line":39,"column":12}}],"line":36},"3":{"loc":{"start":{"line":36,"column":15},"end":{"line":36,"column":36}},"type":"binary-expr","locations":[{"start":{"line":36,"column":15},"end":{"line":36,"column":23}},{"start":{"line":36,"column":27},"end":{"line":36,"column":36}}],"line":36},"4":{"loc":{"start":{"line":49,"column":10},"end":{"line":51,"column":11}},"type":"if","locations":[{"start":{"line":49,"column":10},"end":{"line":51,"column":11}},{"start":{"line":49,"column":10},"end":{"line":51,"column":11}}],"line":49},"5":{"loc":{"start":{"line":74,"column":29},"end":{"line":77,"column":26}},"type":"cond-expr","locations":[{"start":{"line":74,"column":40},"end":{"line":76,"column":58}},{"start":{"line":77,"column":8},"end":{"line":77,"column":26}}],"line":74},"6":{"loc":{"start":{"line":90,"column":25},"end":{"line":90,"column":75}},"type":"cond-expr","locations":[{"start":{"line":90,"column":49},"end":{"line":90,"column":59}},{"start":{"line":90,"column":62},"end":{"line":90,"column":75}}],"line":90},"7":{"loc":{"start":{"line":90,"column":26},"end":{"line":90,"column":45}},"type":"binary-expr","locations":[{"start":{"line":90,"column":26},"end":{"line":90,"column":31}},{"start":{"line":90,"column":35},"end":{"line":90,"column":45}}],"line":90},"8":{"loc":{"start":{"line":91,"column":26},"end":{"line":91,"column":78}},"type":"cond-expr","locations":[{"start":{"line":91,"column":51},"end":{"line":91,"column":62}},{"start":{"line":91,"column":64},"end":{"line":91,"column":78}}],"line":91},"9":{"loc":{"start":{"line":91,"column":27},"end":{"line":91,"column":47}},"type":"binary-expr","locations":[{"start":{"line":91,"column":27},"end":{"line":91,"column":32}},{"start":{"line":91,"column":36},"end":{"line":91,"column":47}}],"line":91},"10":{"loc":{"start":{"line":106,"column":8},"end":{"line":108,"column":9}},"type":"if","locations":[{"start":{"line":106,"column":8},"end":{"line":108,"column":9}},{"start":{"line":106,"column":8},"end":{"line":108,"column":9}}],"line":106},"11":{"loc":{"start":{"line":106,"column":11},"end":{"line":106,"column":57}},"type":"binary-expr","locations":[{"start":{"line":106,"column":11},"end":{"line":106,"column":31}},{"start":{"line":106,"column":35},"end":{"line":106,"column":57}}],"line":106},"12":{"loc":{"start":{"line":115,"column":22},"end":{"line":115,"column":83}},"type":"cond-expr","locations":[{"start":{"line":115,"column":57},"end":{"line":115,"column":71}},{"start":{"line":115,"column":74},"end":{"line":115,"column":83}}],"line":115},"13":{"loc":{"start":{"line":115,"column":23},"end":{"line":115,"column":54}},"type":"binary-expr","locations":[{"start":{"line":115,"column":23},"end":{"line":115,"column":24}},{"start":{"line":115,"column":28},"end":{"line":115,"column":36}},{"start":{"line":115,"column":40},"end":{"line":115,"column":54}}],"line":115},"14":{"loc":{"start":{"line":116,"column":24},"end":{"line":116,"column":92}},"type":"cond-expr","locations":[{"start":{"line":116,"column":70},"end":{"line":116,"column":75}},{"start":{"line":116,"column":78},"end":{"line":116,"column":92}}],"line":116},"15":{"loc":{"start":{"line":116,"column":25},"end":{"line":116,"column":67}},"type":"binary-expr","locations":[{"start":{"line":116,"column":25},"end":{"line":116,"column":44}},{"start":{"line":116,"column":48},"end":{"line":116,"column":67}}],"line":116},"16":{"loc":{"start":{"line":117,"column":24},"end":{"line":117,"column":91}},"type":"cond-expr","locations":[{"start":{"line":117,"column":70},"end":{"line":117,"column":75}},{"start":{"line":117,"column":77},"end":{"line":117,"column":91}}],"line":117},"17":{"loc":{"start":{"line":117,"column":25},"end":{"line":117,"column":67}},"type":"binary-expr","locations":[{"start":{"line":117,"column":25},"end":{"line":117,"column":44}},{"start":{"line":117,"column":48},"end":{"line":117,"column":67}}],"line":117},"18":{"loc":{"start":{"line":120,"column":8},"end":{"line":122,"column":9}},"type":"if","locations":[{"start":{"line":120,"column":8},"end":{"line":122,"column":9}},{"start":{"line":120,"column":8},"end":{"line":122,"column":9}}],"line":120},"19":{"loc":{"start":{"line":120,"column":11},"end":{"line":120,"column":57}},"type":"binary-expr","locations":[{"start":{"line":120,"column":11},"end":{"line":120,"column":31}},{"start":{"line":120,"column":35},"end":{"line":120,"column":57}}],"line":120},"20":{"loc":{"start":{"line":166,"column":23},"end":{"line":166,"column":60}},"type":"cond-expr","locations":[{"start":{"line":166,"column":36},"end":{"line":166,"column":55}},{"start":{"line":166,"column":58},"end":{"line":166,"column":60}}],"line":166},"21":{"loc":{"start":{"line":204,"column":8},"end":{"line":206,"column":9}},"type":"if","locations":[{"start":{"line":204,"column":8},"end":{"line":206,"column":9}},{"start":{"line":204,"column":8},"end":{"line":206,"column":9}}],"line":204},"22":{"loc":{"start":{"line":215,"column":8},"end":{"line":219,"column":13}},"type":"if","locations":[{"start":{"line":215,"column":8},"end":{"line":219,"column":13}},{"start":{"line":215,"column":8},"end":{"line":219,"column":13}}],"line":215},"23":{"loc":{"start":{"line":217,"column":12},"end":{"line":218,"column":51}},"type":"if","locations":[{"start":{"line":217,"column":12},"end":{"line":218,"column":51}},{"start":{"line":217,"column":12},"end":{"line":218,"column":51}}],"line":217},"24":{"loc":{"start":{"line":223,"column":11},"end":{"line":338,"column":18}},"type":"cond-expr","locations":[{"start":{"line":223,"column":45},"end":{"line":223,"column":78}},{"start":{"line":223,"column":80},"end":{"line":338,"column":17}}],"line":223},"25":{"loc":{"start":{"line":223,"column":11},"end":{"line":223,"column":42}},"type":"binary-expr","locations":[{"start":{"line":223,"column":11},"end":{"line":223,"column":19}},{"start":{"line":223,"column":23},"end":{"line":223,"column":42}}],"line":223},"26":{"loc":{"start":{"line":226,"column":14},"end":{"line":226,"column":69}},"type":"cond-expr","locations":[{"start":{"line":226,"column":24},"end":{"line":226,"column":43}},{"start":{"line":226,"column":46},"end":{"line":226,"column":69}}],"line":226},"27":{"loc":{"start":{"line":236,"column":18},"end":{"line":236,"column":50}},"type":"cond-expr","locations":[{"start":{"line":236,"column":32},"end":{"line":236,"column":44}},{"start":{"line":236,"column":46},"end":{"line":236,"column":50}}],"line":236},"28":{"loc":{"start":{"line":249,"column":41},"end":{"line":249,"column":64}},"type":"cond-expr","locations":[{"start":{"line":249,"column":54},"end":{"line":249,"column":61}},{"start":{"line":249,"column":62},"end":{"line":249,"column":64}}],"line":249},"29":{"loc":{"start":{"line":263,"column":28},"end":{"line":265,"column":40}},"type":"cond-expr","locations":[{"start":{"line":263,"column":43},"end":{"line":265,"column":36}},{"start":{"line":265,"column":38},"end":{"line":265,"column":40}}],"line":263},"30":{"loc":{"start":{"line":278,"column":45},"end":{"line":278,"column":68}},"type":"cond-expr","locations":[{"start":{"line":278,"column":58},"end":{"line":278,"column":65}},{"start":{"line":278,"column":66},"end":{"line":278,"column":68}}],"line":278},"31":{"loc":{"start":{"line":285,"column":28},"end":{"line":287,"column":40}},"type":"cond-expr","locations":[{"start":{"line":285,"column":43},"end":{"line":287,"column":36}},{"start":{"line":287,"column":38},"end":{"line":287,"column":40}}],"line":285},"32":{"loc":{"start":{"line":303,"column":28},"end":{"line":303,"column":66}},"type":"cond-expr","locations":[{"start":{"line":303,"column":45},"end":{"line":303,"column":60}},{"start":{"line":303,"column":62},"end":{"line":303,"column":66}}],"line":303},"33":{"loc":{"start":{"line":312,"column":27},"end":{"line":312,"column":67}},"type":"cond-expr","locations":[{"start":{"line":312,"column":45},"end":{"line":312,"column":61}},{"start":{"line":312,"column":63},"end":{"line":312,"column":67}}],"line":312},"34":{"loc":{"start":{"line":321,"column":27},"end":{"line":321,"column":59}},"type":"cond-expr","locations":[{"start":{"line":321,"column":41},"end":{"line":321,"column":53}},{"start":{"line":321,"column":55},"end":{"line":321,"column":59}}],"line":321},"35":{"loc":{"start":{"line":326,"column":24},"end":{"line":326,"column":75}},"type":"cond-expr","locations":[{"start":{"line":326,"column":37},"end":{"line":326,"column":70}},{"start":{"line":326,"column":73},"end":{"line":326,"column":75}}],"line":326},"36":{"loc":{"start":{"line":330,"column":24},"end":{"line":330,"column":52}},"type":"cond-expr","locations":[{"start":{"line":330,"column":37},"end":{"line":330,"column":47}},{"start":{"line":330,"column":50},"end":{"line":330,"column":52}}],"line":330}},"s":{"0":2,"1":105,"2":2,"3":12,"4":2,"5":12,"6":2,"7":35,"8":35,"9":35,"10":35,"11":9,"12":6,"13":6,"14":9,"15":35,"16":2,"17":2,"18":2,"19":4,"20":2,"21":2,"22":2,"23":35,"24":35,"25":35,"26":35,"27":35,"28":35,"29":35,"30":35,"31":35,"32":35,"33":4,"34":35,"35":4,"36":4,"37":4,"38":35,"39":35,"40":2,"41":2,"42":2,"43":2,"44":2,"45":0,"46":2,"47":2,"48":35,"49":4,"50":4,"51":4,"52":4,"53":4,"54":4,"55":0,"56":4,"57":4,"58":35,"59":4,"60":4,"61":4,"62":35,"63":2,"64":2,"65":2,"66":35,"67":4,"68":4,"69":4,"70":4,"71":1,"72":1,"73":4,"74":4,"75":1,"76":1,"77":4,"78":4,"79":35,"80":5,"81":1,"82":4,"83":4,"84":4,"85":4,"86":4,"87":4,"88":4,"89":4,"90":4,"91":4,"92":1,"93":4,"94":35,"95":2,"96":2,"97":2,"98":2},"f":{"0":105,"1":12,"2":12,"3":35,"4":9,"5":9,"6":2,"7":2,"8":4,"9":4,"10":4,"11":2,"12":4,"13":4,"14":2,"15":4,"16":1,"17":1,"18":4,"19":4,"20":5,"21":2,"22":2,"23":2,"24":2},"b":{"0":[12,6,1],"1":[12,6],"2":[6,3],"3":[9,6],"4":[2,0],"5":[32,3],"6":[0,4],"7":[4,0],"8":[0,4],"9":[4,0],"10":[0,2],"11":[2,1],"12":[4,0],"13":[4,4,4],"14":[2,2],"15":[4,2],"16":[2,2],"17":[4,2],"18":[0,4],"19":[4,2],"20":[4,0],"21":[1,4],"22":[4,0],"23":[1,3],"24":[0,35],"25":[35,0],"26":[32,3],"27":[1,34],"28":[1,34],"29":[1,34],"30":[1,34],"31":[1,34],"32":[0,35],"33":[0,35],"34":[0,35],"35":[35,0],"36":[35,0]},"_coverageSchema":"1a1c01bbd47fc00a2c39e90264f33305004495a9","hash":"b67ee24c1ebf33ea289cce2be61a96f975c20041"}
,"C:\\asD\\_2020 SDE\\2020 Fall Columbia\\Adv SE\\4156-team-project\\frontend\\src\\components\\timerpage\\timers-table.js": {"path":"C:\\asD\\_2020 SDE\\2020 Fall Columbia\\Adv SE\\4156-team-project\\frontend\\src\\components\\timerpage\\timers-table.js","statementMap":{"0":{"start":{"line":10,"column":22},"end":{"line":16,"column":3}},"1":{"start":{"line":11,"column":20},"end":{"line":11,"column":24}},"2":{"start":{"line":12,"column":4},"end":{"line":14,"column":5}},"3":{"start":{"line":13,"column":6},"end":{"line":13,"column":16}},"4":{"start":{"line":15,"column":4},"end":{"line":15,"column":46}},"5":{"start":{"line":30,"column":22},"end":{"line":43,"column":1}},"6":{"start":{"line":31,"column":21},"end":{"line":31,"column":25}},"7":{"start":{"line":32,"column":21},"end":{"line":32,"column":24}},"8":{"start":{"line":33,"column":20},"end":{"line":33,"column":34}},"9":{"start":{"line":34,"column":4},"end":{"line":42,"column":5}},"10":{"start":{"line":46,"column":30},"end":{"line":61,"column":3}},"11":{"start":{"line":48,"column":25},"end":{"line":48,"column":39}},"12":{"start":{"line":49,"column":26},"end":{"line":49,"column":43}},"13":{"start":{"line":51,"column":6},"end":{"line":53,"column":38}},"14":{"start":{"line":52,"column":8},"end":{"line":52,"column":57}},"15":{"start":{"line":55,"column":6},"end":{"line":59,"column":7}},"16":{"start":{"line":63,"column":24},"end":{"line":79,"column":3}},"17":{"start":{"line":68,"column":6},"end":{"line":70,"column":12}},"18":{"start":{"line":75,"column":6},"end":{"line":77,"column":12}},"19":{"start":{"line":81,"column":26},"end":{"line":126,"column":1}},"20":{"start":{"line":128,"column":19},"end":{"line":176,"column":1}},"21":{"start":{"line":133,"column":8},"end":{"line":133,"column":24}},"22":{"start":{"line":135,"column":36},"end":{"line":135,"column":57}},"23":{"start":{"line":136,"column":26},"end":{"line":136,"column":50}},"24":{"start":{"line":136,"column":32},"end":{"line":136,"column":50}},"25":{"start":{"line":137,"column":44},"end":{"line":137,"column":62}},"26":{"start":{"line":138,"column":40},"end":{"line":138,"column":61}},"27":{"start":{"line":140,"column":25},"end":{"line":145,"column":5}},"28":{"start":{"line":141,"column":33},"end":{"line":141,"column":50}},"29":{"start":{"line":142,"column":8},"end":{"line":142,"column":51}},"30":{"start":{"line":146,"column":4},"end":{"line":175,"column":1}},"31":{"start":{"line":153,"column":53},"end":{"line":153,"column":70}},"32":{"start":{"line":157,"column":22},"end":{"line":157,"column":42}},"33":{"start":{"line":158,"column":22},"end":{"line":158,"column":42}},"34":{"start":{"line":161,"column":18},"end":{"line":161,"column":39}},"35":{"start":{"line":162,"column":18},"end":{"line":162,"column":39}},"36":{"start":{"line":163,"column":18},"end":{"line":163,"column":38}}},"fnMap":{"0":{"name":"(anonymous_0)","decl":{"start":{"line":10,"column":22},"end":{"line":10,"column":23}},"loc":{"start":{"line":10,"column":33},"end":{"line":16,"column":3}},"line":10},"1":{"name":"(anonymous_1)","decl":{"start":{"line":30,"column":22},"end":{"line":30,"column":23}},"loc":{"start":{"line":30,"column":39},"end":{"line":43,"column":1}},"line":30},"2":{"name":"(anonymous_2)","decl":{"start":{"line":47,"column":4},"end":{"line":47,"column":5}},"loc":{"start":{"line":47,"column":41},"end":{"line":60,"column":5}},"line":47},"3":{"name":"(anonymous_3)","decl":{"start":{"line":51,"column":22},"end":{"line":51,"column":23}},"loc":{"start":{"line":51,"column":28},"end":{"line":53,"column":7}},"line":51},"4":{"name":"(anonymous_4)","decl":{"start":{"line":67,"column":12},"end":{"line":67,"column":13}},"loc":{"start":{"line":68,"column":6},"end":{"line":70,"column":12}},"line":68},"5":{"name":"(anonymous_5)","decl":{"start":{"line":74,"column":10},"end":{"line":74,"column":11}},"loc":{"start":{"line":75,"column":6},"end":{"line":77,"column":12}},"line":75},"6":{"name":"(anonymous_6)","decl":{"start":{"line":128,"column":19},"end":{"line":128,"column":20}},"loc":{"start":{"line":128,"column":25},"end":{"line":176,"column":1}},"line":128},"7":{"name":"(anonymous_7)","decl":{"start":{"line":136,"column":26},"end":{"line":136,"column":27}},"loc":{"start":{"line":136,"column":32},"end":{"line":136,"column":50}},"line":136},"8":{"name":"(anonymous_8)","decl":{"start":{"line":140,"column":25},"end":{"line":140,"column":26}},"loc":{"start":{"line":140,"column":37},"end":{"line":145,"column":5}},"line":140},"9":{"name":"(anonymous_9)","decl":{"start":{"line":153,"column":49},"end":{"line":153,"column":50}},"loc":{"start":{"line":153,"column":53},"end":{"line":153,"column":70}},"line":153},"10":{"name":"(anonymous_10)","decl":{"start":{"line":156,"column":65},"end":{"line":156,"column":66}},"loc":{"start":{"line":156,"column":69},"end":{"line":159,"column":19}},"line":156},"11":{"name":"(anonymous_11)","decl":{"start":{"line":160,"column":64},"end":{"line":160,"column":65}},"loc":{"start":{"line":160,"column":74},"end":{"line":164,"column":15}},"line":160}},"branchMap":{"0":{"loc":{"start":{"line":12,"column":4},"end":{"line":14,"column":5}},"type":"if","locations":[{"start":{"line":12,"column":4},"end":{"line":14,"column":5}},{"start":{"line":12,"column":4},"end":{"line":14,"column":5}}],"line":12},"1":{"loc":{"start":{"line":33,"column":20},"end":{"line":33,"column":34}},"type":"binary-expr","locations":[{"start":{"line":33,"column":20},"end":{"line":33,"column":29}},{"start":{"line":33,"column":33},"end":{"line":33,"column":34}}],"line":33},"2":{"loc":{"start":{"line":40,"column":9},"end":{"line":40,"column":70}},"type":"cond-expr","locations":[{"start":{"line":40,"column":28},"end":{"line":40,"column":66}},{"start":{"line":40,"column":68},"end":{"line":40,"column":70}}],"line":40},"3":{"loc":{"start":{"line":49,"column":26},"end":{"line":49,"column":43}},"type":"binary-expr","locations":[{"start":{"line":49,"column":26},"end":{"line":49,"column":29}},{"start":{"line":49,"column":33},"end":{"line":49,"column":43}}],"line":49},"4":{"loc":{"start":{"line":148,"column":9},"end":{"line":173,"column":12}},"type":"cond-expr","locations":[{"start":{"line":148,"column":18},"end":{"line":150,"column":10}},{"start":{"line":151,"column":9},"end":{"line":173,"column":12}}],"line":148},"5":{"loc":{"start":{"line":155,"column":14},"end":{"line":164,"column":39}},"type":"cond-expr","locations":[{"start":{"line":156,"column":18},"end":{"line":159,"column":41}},{"start":{"line":160,"column":18},"end":{"line":164,"column":39}}],"line":155},"6":{"loc":{"start":{"line":168,"column":24},"end":{"line":168,"column":104}},"type":"cond-expr","locations":[{"start":{"line":168,"column":46},"end":{"line":168,"column":63}},{"start":{"line":168,"column":65},"end":{"line":168,"column":104}}],"line":168}},"s":{"0":1,"1":49,"2":49,"3":1,"4":48,"5":1,"6":49,"7":49,"8":49,"9":49,"10":1,"11":14,"12":14,"13":14,"14":7,"15":14,"16":1,"17":2,"18":12,"19":1,"20":1,"21":8,"22":8,"23":8,"24":0,"25":8,"26":8,"27":8,"28":1,"29":1,"30":8,"31":1,"32":1,"33":1,"34":1,"35":1,"36":1},"f":{"0":49,"1":49,"2":14,"3":7,"4":2,"5":12,"6":8,"7":0,"8":1,"9":1,"10":1,"11":1},"b":{"0":[1,48],"1":[49,1],"2":[40,9],"3":[14,14],"4":[1,7],"5":[6,1],"6":[6,1]},"_coverageSchema":"1a1c01bbd47fc00a2c39e90264f33305004495a9","hash":"d9cc389d3cb20f5ca48f70e8d71f40db44ee613e"}
,"C:\\asD\\_2020 SDE\\2020 Fall Columbia\\Adv SE\\4156-team-project\\frontend\\src\\components\\timers\\share-button.js": {"path":"C:\\asD\\_2020 SDE\\2020 Fall Columbia\\Adv SE\\4156-team-project\\frontend\\src\\components\\timers\\share-button.js","statementMap":{"0":{"start":{"line":6,"column":20},"end":{"line":39,"column":1}},"1":{"start":{"line":7,"column":30},"end":{"line":7,"column":35}},"2":{"start":{"line":8,"column":28},"end":{"line":8,"column":49}},"3":{"start":{"line":9,"column":22},"end":{"line":9,"column":36}},"4":{"start":{"line":10,"column":27},"end":{"line":10,"column":31}},"5":{"start":{"line":11,"column":23},"end":{"line":11,"column":53}},"6":{"start":{"line":13,"column":25},"end":{"line":23,"column":5}},"7":{"start":{"line":14,"column":8},"end":{"line":22,"column":9}},"8":{"start":{"line":15,"column":12},"end":{"line":15,"column":26}},"9":{"start":{"line":16,"column":12},"end":{"line":18,"column":31}},"10":{"start":{"line":17,"column":16},"end":{"line":17,"column":31}},"11":{"start":{"line":20,"column":12},"end":{"line":20,"column":27}},"12":{"start":{"line":21,"column":12},"end":{"line":21,"column":34}},"13":{"start":{"line":25,"column":3},"end":{"line":38,"column":10}}},"fnMap":{"0":{"name":"(anonymous_0)","decl":{"start":{"line":6,"column":20},"end":{"line":6,"column":21}},"loc":{"start":{"line":6,"column":29},"end":{"line":39,"column":1}},"line":6},"1":{"name":"(anonymous_1)","decl":{"start":{"line":13,"column":25},"end":{"line":13,"column":26}},"loc":{"start":{"line":13,"column":31},"end":{"line":23,"column":5}},"line":13},"2":{"name":"(anonymous_2)","decl":{"start":{"line":16,"column":33},"end":{"line":16,"column":34}},"loc":{"start":{"line":16,"column":37},"end":{"line":18,"column":13}},"line":16}},"branchMap":{"0":{"loc":{"start":{"line":14,"column":8},"end":{"line":22,"column":9}},"type":"if","locations":[{"start":{"line":14,"column":8},"end":{"line":22,"column":9}},{"start":{"line":14,"column":8},"end":{"line":22,"column":9}}],"line":14}},"s":{"0":0,"1":0,"2":0,"3":0,"4":0,"5":0,"6":0,"7":0,"8":0,"9":0,"10":0,"11":0,"12":0,"13":0},"f":{"0":0,"1":0,"2":0},"b":{"0":[0,0]}}
,"C:\\asD\\_2020 SDE\\2020 Fall Columbia\\Adv SE\\4156-team-project\\frontend\\src\\components\\timers\\timer-detail-info.js": {"path":"C:\\asD\\_2020 SDE\\2020 Fall Columbia\\Adv SE\\4156-team-project\\frontend\\src\\components\\timers\\timer-detail-info.js","statementMap":{"0":{"start":{"line":6,"column":31},"end":{"line":12,"column":1}},"1":{"start":{"line":7,"column":25},"end":{"line":7,"column":30}},"2":{"start":{"line":8,"column":4},"end":{"line":11,"column":10}},"3":{"start":{"line":14,"column":24},"end":{"line":59,"column":3}},"4":{"start":{"line":15,"column":85},"end":{"line":15,"column":90}},"5":{"start":{"line":17,"column":4},"end":{"line":58,"column":13}}},"fnMap":{"0":{"name":"(anonymous_0)","decl":{"start":{"line":6,"column":31},"end":{"line":6,"column":32}},"loc":{"start":{"line":6,"column":39},"end":{"line":12,"column":1}},"line":6},"1":{"name":"(anonymous_1)","decl":{"start":{"line":14,"column":24},"end":{"line":14,"column":25}},"loc":{"start":{"line":14,"column":33},"end":{"line":59,"column":3}},"line":14}},"branchMap":{"0":{"loc":{"start":{"line":9,"column":20},"end":{"line":9,"column":34}},"type":"binary-expr","locations":[{"start":{"line":9,"column":20},"end":{"line":9,"column":24}},{"start":{"line":9,"column":28},"end":{"line":9,"column":34}}],"line":9},"1":{"loc":{"start":{"line":19,"column":35},"end":{"line":19,"column":57}},"type":"binary-expr","locations":[{"start":{"line":19,"column":35},"end":{"line":19,"column":47}},{"start":{"line":19,"column":51},"end":{"line":19,"column":57}}],"line":19},"2":{"loc":{"start":{"line":20,"column":37},"end":{"line":20,"column":52}},"type":"binary-expr","locations":[{"start":{"line":20,"column":37},"end":{"line":20,"column":42}},{"start":{"line":20,"column":47},"end":{"line":20,"column":52}}],"line":20},"3":{"loc":{"start":{"line":20,"column":62},"end":{"line":20,"column":84}},"type":"binary-expr","locations":[{"start":{"line":20,"column":62},"end":{"line":20,"column":73}},{"start":{"line":20,"column":77},"end":{"line":20,"column":84}}],"line":20},"4":{"loc":{"start":{"line":23,"column":36},"end":{"line":23,"column":54}},"type":"binary-expr","locations":[{"start":{"line":23,"column":36},"end":{"line":23,"column":41}},{"start":{"line":23,"column":46},"end":{"line":23,"column":54}}],"line":23},"5":{"loc":{"start":{"line":23,"column":64},"end":{"line":23,"column":86}},"type":"binary-expr","locations":[{"start":{"line":23,"column":64},"end":{"line":23,"column":75}},{"start":{"line":23,"column":79},"end":{"line":23,"column":86}}],"line":23},"6":{"loc":{"start":{"line":27,"column":35},"end":{"line":27,"column":52}},"type":"binary-expr","locations":[{"start":{"line":27,"column":35},"end":{"line":27,"column":40}},{"start":{"line":27,"column":44},"end":{"line":27,"column":52}}],"line":27},"7":{"loc":{"start":{"line":27,"column":62},"end":{"line":27,"column":84}},"type":"binary-expr","locations":[{"start":{"line":27,"column":62},"end":{"line":27,"column":73}},{"start":{"line":27,"column":77},"end":{"line":27,"column":84}}],"line":27},"8":{"loc":{"start":{"line":32,"column":31},"end":{"line":32,"column":53}},"type":"binary-expr","locations":[{"start":{"line":32,"column":31},"end":{"line":32,"column":43}},{"start":{"line":32,"column":47},"end":{"line":32,"column":53}}],"line":32},"9":{"loc":{"start":{"line":39,"column":10},"end":{"line":46,"column":29}},"type":"cond-expr","locations":[{"start":{"line":41,"column":10},"end":{"line":46,"column":24}},{"start":{"line":46,"column":27},"end":{"line":46,"column":29}}],"line":39},"10":{"loc":{"start":{"line":39,"column":10},"end":{"line":39,"column":59}},"type":"binary-expr","locations":[{"start":{"line":39,"column":10},"end":{"line":39,"column":27}},{"start":{"line":39,"column":31},"end":{"line":39,"column":59}}],"line":39},"11":{"loc":{"start":{"line":42,"column":37},"end":{"line":42,"column":59}},"type":"binary-expr","locations":[{"start":{"line":42,"column":37},"end":{"line":42,"column":49}},{"start":{"line":42,"column":53},"end":{"line":42,"column":59}}],"line":42},"12":{"loc":{"start":{"line":50,"column":10},"end":{"line":56,"column":25}},"type":"cond-expr","locations":[{"start":{"line":51,"column":10},"end":{"line":56,"column":22}},{"start":{"line":56,"column":23},"end":{"line":56,"column":25}}],"line":50},"13":{"loc":{"start":{"line":50,"column":10},"end":{"line":50,"column":71}},"type":"binary-expr","locations":[{"start":{"line":50,"column":10},"end":{"line":50,"column":20}},{"start":{"line":50,"column":24},"end":{"line":50,"column":40}},{"start":{"line":50,"column":44},"end":{"line":50,"column":71}}],"line":50}},"s":{"0":1,"1":40,"2":40,"3":1,"4":20,"5":20},"f":{"0":40,"1":20},"b":{"0":[40,0],"1":[20,0],"2":[20,0],"3":[20,0],"4":[20,0],"5":[20,0],"6":[20,0],"7":[20,0],"8":[20,0],"9":[0,20],"10":[20,0],"11":[0,0],"12":[0,20],"13":[20,20,0]},"_coverageSchema":"1a1c01bbd47fc00a2c39e90264f33305004495a9","hash":"b1efab95f340ab5b5a9697d78175a38741c17c18"}
,"C:\\asD\\_2020 SDE\\2020 Fall Columbia\\Adv SE\\4156-team-project\\frontend\\src\\components\\timers\\timer-info.js": {"path":"C:\\asD\\_2020 SDE\\2020 Fall Columbia\\Adv SE\\4156-team-project\\frontend\\src\\components\\timers\\timer-info.js","statementMap":{"0":{"start":{"line":19,"column":22},"end":{"line":26,"column":1}},"1":{"start":{"line":20,"column":4},"end":{"line":25,"column":17}},"2":{"start":{"line":36,"column":28},"end":{"line":62,"column":1}},"3":{"start":{"line":38,"column":30},"end":{"line":38,"column":35}},"4":{"start":{"line":42,"column":8},"end":{"line":42,"column":24}},"5":{"start":{"line":44,"column":52},"end":{"line":44,"column":70}},"6":{"start":{"line":46,"column":4},"end":{"line":55,"column":19}},"7":{"start":{"line":48,"column":31},"end":{"line":48,"column":70}},"8":{"start":{"line":49,"column":12},"end":{"line":49,"column":74}},"9":{"start":{"line":52,"column":8},"end":{"line":54,"column":9}},"10":{"start":{"line":53,"column":12},"end":{"line":53,"column":30}},"11":{"start":{"line":57,"column":28},"end":{"line":58,"column":77}},"12":{"start":{"line":58,"column":35},"end":{"line":58,"column":70}},"13":{"start":{"line":60,"column":4},"end":{"line":60,"column":86}},"14":{"start":{"line":64,"column":32},"end":{"line":115,"column":1}},"15":{"start":{"line":67,"column":8},"end":{"line":67,"column":13}},"16":{"start":{"line":71,"column":8},"end":{"line":71,"column":24}},"17":{"start":{"line":74,"column":27},"end":{"line":93,"column":5}},"18":{"start":{"line":76,"column":30},"end":{"line":76,"column":58}},"19":{"start":{"line":77,"column":29},"end":{"line":81,"column":9}},"20":{"start":{"line":83,"column":8},"end":{"line":91,"column":10}},"21":{"start":{"line":84,"column":12},"end":{"line":90,"column":13}},"22":{"start":{"line":86,"column":33},"end":{"line":86,"column":57}},"23":{"start":{"line":87,"column":16},"end":{"line":87,"column":38}},"24":{"start":{"line":88,"column":16},"end":{"line":88,"column":66}},"25":{"start":{"line":89,"column":16},"end":{"line":89,"column":46}},"26":{"start":{"line":95,"column":4},"end":{"line":114,"column":16}},"27":{"start":{"line":134,"column":20},"end":{"line":204,"column":1}},"28":{"start":{"line":139,"column":8},"end":{"line":139,"column":24}},"29":{"start":{"line":141,"column":22},"end":{"line":141,"column":33}},"30":{"start":{"line":142,"column":44},"end":{"line":142,"column":62}},"31":{"start":{"line":143,"column":42},"end":{"line":143,"column":71}},"32":{"start":{"line":145,"column":31},"end":{"line":145,"column":66}},"33":{"start":{"line":145,"column":37},"end":{"line":145,"column":66}},"34":{"start":{"line":146,"column":36},"end":{"line":146,"column":57}},"35":{"start":{"line":147,"column":26},"end":{"line":147,"column":49}},"36":{"start":{"line":147,"column":31},"end":{"line":147,"column":49}},"37":{"start":{"line":148,"column":25},"end":{"line":148,"column":48}},"38":{"start":{"line":148,"column":31},"end":{"line":148,"column":48}},"39":{"start":{"line":150,"column":30},"end":{"line":159,"column":5}},"40":{"start":{"line":151,"column":8},"end":{"line":156,"column":9}},"41":{"start":{"line":152,"column":29},"end":{"line":152,"column":60}},"42":{"start":{"line":153,"column":12},"end":{"line":153,"column":35}},"43":{"start":{"line":154,"column":12},"end":{"line":154,"column":38}},"44":{"start":{"line":157,"column":8},"end":{"line":157,"column":54}},"45":{"start":{"line":158,"column":8},"end":{"line":158,"column":76}},"46":{"start":{"line":158,"column":23},"end":{"line":158,"column":68}},"47":{"start":{"line":160,"column":4},"end":{"line":183,"column":35}},"48":{"start":{"line":164,"column":32},"end":{"line":164,"column":51}},"49":{"start":{"line":165,"column":32},"end":{"line":165,"column":60}},"50":{"start":{"line":166,"column":11},"end":{"line":169,"column":12}},"51":{"start":{"line":167,"column":15},"end":{"line":167,"column":35}},"52":{"start":{"line":168,"column":15},"end":{"line":168,"column":22}},"53":{"start":{"line":170,"column":33},"end":{"line":170,"column":102}},"54":{"start":{"line":171,"column":11},"end":{"line":178,"column":13}},"55":{"start":{"line":171,"column":46},"end":{"line":171,"column":54}},"56":{"start":{"line":172,"column":15},"end":{"line":172,"column":
[...]
},"end":{"line":105,"column":9}},{"start":{"line":92,"column":8},"end":{"line":105,"column":9}}],"line":92},"23":{"loc":{"start":{"line":92,"column":12},"end":{"line":92,"column":34}},"type":"binary-expr","locations":[{"start":{"line":92,"column":12},"end":{"line":92,"column":18}},{"start":{"line":92,"column":22},"end":{"line":92,"column":34}}],"line":92},"24":{"loc":{"start":{"line":95,"column":13},"end":{"line":105,"column":9}},"type":"if","locations":[{"start":{"line":95,"column":13},"end":{"line":105,"column":9}},{"start":{"line":95,"column":13},"end":{"line":105,"column":9}}],"line":95},"25":{"loc":{"start":{"line":99,"column":11},"end":{"line":104,"column":12}},"type":"if","locations":[{"start":{"line":99,"column":11},"end":{"line":104,"column":12}},{"start":{"line":99,"column":11},"end":{"line":104,"column":12}}],"line":99},"26":{"loc":{"start":{"line":102,"column":17},"end":{"line":104,"column":12}},"type":"if","locations":[{"start":{"line":102,"column":17},"end":{"line":104,"column":12}},{"start":{"line":102,"column":17},"end":{"line":104,"column":12}}],"line":102},"27":{"loc":{"start":{"line":108,"column":4},"end":{"line":130,"column":5}},"type":"if","locations":[{"start":{"line":108,"column":4},"end":{"line":130,"column":5}},{"start":{"line":108,"column":4},"end":{"line":130,"column":5}}],"line":108},"28":{"loc":{"start":{"line":110,"column":8},"end":{"line":129,"column":9}},"type":"if","locations":[{"start":{"line":110,"column":8},"end":{"line":129,"column":9}},{"start":{"line":110,"column":8},"end":{"line":129,"column":9}}],"line":110},"29":{"loc":{"start":{"line":110,"column":11},"end":{"line":110,"column":32}},"type":"binary-expr","locations":[{"start":{"line":110,"column":11},"end":{"line":110,"column":17}},{"start":{"line":110,"column":21},"end":{"line":110,"column":32}}],"line":110},"30":{"loc":{"start":{"line":113,"column":13},"end":{"line":129,"column":9}},"type":"if","locations":[{"start":{"line":113,"column":13},"end":{"line":129,"column":9}},{"start":{"line":113,"column":13},"end":{"line":129,"column":9}}],"line":113},"31":{"loc":{"start":{"line":116,"column":12},"end":{"line":128,"column":13}},"type":"if","locations":[{"start":{"line":116,"column":12},"end":{"line":128,"column":13}},{"start":{"line":116,"column":12},"end":{"line":128,"column":13}}],"line":116},"32":{"loc":{"start":{"line":116,"column":15},"end":{"line":116,"column":86}},"type":"binary-expr","locations":[{"start":{"line":116,"column":15},"end":{"line":116,"column":27}},{"start":{"line":116,"column":31},"end":{"line":116,"column":86}}],"line":116},"33":{"loc":{"start":{"line":122,"column":16},"end":{"line":124,"column":17}},"type":"if","locations":[{"start":{"line":122,"column":16},"end":{"line":124,"column":17}},{"start":{"line":122,"column":16},"end":{"line":124,"column":17}}],"line":122},"34":{"loc":{"start":{"line":122,"column":19},"end":{"line":122,"column":86}},"type":"binary-expr","locations":[{"start":{"line":122,"column":19},"end":{"line":122,"column":38}},{"start":{"line":122,"column":43},"end":{"line":122,"column":64}},{"start":{"line":122,"column":68},"end":{"line":122,"column":85}}],"line":122},"35":{"loc":{"start":{"line":126,"column":17},"end":{"line":128,"column":13}},"type":"if","locations":[{"start":{"line":126,"column":17},"end":{"line":128,"column":13}},{"start":{"line":126,"column":17},"end":{"line":128,"column":13}}],"line":126}},"s":{"0":2,"1":41,"2":123,"3":30,"4":123,"5":123,"6":0,"7":0,"8":0,"9":0,"10":123,"11":123,"12":123,"13":123,"14":2,"15":3,"16":2,"17":6,"18":2,"19":0,"20":4,"21":0,"22":0,"23":0,"24":2,"25":2,"26":0,"27":2,"28":2,"29":0,"30":2,"31":2,"32":2,"33":0,"34":2,"35":0,"36":2,"37":0,"38":2,"39":2,"40":2,"41":2,"42":1,"43":1,"44":0,"45":0,"46":0,"47":0,"48":0,"49":2,"50":2,"51":4,"52":4,"53":4,"54":2,"55":2,"56":2,"57":0,"58":2,"59":0,"60":2,"61":1,"62":1,"63":0,"64":4,"65":2,"66":2,"67":0,"68":2,"69":0,"70":2,"71":2,"72":2,"73":2,"74":2,"75":2,"76":2,"77":1,"78":0,"79":0,"80":4,"81":2,"82":9,"83":9,"84":9,"85":9,"86":9,"87":9},"f":{"0":41,"1":123,"2":30,"3":0,"4":3,"5":6,"6":2,"7":2,"8":4,"9":9},"b":{"0":[123,0],"1":[123,123],"2":[0,123],"3":[123,0],"4":[0,0],"5":[111,12],"6":[3,3,3],"7":[2,0,4,0,0,0],"8":[0,2],"9":[0,2],"10":[0,2],"11":[2,2,2,2],"12":[0,2],"13":[2,2],"14":[0,2],"15":[2,2],"16":[1,1],"17":[2,2,2,1,1,1],"18":[0,1],"19":[0,0],"20":[0,0],"21":[2,2],"22":[0,2],"23":[2,2],"24":[0,2],"25":[1,1],"26":[0,1],"27":[2,2],"28":[0,2],"29":[2,2],"30":[0,2],"31":[2,0],"32":[2,2],"33":[1,1],"34":[2,1,0],"35":[0,0]},"_coverageSchema":"1a1c01bbd47fc00a2c39e90264f33305004495a9","hash":"3cbc308e544e7c7371b1c1b15f0b767eb075959b"}
,"C:\\asD\\_2020 SDE\\2020 Fall Columbia\\Adv SE\\4156-team-project\\frontend\\src\\utilities\\timer-utilities.js": {"path":"C:\\asD\\_2020 SDE\\2020 Fall Columbia\\Adv SE\\4156-team-project\\frontend\\src\\utilities\\timer-utilities.js","statementMap":{"0":{"start":{"line":4,"column":19},"end":{"line":15,"column":3}},"1":{"start":{"line":5,"column":15},"end":{"line":5,"column":55}},"2":{"start":{"line":6,"column":22},"end":{"line":6,"column":51}},"3":{"start":{"line":7,"column":30},"end":{"line":7,"column":63}},"4":{"start":{"line":8,"column":17},"end":{"line":8,"column":53}},"5":{"start":{"line":9,"column":4},"end":{"line":9,"column":43}},"6":{"start":{"line":9,"column":21},"end":{"line":9,"column":43}},"7":{"start":{"line":11,"column":17},"end":{"line":11,"column":49}},"8":{"start":{"line":12,"column":4},"end":{"line":12,"column":43}},"9":{"start":{"line":12,"column":21},"end":{"line":12,"column":43}},"10":{"start":{"line":14,"column":4},"end":{"line":14,"column":80}},"11":{"start":{"line":17,"column":22},"end":{"line":30,"column":3}},"12":{"start":{"line":18,"column":24},"end":{"line":18,"column":49}},"13":{"start":{"line":19,"column":20},"end":{"line":19,"column":21}},"14":{"start":{"line":20,"column":21},"end":{"line":20,"column":53}},"15":{"start":{"line":21,"column":5},"end":{"line":27,"column":6}},"16":{"start":{"line":22,"column":7},"end":{"line":24,"column":8}},"17":{"start":{"line":23,"column":11},"end":{"line":23,"column":21}},"18":{"start":{"line":25,"column":7},"end":{"line":25,"column":21}},"19":{"start":{"line":26,"column":7},"end":{"line":26,"column":73}},"20":{"start":{"line":28,"column":5},"end":{"line":28,"column":21}},"21":{"start":{"line":33,"column":18},"end":{"line":40,"column":3}},"22":{"start":{"line":34,"column":6},"end":{"line":36,"column":7}},"23":{"start":{"line":35,"column":10},"end":{"line":35,"column":23}},"24":{"start":{"line":37,"column":24},"end":{"line":37,"column":90}},"25":{"start":{"line":38,"column":24},"end":{"line":38,"column":88}},"26":{"start":{"line":39,"column":6},"end":{"line":39,"column":56}},"27":{"start":{"line":42,"column":22},"end":{"line":54,"column":3}},"28":{"start":{"line":45,"column":6},"end":{"line":47,"column":7}},"29":{"start":{"line":46,"column":8},"end":{"line":46,"column":17}},"30":{"start":{"line":49,"column":27},"end":{"line":49,"column":127}},"31":{"start":{"line":50,"column":28},"end":{"line":50,"column":96}},"32":{"start":{"line":51,"column":23},"end":{"line":51,"column":90}},"33":{"start":{"line":52,"column":6},"end":{"line":52,"column":35}},"34":{"start":{"line":58,"column":22},"end":{"line":64,"column":1}},"35":{"start":{"line":60,"column":27},"end":{"line":60,"column":65}},"36":{"start":{"line":61,"column":26},"end":{"line":61,"column":46}},"37":{"start":{"line":62,"column":23},"end":{"line":62,"column":61}},"38":{"start":{"line":63,"column":4},"end":{"line":63,"column":22}},"39":{"start":{"line":66,"column":19},"end":{"line":91,"column":1}},"40":{"start":{"line":68,"column":22},"end":{"line":68,"column":48}},"41":{"start":{"line":69,"column":4},"end":{"line":86,"column":5}},"42":{"start":{"line":70,"column":27},"end":{"line":70,"column":45}},"43":{"start":{"line":71,"column":21},"end":{"line":71,"column":44}},"44":{"start":{"line":72,"column":25},"end":{"line":72,"column":27}},"45":{"start":{"line":73,"column":6},"end":{"line":80,"column":9}},"46":{"start":{"line":73,"column":18},"end":{"line":73,"column":19}},"47":{"start":{"line":74,"column":10},"end":{"line":79,"column":11}},"48":{"start":{"line":75,"column":33},"end":{"line":75,"column":53}},"49":{"start":{"line":76,"column":14},"end":{"line":78,"column":15}},"50":{"start":{"line":77,"column":18},"end":{"line":77,"column":60}},"51":{"start":{"line":82,"column":8},"end":{"line":82,"column":51}},"52":{"start":{"line":83,"column":8},"end":{"line":85,"column":9}},"53":{"start":{"line":84,"column":11},"end":{"line":84,"column":28}},"54":{"start":{"line":88,"column":4},"end":{"line":88,"column":23}}},"fnMap":{"0":{"name":"(anonymous_0)","decl":{"start":{"line":4,"column":19},"end":{"line":4,"column":20}},"loc":{"start":{"line":4,"column":41},"end":{"line":15,"column":3}},"line":4},"1":{"name":"(anonymous_1)","decl":{"start":{"line":17,"column":22},"end":{"line":17,"column":23}},"loc":{"start":{"line":17,"column":32},"end":{"line":30,"column":3}},"line":17},"2":{"name":"(anonymous_2)","decl":{"start":{"line":33,"column":18},"end":{"line":33,"column":19}},"loc":{"start":{"line":33,"column":39},"end":{"line":40,"column":3}},"line":33},"3":{"name":"(anonymous_3)","decl":{"start":{"line":42,"column":22},"end":{"line":42,"column":23}},"loc":{"start":{"line":42,"column":52},"end":{"line":54,"column":3}},"line":42},"4":{"name":"(anonymous_4)","decl":{"start":{"line":58,"column":22},"end":{"line":58,"column":23}},"loc":{"start":{"line":58,"column":42},"end":{"line":64,"column":1}},"line":58},"5":{"name":"(anonymous_5)","decl":{"start":{"line":66,"column":19},"end":{"line":66,"column":20}},"loc":{"start":{"line":66,"column":37},"end":{"line":91,"column":1}},"line":66}},"branchMap":{"0":{"loc":{"start":{"line":6,"column":22},"end":{"line":6,"column":51}},"type":"cond-expr","locations":[{"start":{"line":6,"column":34},"end":{"line":6,"column":44}},{"start":{"line":6,"column":47},"end":{"line":6,"column":51}}],"line":6},"1":{"loc":{"start":{"line":9,"column":4},"end":{"line":9,"column":43}},"type":"if","locations":[{"start":{"line":9,"column":4},"end":{"line":9,"column":43}},{"start":{"line":9,"column":4},"end":{"line":9,"column":43}}],"line":9},"2":{"loc":{"start":{"line":12,"column":4},"end":{"line":12,"column":43}},"type":"if","locations":[{"start":{"line":12,"column":4},"end":{"line":12,"column":43}},{"start":{"line":12,"column":4},"end":{"line":12,"column":43}}],"line":12},"3":{"loc":{"start":{"line":14,"column":11},"end":{"line":14,"column":79}},"type":"cond-expr","locations":[{"start":{"line":14,"column":21},"end":{"line":14,"column":57}},{"start":{"line":14,"column":58},"end":{"line":14,"column":79}}],"line":14},"4":{"loc":{"start":{"line":22,"column":7},"end":{"line":24,"column":8}},"type":"if","locations":[{"start":{"line":22,"column":7},"end":{"line":24,"column":8}},{"start":{"line":22,"column":7},"end":{"line":24,"column":8}}],"line":22},"5":{"loc":{"start":{"line":34,"column":6},"end":{"line":36,"column":7}},"type":"if","locations":[{"start":{"line":34,"column":6},"end":{"line":36,"column":7}},{"start":{"line":34,"column":6},"end":{"line":36,"column":7}}],"line":34},"6":{"loc":{"start":{"line":45,"column":6},"end":{"line":47,"column":7}},"type":"if","locations":[{"start":{"line":45,"column":6},"end":{"line":47,"column":7}},{"start":{"line":45,"column":6},"end":{"line":47,"column":7}}],"line":45},"7":{"loc":{"start":{"line":45,"column":10},"end":{"line":45,"column":48}},"type":"binary-expr","locations":[{"start":{"line":45,"column":10},"end":{"line":45,"column":22}},{"start":{"line":45,"column":26},"end":{"line":45,"column":48}}],"line":45},"8":{"loc":{"start":{"line":49,"column":98},"end":{"line":49,"column":126}},"type":"cond-expr","locations":[{"start":{"line":49,"column":107},"end":{"line":49,"column":122}},{"start":{"line":49,"column":125},"end":{"line":49,"column":126}}],"line":49},"9":{"loc":{"start":{"line":69,"column":4},"end":{"line":86,"column":5}},"type":"if","locations":[{"start":{"line":69,"column":4},"end":{"line":86,"column":5}},{"start":{"line":69,"column":4},"end":{"line":86,"column":5}}],"line":69},"10":{"loc":{"start":{"line":74,"column":10},"end":{"line":79,"column":11}},"type":"if","locations":[{"start":{"line":74,"column":10},"end":{"line":79,"column":11}},{"start":{"line":74,"column":10},"end":{"line":79,"column":11}}],"line":74},"11":{"loc":{"start":{"line":76,"column":14},"end":{"line":78,"column":15}},"type":"if","locations":[{"start":{"line":76,"column":14},"end":{"line":78,"column":15}},{"start":{"line":76,"column":14},"end":{"line":78,"column":15}}],"line":76},"12":{"loc":{"start":{"line":83,"column":8},"end":{"line":85,"column":9}},"type":"if","locations":[{"start":{"line":83,"column":8},"end":{"line":85,"column":9}},{"start":{"line":83,"column":8},"end":{"line":85,"column":9}}],"line":83}},"s":{"0":0,"1":0,"2":0,"3":0,"4":0,"5":0,"6":0,"7":0,"8":0,"9":0,"10":0,"11":0,"12":0,"13":0,"14":0,"15":0,"16":0,"17":0,"18":0,"19":0,"20":0,"21":0,"22":0,"23":0,"24":0,"25":0,"26":0,"27":0,"28":0,"29":0,"30":0,"31":0,"32":0,"33":0,"34":0,"35":0,"36":0,"37":0,"38":0,"39":0,"40":0,"41":0,"42":0,"43":0,"44":0,"45":0,"46":0,"47":0,"48":0,"49":0,"50":0,"51":0,"52":0,"53":0,"54":0},"f":{"0":0,"1":0,"2":0,"3":0,"4":0,"5":0},"b":{"0":[0,0],"1":[0,0],"2":[0,0],"3":[0,0],"4":[0,0],"5":[0,0],"6":[0,0],"7":[0,0],"8":[0,0],"9":[0,0],"10":[0,0],"11":[0,0],"12":[0,0]}}
,"C:\\asD\\_2020 SDE\\2020 Fall Columbia\\Adv SE\\4156-team-project\\frontend\\src\\utilities\\utilities.js": {"path":"C:\\asD\\_2020 SDE\\2020 Fall Columbia\\Adv SE\\4156-team-project\\frontend\\src\\utilities\\utilities.js","statementMap":{"0":{"start":{"line":1,"column":24},"end":{"line":3,"column":1}},"1":{"start":{"line":2,"column":4},"end":{"line":2,"column":45}},"2":{"start":{"line":4,"column":19},"end":{"line":8,"column":1}},"3":{"start":{"line":5,"column":21},"end":{"line":5,"column":55}},"4":{"start":{"line":6,"column":20},"end":{"line":6,"column":51}},"5":{"start":{"line":7,"column":4},"end":{"line":7,"column":58}},"6":{"start":{"line":10,"column":19},"end":{"line":14,"column":1}},"7":{"start":{"line":11,"column":20},"end":{"line":11,"column":52}},"8":{"start":{"line":12,"column":19},"end":{"line":12,"column":53}},"9":{"start":{"line":13,"column":4},"end":{"line":13,"column":34}},"10":{"start":{"line":16,"column":26},"end":{"line":18,"column":1}},"11":{"start":{"line":17,"column":4},"end":{"line":17,"column":53}},"12":{"start":{"line":20,"column":20},"end":{"line":24,"column":1}},"13":{"start":{"line":21,"column":20},"end":{"line":21,"column":34}},"14":{"start":{"line":23,"column":4},"end":{"line":23,"column":20}},"15":{"start":{"line":26,"column":18},"end":{"line":26,"column":74}},"16":{"start":{"line":26,"column":28},"end":{"line":26,"column":73}},"17":{"start":{"line":27,"column":19},"end":{"line":27,"column":136}},"18":{"start":{"line":27,"column":31},"end":{"line":27,"column":135}},"19":{"start":{"line":29,"column":25},"end":{"line":29,"column":143}},"20":{"start":{"line":29,"column":42},"end":{"line":29,"column":142}},"21":{"start":{"line":29,"column":72},"end":{"line":29,"column":125}},"22":{"start":{"line":31,"column":22},"end":{"line":45,"column":1}},"23":{"start":{"line":34,"column":21},"end":{"line":34,"column":62}},"24":{"start":{"line":35,"column":24},"end":{"line":35,"column":47}},"25":{"start":{"line":36,"column":25},"end":{"line":42,"column":9}},"26":{"start":{"line":44,"column":8},"end":{"line":44,"column":26}},"27":{"start":{"line":47,"column":26},"end":{"line":47,"column":29}},"28":{"start":{"line":48,"column":27},"end":{"line":48,"column":32}},"29":{"start":{"line":50,"column":34},"end":{"line":64,"column":1}},"30":{"start":{"line":51,"column":4},"end":{"line":56,"column":5}},"31":{"start":{"line":52,"column":8},"end":{"line":54,"column":9}},"32":{"start":{"line":53,"column":12},"end":{"line":53,"column":53}},"33":{"start":{"line":55,"column":8},"end":{"line":55,"column":21}},"34":{"start":{"line":57,"column":4},"end":{"line":62,"column":5}},"35":{"start":{"line":58,"column":8},"end":{"line":60,"column":9}},"36":{"start":{"line":59,"column":12},"end":{"line":59,"column":38}},"37":{"start":{"line":61,"column":8},"end":{"line":61,"column":21}},"38":{"start":{"line":63,"column":4},"end":{"line":63,"column":17}}},"fnMap":{"0":{"name":"(anonymous_0)","decl":{"start":{"line":1,"column":24},"end":{"line":1,"column":25}},"loc":{"start":{"line":1,"column":33},"end":{"line":3,"column":1}},"line":1},"1":{"name":"(anonymous_1)","decl":{"start":{"line":4,"column":19},"end":{"line":4,"column":20}},"loc":{"start":{"line":4,"column":29},"end":{"line":8,"column":1}},"line":4},"2":{"name":"(anonymous_2)","decl":{"start":{"line":10,"column":19},"end":{"line":10,"column":20}},"loc":{"start":{"line":10,"column":29},"end":{"line":14,"column":1}},"line":10},"3":{"name":"(anonymous_3)","decl":{"start":{"line":16,"column":26},"end":{"line":16,"column":27}},"loc":{"start":{"line":16,"column":36},"end":{"line":18,"column":1}},"line":16},"4":{"name":"(anonymous_4)","decl":{"start":{"line":20,"column":20},"end":{"line":20,"column":21}},"loc":{"start":{"line":20,"column":29},"end":{"line":24,"column":1}},"line":20},"5":{"name":"(anonymous_5)","decl":{"start":{"line":26,"column":18},"end":{"line":26,"column":19}},"loc":{"start":{"line":26,"column":28},"end":{"line":26,"column":73}},"line":26},"6":{"name":"(anonymous_6)","decl":{"start":{"line":27,"column":19},"end":{"line":27,"column":20}},"loc":{"start":{"line":27,"column":31},"end":{"line":27,"column":135}},"line":27},"7":{"name":"(anonymous_7)","decl":{"start":{"line":29,"column":25},"end":{"line":29,"column":26}},"loc":{"start":{"line":29,"column":40},"end":{"line":29,"column":143}},"line":29},"8":{"name":"(anonymous_8)","decl":{"start":{"line":29,"column":66},"end":{"line":29,"column":67}},"loc":{"start":{"line":29,"column":72},"end":{"line":29,"column":125}},"line":29},"9":{"name":"(anonymous_9)","decl":{"start":{"line":31,"column":22},"end":{"line":31,"column":23}},"loc":{"start":{"line":31,"column":38},"end":{"line":45,"column":1}},"line":31},"10":{"name":"(anonymous_10)","decl":{"start":{"line":50,"column":34},"end":{"line":50,"column":35}},"loc":{"start":{"line":50,"column":45},"end":{"line":64,"column":1}},"line":50}},"branchMap":{"0":{"loc":{"start":{"line":2,"column":11},"end":{"line":2,"column":44}},"type":"cond-expr","locations":[{"start":{"line":2,"column":22},"end":{"line":2,"column":31}},{"start":{"line":2,"column":33},"end":{"line":2,"column":44}}],"line":2},"1":{"loc":{"start":{"line":51,"column":4},"end":{"line":56,"column":5}},"type":"if","locations":[{"start":{"line":51,"column":4},"end":{"line":56,"column":5}},{"start":{"line":51,"column":4},"end":{"line":56,"column":5}}],"line":51},"2":{"loc":{"start":{"line":52,"column":8},"end":{"line":54,"column":9}},"type":"if","locations":[{"start":{"line":52,"column":8},"end":{"line":54,"column":9}},{"start":{"line":52,"column":8},"end":{"line":54,"column":9}}],"line":52},"3":{"loc":{"start":{"line":57,"column":4},"end":{"line":62,"column":5}},"type":"if","locations":[{"start":{"line":57,"column":4},"end":{"line":62,"column":5}},{"start":{"line":57,"column":4},"end":{"line":62,"column":5}}],"line":57},"4":{"loc":{"start":{"line":58,"column":8},"end":{"line":60,"column":9}},"type":"if","locations":[{"start":{"line":58,"column":8},"end":{"line":60,"column":9}},{"start":{"line":58,"column":8},"end":{"line":60,"column":9}}],"line":58}},"s":{"0":4,"1":590,"2":4,"3":149,"4":149,"5":149,"6":4,"7":146,"8":146,"9":146,"10":4,"11":68,"12":4,"13":0,"14":0,"15":4,"16":0,"17":4,"18":0,"19":4,"20":0,"21":0,"22":4,"23":4,"24":4,"25":4,"26":4,"27":4,"28":4,"29":4,"30":6,"31":6,"32":1,"33":5,"34":0,"35":0,"36":0,"37":0,"38":0},"f":{"0":590,"1":149,"2":146,"3":68,"4":0,"5":0,"6":0,"7":0,"8":0,"9":4,"10":6},"b":{"0":[137,453],"1":[6,0],"2":[1,5],"3":[0,0],"4":[0,0]},"_coverageSchema":"1a1c01bbd47fc00a2c39e90264f33305004495a9","hash":"3fd68e55b5f9b0ce528eced4ce2ffed1d7eaa5e9"}
}
