{"C:\\asD\\_2020 SDE\\2020 Fall Columbia\\Adv SE\\4156-team-project\\frontend\\src\\components\\taskList\\edit-task-div.js": {"path":"C:\\asD\\_2020 SDE\\2020 Fall Columbia\\Adv SE\\4156-team-project\\frontend\\src\\components\\taskList\\edit-task-div.js","statementMap":{"0":{"start":{"line":5,"column":20},"end":{"line":32,"column":4}},"1":{"start":{"line":6,"column":43},"end":{"line":6,"column":48}},"2":{"start":{"line":7,"column":33},"end":{"line":7,"column":49}},"3":{"start":{"line":8,"column":30},"end":{"line":8,"column":33}},"4":{"start":{"line":9,"column":36},"end":{"line":9,"column":62}},"5":{"start":{"line":10,"column":25},"end":{"line":11,"column":69}},"6":{"start":{"line":10,"column":32},"end":{"line":11,"column":69}},"7":{"start":{"line":12,"column":25},"end":{"line":20,"column":5}},"8":{"start":{"line":13,"column":24},"end":{"line":17,"column":9}},"9":{"start":{"line":18,"column":8},"end":{"line":18,"column":41}},"10":{"start":{"line":19,"column":8},"end":{"line":19,"column":27}},"11":{"start":{"line":21,"column":5},"end":{"line":31,"column":15}}},"fnMap":{"0":{"name":"(anonymous_0)","decl":{"start":{"line":5,"column":20},"end":{"line":5,"column":21}},"loc":{"start":{"line":5,"column":29},"end":{"line":32,"column":4}},"line":5},"1":{"name":"(anonymous_1)","decl":{"start":{"line":10,"column":25},"end":{"line":10,"column":26}},"loc":{"start":{"line":10,"column":32},"end":{"line":11,"column":69}},"line":10},"2":{"name":"(anonymous_2)","decl":{"start":{"line":12,"column":25},"end":{"line":12,"column":26}},"loc":{"start":{"line":12,"column":31},"end":{"line":20,"column":5}},"line":12}},"branchMap":{"0":{"loc":{"start":{"line":10,"column":44},"end":{"line":11,"column":68}},"type":"cond-expr","locations":[{"start":{"line":11,"column":9},"end":{"line":11,"column":52}},{"start":{"line":11,"column":54},"end":{"line":11,"column":68}}],"line":10}},"s":{"0":1,"1":9,"2":9,"3":9,"4":9,"5":9,"6":3,"7":9,"8":1,"9":1,"10":1,"11":9},"f":{"0":9,"1":3,"2":1},"b":{"0":[1,2]},"_coverageSchema":"1a1c01bbd47fc00a2c39e90264f33305004495a9","hash":"882445f3a588a40f694237fda8c9b208212fde46"}
,"C:\\asD\\_2020 SDE\\2020 Fall Columbia\\Adv SE\\4156-team-project\\frontend\\src\\components\\taskList\\new-tasklist-card.js": {"path":"C:\\asD\\_2020 SDE\\2020 Fall Columbia\\Adv SE\\4156-team-project\\frontend\\src\\components\\taskList\\new-tasklist-card.js","statementMap":{"0":{"start":{"line":6,"column":25},"end":{"line":50,"column":1}},"1":{"start":{"line":7,"column":35},"end":{"line":7,"column":40}},"2":{"start":{"line":8,"column":44},"end":{"line":8,"column":74}},"3":{"start":{"line":9,"column":30},"end":{"line":9,"column":33}},"4":{"start":{"line":12,"column":5},"end":{"line":12,"column":21}},"5":{"start":{"line":13,"column":26},"end":{"line":14,"column":68}},"6":{"start":{"line":13,"column":33},"end":{"line":14,"column":68}},"7":{"start":{"line":15,"column":26},"end":{"line":21,"column":2}},"8":{"start":{"line":16,"column":24},"end":{"line":18,"column":9}},"9":{"start":{"line":19,"column":8},"end":{"line":19,"column":45}},"10":{"start":{"line":20,"column":8},"end":{"line":20,"column":31}},"11":{"start":{"line":22,"column":4},"end":{"line":49,"column":12}}},"fnMap":{"0":{"name":"(anonymous_0)","decl":{"start":{"line":6,"column":25},"end":{"line":6,"column":26}},"loc":{"start":{"line":6,"column":34},"end":{"line":50,"column":1}},"line":6},"1":{"name":"(anonymous_1)","decl":{"start":{"line":13,"column":26},"end":{"line":13,"column":27}},"loc":{"start":{"line":13,"column":33},"end":{"line":14,"column":68}},"line":13},"2":{"name":"(anonymous_2)","decl":{"start":{"line":15,"column":26},"end":{"line":15,"column":27}},"loc":{"start":{"line":15,"column":32},"end":{"line":21,"column":2}},"line":15}},"branchMap":{"0":{"loc":{"start":{"line":13,"column":49},"end":{"line":14,"column":67}},"type":"cond-expr","locations":[{"start":{"line":14,"column":8},"end":{"line":14,"column":51}},{"start":{"line":14,"column":53},"end":{"line":14,"column":67}}],"line":13}},"s":{"0":1,"1":9,"2":9,"3":9,"4":9,"5":9,"6":3,"7":9,"8":1,"9":1,"10":1,"11":9},"f":{"0":9,"1":3,"2":1},"b":{"0":[1,2]},"_coverageSchema":"1a1c01bbd47fc00a2c39e90264f33305004495a9","hash":"0553fd7b406b378fe2088c0fc028dc83ead1ff26"}
,"C:\\asD\\_2020 SDE\\2020 Fall Columbia\\Adv SE\\4156-team-project\\frontend\\src\\components\\taskList\\task-div.js": {"path":"C:\\asD\\_2020 SDE\\2020 Fall Columbia\\Adv SE\\4156-team-project\\frontend\\src\\components\\taskList\\task-div.js","statementMap":{"0":{"start":{"line":6,"column":16},"end":{"line":37,"column":1}},"1":{"start":{"line":7,"column":29},"end":{"line":7,"column":34}},"2":{"start":{"line":11,"column":9},"end":{"line":11,"column":25}},"3":{"start":{"line":12,"column":34},"end":{"line":12,"column":61}},"4":{"start":{"line":14,"column":26},"end":{"line":20,"column":5}},"5":{"start":{"line":15,"column":24},"end":{"line":15,"column":47}},"6":{"start":{"line":16,"column":27},"end":{"line":16,"column":38}},"7":{"start":{"line":17,"column":8},"end":{"line":17,"column":36}},"8":{"start":{"line":18,"column":8},"end":{"line":18,"column":40}},"9":{"start":{"line":19,"column":8},"end":{"line":19,"column":31}},"10":{"start":{"line":21,"column":23},"end":{"line":24,"column":5}},"11":{"start":{"line":22,"column":28},"end":{"line":22,"column":51}},"12":{"start":{"line":23,"column":8},"end":{"line":23,"column":38}},"13":{"start":{"line":26,"column":22},"end":{"line":26,"column":72}},"14":{"start":{"line":27,"column":4},"end":{"line":36,"column":17}}},"fnMap":{"0":{"name":"(anonymous_0)","decl":{"start":{"line":6,"column":16},"end":{"line":6,"column":17}},"loc":{"start":{"line":6,"column":25},"end":{"line":37,"column":1}},"line":6},"1":{"name":"(anonymous_1)","decl":{"start":{"line":14,"column":26},"end":{"line":14,"column":27}},"loc":{"start":{"line":14,"column":31},"end":{"line":20,"column":5}},"line":14},"2":{"name":"(anonymous_2)","decl":{"start":{"line":21,"column":23},"end":{"line":21,"column":24}},"loc":{"start":{"line":21,"column":28},"end":{"line":24,"column":5}},"line":21}},"branchMap":{"0":{"loc":{"start":{"line":26,"column":22},"end":{"line":26,"column":72}},"type":"cond-expr","locations":[{"start":{"line":26,"column":32},"end":{"line":26,"column":54}},{"start":{"line":26,"column":56},"end":{"line":26,"column":72}}],"line":26},"1":{"loc":{"start":{"line":33,"column":9},"end":{"line":33,"column":138}},"type":"cond-expr","locations":[{"start":{"line":33,"column":19},"end":{"line":33,"column":21}},{"start":{"line":33,"column":25},"end":{"line":33,"column":138}}],"line":33}},"s":{"0":1,"1":6,"2":6,"3":6,"4":6,"5":1,"6":1,"7":1,"8":1,"9":1,"10":6,"11":1,"12":1,"13":6,"14":6},"f":{"0":6,"1":1,"2":1},"b":{"0":[2,4],"1":[1,5]},"_coverageSchema":"1a1c01bbd47fc00a2c39e90264f33305004495a9","hash":"a0fc645042c536a5dbd072f4414f68d15d316d3c"}
,"C:\\asD\\_2020 SDE\\2020 Fall Columbia\\Adv SE\\4156-team-project\\frontend\\src\\context\\data-context.js": {"path":"C:\\asD\\_2020 SDE\\2020 Fall Columbia\\Adv SE\\4156-team-project\\frontend\\src\\context\\data-context.js","statementMap":{"0":{"start":{"line":6,"column":27},"end":{"line":6,"column":48}},"1":{"start":{"line":9,"column":18},"end":{"line":9,"column":74}},"2":{"start":{"line":9,"column":28},"end":{"line":9,"column":73}},"3":{"start":{"line":10,"column":19},"end":{"line":10,"column":136}},"4":{"start":{"line":10,"column":31},"end":{"line":10,"column":135}},"5":{"start":{"line":12,"column":25},"end":{"line":12,"column":142}},"6":{"start":{"line":12,"column":41},"end":{"line":12,"column":141}},"7":{"start":{"line":12,"column":71},"end":{"line":12,"column":124}},"8":{"start":{"line":15,"column":35},"end":{"line":320,"column":1}},"9":{"start":{"line":16,"column":38},"end":{"line":16,"column":56}},"10":{"start":{"line":17,"column":30},"end":{"line":17,"column":48}},"11":{"start":{"line":18,"column":38},"end":{"line":18,"column":56}},"12":{"start":{"line":19,"column":36},"end":{"line":19,"column":54}},"13":{"start":{"line":21,"column":34},"end":{"line":21,"column":55}},"14":{"start":{"line":22,"column":35},"end":{"line":22,"column":71}},"15":{"start":{"line":23,"column":48},"end":{"line":23,"column":66}},"16":{"start":{"line":26,"column":37},"end":{"line":26,"column":52}},"17":{"start":{"line":27,"column":19},"end":{"line":27,"column":56}},"18":{"start":{"line":29,"column":4},"end":{"line":62,"column":15}},"19":{"start":{"line":30,"column":4},"end":{"line":30,"column":21}},"20":{"start":{"line":33,"column":37},"end":{"line":33,"column":82}},"21":{"start":{"line":34,"column":36},"end":{"line":34,"column":74}},"22":{"start":{"line":36,"column":41},"end":{"line":36,"column":83}},"23":{"start":{"line":38,"column":25},"end":{"line":38,"column":81}},"24":{"start":{"line":39,"column":29},"end":{"line":44,"column":15}},"25":{"start":{"line":39,"column":43},"end":{"line":44,"column":14}},"26":{"start":{"line":40,"column":16},"end":{"line":42,"column":17}},"27":{"start":{"line":41,"column":20},"end":{"line":41,"column":35}},"28":{"start":{"line":43,"column":16},"end":{"line":43,"column":35}},"29":{"start":{"line":46,"column":12},"end":{"line":57,"column":13}},"30":{"start":{"line":47,"column":16},"end":{"line":54,"column":18}},"31":{"start":{"line":48,"column":20},"end":{"line":48,"column":37}},"32":{"start":{"line":49,"column":35},"end":{"line":49,"column":65}},"33":{"start":{"line":50,"column":20},"end":{"line":50,"column":64}},"34":{"start":{"line":51,"column":20},"end":{"line":51,"column":41}},"35":{"start":{"line":52,"column":20},"end":{"line":52,"column":45}},"36":{"start":{"line":53,"column":20},"end":{"line":53,"column":49}},"37":{"start":{"line":56,"column":16},"end":{"line":56,"column":31}},"38":{"start":{"line":58,"column":12},"end":{"line":58,"column":30}},"39":{"start":{"line":61,"column":7},"end":{"line":61,"column":19}},"40":{"start":{"line":64,"column":30},"end":{"line":97,"column":5}},"41":{"start":{"line":67,"column":24},"end":{"line":67,"column":34}},"42":{"start":{"line":68,"column":34},"end":{"line":68,"column":61}},"43":{"start":{"line":70,"column":8},"end":{"line":76,"column":9}},"44":{"start":{"line":71,"column":29},"end":{"line":71,"column":86}},"45":{"start":{"line":72,"column":28},"end":{"line":72,"column":95}},"46":{"start":{"line":73,"column":12},"end":{"line":75,"column":13}},"47":{"start":{"line":74,"column":16},"end":{"line":74,"column":32}},"48":{"start":{"line":78,"column":8},"end":{"line":93,"column":9}},"49":{"start":{"line":81,"column":31},"end":{"line":81,"column":70}},"50":{"start":{"line":82,"column":12},"end":{"line":82,"column":36}},"51":{"start":{"line":83,"column":34},"end":{"line":83,"column":64}},"52":{"start":{"line":84,"column":31},"end":{"line":84,"column":74}},"53":{"start":{"line":90,"column":12},"end":{"line":92,"column":13}},"54":{"start":{"line":91,"column":16},"end":{"line":91,"column":40}},"55":{"start":{"line":95,"column":8},"end":{"line":95,"column":45}},"56":{"start":{"line":100,"column":4},"end":{"line":107,"column":20}},"57":{"start":{"line":101,"column":29},"end":{"line":101,"column":34}},"58":{"start":{"line":102,"column":25},"end":{"line":104,"column":24}},"59":{"start":{"line":103,"column":10},"end":{"line":103,"column":47}},"60":{"start":{"line":103,"column":27},"end":{"line":103,"column":46}},"61":{"start":{"line":105,"column":8},"end":{"line":105,"column":54}},"62":{"start":{"line":106,"column":8},"end":{"line":106,"column":43}},"63":{"start":{"line":106,"column":19},"end":{"line":106,"column":42}},"64":{"start":{"line":110,"column":4},"end":{"line":113,"column":28}},"65":{"start":{"line":112,"column":6},"end":{"line":112,"column":26}},"66":{"start":{"line":115,"column":33},"end":{"line":133,"column":5}},"67":{"start":{"line":116,"column":31},"end":{"line":131,"column":9}},"68":{"start":{"line":117,"column":29},"end":{"line":117,"column":39}},"69":{"start":{"line":118,"column":22},"end":{"line":118,"column":24}},"70":{"start":{"line":119,"column":12},"end":{"line":121,"column":13}},"71":{"start":{"line":120,"column":16},"end":{"line":120,"column":84}},"72":{"start":{"line":120,"column":47},"end":{"line":120,"column":82}},"73":{"start":{"line":122,"column":12},"end":{"line":126,"column":13}},"74":{"start":{"line":123,"column":16},"end":{"line":123,"column":40}},"75":{"start":{"line":125,"column":16},"end":{"line":125,"column":41}},"76":{"start":{"line":128,"column":12},"end":{"line":128,"column":84}},"77":{"start":{"line":128,"column":36},"end":{"line":128,"column":81}},"78":{"start":{"line":130,"column":12},"end":{"line":130,"column":28}},"79":{"start":{"line":132,"column":8},"end":{"line":132,"column":37}},"80":{"start":{"line":135,"column":30},"end":{"line":150,"column":5}},"81":{"start":{"line":137,"column":8},"end":{"line":137,"column":34}},"82":{"start":{"line":138,"column":22},"end":{"line":138,"column":34}},"83":{"start":{"line":139,"column":22},"end":{"line":139,"column":92}},"84":{"start":{"line":140,"column":23},"end":{"line":140,"column":44}},"85":{"start":{"line":141,"column":8},"end":{"line":147,"column":10}},"86":{"start":{"line":142,"column":12},"end":{"line":142,"column":45}},"87":{"start":{"line":143,"column":12},"end":{"line":146,"column":13}},"88":{"start":{"line":144,"column":16},"end":{"line":144,"column":38}},"89":{"start":{"line":145,"column":16},"end":{"line":145,"column":67}},"90":{"start":{"line":149,"column":8},"end":{"line":149,"column":23}},"91":{"start":{"line":153,"column":30},"end":{"line":186,"column":5}},"92":{"start":{"line":155,"column":31},"end":{"line":161,"column":10}},"93":{"start":{"line":156,"column":24},"end":{"line":158,"column":90}},"94":{"start":{"line":160,"column":12},"end":{"line":160,"column":37}},"95":{"start":{"line":164,"column":8},"end":{"line":184,"column":10}},"96":{"start":{"line":166,"column":30},"end":{"line":175,"column":18}},"97":{"start":{"line":167,"column":16},"end":{"line":173,"column":17}},"98":{"start":{"line":168,"column":20},"end":{"line":172,"column":21}},"99":{"start":{"line":169,"column":24},"end":{"line":169,"column":52}},"100":{"start":{"line":171,"column":24},"end":{"line":171,"column":47}},"101":{"start":{"line":174,"column":16},"end":{"line":174,"column":27}},"102":{"start":{"line":177,"column":12},"end":{"line":183,"column":14}},"103":{"start":{"line":178,"column":33},"end":{"line":181,"column":18}},"104":{"start":{"line":179,"column":32},"end":{"line":179,"column":101}},"105":{"start":{"line":179,"column":63},"end":{"line":179,"column":99}},"106":{"start":{"line":180,"column":20},"end":{"line":180,"column":38}},"107":{"start":{"line":182,"column":16},"end":{"line":182,"column":32}},"108":{"start":{"line":188,"column":29},"end":{"line":214,"column":5}},"109":{"start":{"line":189,"column":8},"end":{"line":189,"column":33}},"110":{"start":{"line":190,"column":8},"end":{"line":192,"column":9}},"111":{"start":{"line":191,"column":12},"end":{"line":191,"column":39}},"112":{"start":{"line":193,"column":22},"end":{"line":193,"column":86}},"113":{"start":{"line":194,"column":23},"end":{"line":194,"column":44}},"114":{"start":{"line":195,"column":8},"end":{"line":213,"column":10}},"115":{"start":{"line":196,"column":12},"end":{"line":196,"column":46}},"116":{"start":{"line":197,"column":9},"end":{"line":212,"column":10}},"117":{"start":{"line":198,"column":13},"end":{"line":198,"column":29}},"118":{"start":{"line":199,"column":13},"end":{"line":211,"column":16}},"119":{"start":{"line":200,"column":34},"end":{"line":200,"column":44}},"120":{"start":{"line":201,"column":27},"end":{"line":201,"column":29}},"121":{"start":{"line":202,"column":17},"end":{"line":204,"column":18}},"122":{"start":{"line":203,"column":19},"end":{"line":203,"column":93}},"123":{"start":{"line":203,"column":51},"end":{"line":203,"column":90}},"124":{"start":{"line":205,"column":17},"end":{"line":209,"column":18}},"125":{"start":{"line":206,"column":20},"end":{"line":206,"column":44}},"126":{"start":{"line":208,"column":21},"end":{"line":208,"column":46}},"127":{"start":{"line":210,"column":17},"end":{"line":210,"column":33}},"128":{"start":{"line":216,"column":37},"end":{"line":229,"column":5}},"129":{"start":{"line":218,"column":35},"end":{"line":218,"column":98}},"130":{"start":{"line":220,"column":27},"end":{"line":220,"column":29}},"131":{"start":{"line":221,"column":8},"end":{"line":227,"column":14}},"132":{"start":{"line":221,"column":48},"end":{"line":221,"column":56}},"133":{"start":{"line":223,"column":16},"end":{"line":225,"column":17}},"134":{"start":{"line":224,"column":20},"end":{"line":224,"column":44}},"135":{"start":{"line":226,"column":16},"end":{"line":226,"column":33}},"136":{"start":{"line":228,"column":8},"end":{"line":228,"column":28}},"137":{"start":{"line":231,"column":29},"end":{"line":248,"column":5}},"138":{"start":{"line":232,"column":8},"end":{"line":232,"column":33}},"139":{"start":{"line":233,"column":22},"end":{"line":233,"column":58}},"140":{"start":{"line":234,"column":23},"end":{"line":234,"column":31}},"141":{"start":{"line":235,"column":8},"end":{"line":247,"column":10}},"142":{"start":{"line":236,"column":12},"end":{"line":236,"column":46}},"143":{"start":{"line":237,"column":9},"end":{"line":246,"column":10}},"144":{"start":{"line":238,"column":13},"end":{"line":245,"column":16}},"145":{"start":{"line":240,"column":27},"end":{"line":240,"column":29}},"146":{"start":{"line":241,"column":17},"end":{"line":241,"column":88}},"147":{"start":{"line":241,"column":46},"end":{"line":241,"column":85}},"148":{"start":{"line":242,"column":17},"end":{"line":242,"column":36}},"149":{"start":{"line":243,"column":34},"end":{"line":243,"column":49}},"150":{"start":{"line":244,"column":17},"end":{"line":244,"column":33}},"151":{"start":{"line":250,"column":33},"end":{"line":266,"column":5}},"152":{"start":{"line":251,"column":8},"end":{"line":251,"column":37}},"153":{"start":{"line":252,"column":22},"end":{"line":252,"column":66}},"154":{"start":{"line":253,"column":23},"end":{"line":253,"column":31}},"155":{"start":{"line":254,"column":8},"end":{"line":265,"column":10}},"156":{"start":{"line":255,"column":12},"end":{"line":255,"column":46}},"157":{"start":{"line":256,"column":9},"end":{"line":264,"column":10}},"158":{"start":{"line":257,"column":13},"end":{"line":263,"column":16}},"159":{"start":{"line":258,"column":27},"end":{"line":258,"column":29}},"160":{"start":{"line":259,"column":17},"end":{"line":259,"column":92}},"161":{"start":{"line":259,"column":46},"end":{"line":259,"column":89}},"162":{"start":{"line":260,"column":17},"end":{"line":260,"column":36}},"163":{"start":{"line":261,"column":34},"end":{"line":261,"column":49}},"164":{"start":{"line":262,"column":17},"end":{"line":262,"column":33}},"165":{"start":{"line":268,"column":33},"end":{"line":291,"column":5}},"166":{"start":{"line":269,"column":8},"end":{"line":269,"column":37}},"167":{"start":{"line":270,"column":22},"end":{"line":270,"column":98}},"168":{"start":{"line":271,"column":23},"end":{"line":271,"column":44}},"169":{"start":{"line":272,"column":8},"end":{"line":290,"column":10}},"170":{"start":{"line":274,"column":8},"end":{"line":289,"column":13}},"171":{"start":{"line":275,"column":12},"end":{"line":288,"column":19}},"172":{"start":{"line":277,"column":33},"end":{"line":277,"column":48}},"173":{"start":{"line":278,"column":26},"end":{"line":278,"column":28}},"174":{"start":{"line":279,"column":16},"end":{"line":281,"column":17}},"175":{"start":{"line":280,"column":16},"end":{"line":280,"column":94}},"176":{"start":{"line":280,"column":48},"end":{"line":280,"column":91}},"177":{"start":{"line":282,"column":16},"end":{"line":286,"column":17}},"178":{"start":{"line":283,"column":20},"end":{"line":283,"column":44}},"179":{"start":{"line":285,"column":20},"end":{"line":285,"column":45}},"180":{"start":{"line":287,"column":16},"end":{"line":287,"column":32}},"181":{"start":{"line":294,"column":25},"end":{"line":297,"column":5}},"182":{"start":{"line":295,"column":28},"end":{"line":295,"column":87}},"183":{"start":{"line":295,"column":50},"end":{"line":295,"column":86}},"184":{"start":{"line":296,"column":8},"end":{"line":296,"column":27}},"185":{"start":{"line":300,"column":4},"end":{"line":319,"column":28}},"186":{"start":{"line":322,"column":30},"end":{"line":322,"column":65}},"187":{"start":{"line":322,"column":36},"end":{"line":322,"column":65}}},"fnMap":{"0":{"name":"(anonymous_0)","decl":{"start":{"line":9,"column":18},"end":{"line":9,"column":19}},"loc":{"start":{"line":9,"column":28},"end":{"line":9,"column":73}},"line":9},"1":{"name":"(anonymous_1)","decl":{"start":{"line":10,"column":19},"end":{"line":10,"column":20}},"loc":{"start":{"line":10,"column":31},"end":{"line":10,"column":135}},"line":10},"2":{"name":"(anonymous_2)","decl":{"start":{"line":12,"column":25},"end":{"line":12,"column":26}},"loc":{"start":{"line":12,"column":40},"end":{"line":12,"column":142}},"line":12},"3":{"name":"(anonymous_3)","decl":{"start":{"line":12,"column":65},"end":{"line":12,"column":66}},"loc":{"start":{"line":12,"column":71},"end":{"line":12,"column":124}},"line":12},"4":{"name":"(anonymous_4)","decl":{"start":{"line":15,"column":35},"end":{"line":15,"column":36}},"loc":{"start":{"line":15,"column":44},"end":{"line":320,"column":1}},"line":15},"5":{"name":"(anonymous_5)","decl":{"start":{"line":29,"column":20},"end":{"line":29,"column":21}},"loc":{"start":{"line":29,"column":24},"end":{"line":62,"column":5}},"line":29},"6":{"name":"fetchData","decl":{"start":{"line":31,"column":22},"end":{"line":31,"column":31}},"loc":{"start":{"line":31,"column":35},"end":{"line":59,"column":8}},"line":31},"7":{"name":"(anonymous_7)","decl":{"start":{"line":39,"column":38},"end":{"line":39,"column":39}},"loc":{"start":{"line":39,"column":43},"end":{"line":44,"column":14}},"line":39},"8":{"name":"(anonymous_8)","decl":{"start":{"line":39,"column":59},"end":{"line":39,"column":60}},"loc":{"start":{"line":39,"column":62},"end":{"line":44,"column":13}},"line":39},"9":{"name":"(anonymous_9)","decl":{"start":{"line":47,"column":49},"end":{"line":47,"column":50}},"loc":{"start":{"line":47,"column":54},"end":{"line":54,"column":17}},"line":47},"10":{"name":"(anonymous_10)","decl":{"start":{"line":64,"column":30},"end":{"line":64,"column":31}},"loc":{"start":{"line":64,"column":36},"end":{"line":97,"column":5}},"line":64},"11":{"name":"(anonymous_11)","decl":{"start":{"line":100,"column":20},"end":{"line":100,"column":21}},"loc":{"start":{"line":100,"column":24},"end":{"line":107,"column":5}},"line":100},"12":{"name":"(anonymous_12)","decl":{"start":{"line":102,"column":37},"end":{"line":102,"column":38}},"loc":{"start":{"line":102,"column":41},"end":{"line":104,"column":9}},"line":102},"13":{"name":"(anonymous_13)","decl":{"start":{"line":103,"column":21},"end":{"line":103,"column":22}},"loc":{"start":{"line":103,"column":27},"end":{"line":103,"column":46}},"line":103},"14":{"name":"(anonymous_14)","decl":{"start":{"line":106,"column":15},"end":{"line":106,"column":16}},"loc":{"start":{"line":106,"column":19},"end":{"line":106,"column":42}},"line":106},"15":{"name":"(anonymous_15)","decl":{"start":{"line":110,"column":20},"end":{"line":110,"column":21}},"loc":{"start":{"line":110,"column":24},"end":{"line":113,"column":5}},"line":110},"16":{"name":"(anonymous_16)","decl":{"start":{"line":115,"column":33},"end":{"line":115,"column":34}},"loc":{"start":{"line":115,"column":60},"end":{"line":133,"column":5}},"line":115},"17":{"name":"(anonymous_17)","decl":{"start":{"line":116,"column":31},"end":{"line":116,"column":32}},"loc":{"start":{"line":116,"column":41},"end":{"line":131,"column":9}},"line":116},"18":{"name":"(anonymous_18)","decl":{"start":{"line":120,"column":41},"end":{"line":120,"column":42}},"loc":{"start":{"line":120,"column":47},"end":{"line":120,"column":82}},"line":120},"19":{"name":"(anonymous_19)","decl":{"start":{"line":128,"column":26},"end":{"line":128,"column":27}},"loc":{"start":{"line":128,"column":36},"end":{"line":128,"column":81}},"line":128},"20":{"name":"(anonymous_20)","decl":{"start":{"line":135,"column":30},"end":{"line":135,"column":31}},"loc":{"start":{"line":135,"column":57},"end":{"line":150,"column":5}},"line":135},"21":{"name":"(anonymous_21)","decl":{"start":{"line":141,"column":56},"end":{"line":141,"column":57}},"loc":{"start":{"line":141,"column":61},"end":{"line":147,"column":9}},"line":141},"22":{"name":"(anonymous_22)","decl":{"start":{"line":153,"column":30},"end":{"line":153,"column":31}},"loc":{"start":{"line":153,"column":50},"end":{"line":186,"column":5}},"line":153},"23":{"name":"(anonymous_23)","decl":{"start":{"line":155,"column":44},"end":{"line":155,"column":45}},"loc":{"start":{"line":155,"column":56},"end":{"line":161,"column":9}},"line":155},"24":{"name":"(anonymous_24)","decl":{"start":{"line":164,"column":47},"end":{"line":164,"column":48}},"loc":{"start":{"line":164,"column":56},"end":{"line":184,"column":9}},"line":164},"25":{"name":"(anonymous_25)","decl":{"start":{"line":166,"column":45},"end":{"line":166,"column":46}},"loc":{"start":{"line":166,"column":58},"end":{"line":175,"column":13}},"line":166},"26":{"name":"(anonymous_26)","decl":{"start":{"line":177,"column":25},"end":{"line":177,"column":26}},"loc":{"start":{"line":177,"column":32},"end":{"line":183,"column":13}},"line":177},"27":{"name":"(anonymous_27)","decl":{"start":{"line":178,"column":46},"end":{"line":178,"column":47}},"loc":{"start":{"line":178,"column":52},"end":{"line":181,"column":17}},"line":178},"28":{"name":"(anonymous_28)","decl":{"start":{"line":179,"column":52},"end":{"line":179,"column":53}},"loc":{"start":{"line":179,"column":63},"end":{"line":179,"column":99}},"line":179},"29":{"name":"(anonymous_29)","decl":{"start":{"line":188,"column":29},"end":{"line":188,"column":30}},"loc":{"start":{"line":188,"column":55},"end":{"line":214,"column":5}},"line":188},"30":{"name":"(anonymous_30)","decl":{"start":{"line":195,"column":55},"end":{"line":195,"column":56}},"loc":{"start":{"line":195,"column":60},"end":{"line":213,"column":9}},"line":195},"31":{"name":"(anonymous_31)","decl":{"start":{"line":199,"column":22},"end":{"line":199,"column":23}},"loc":{"start":{"line":199,"column":29},"end":{"line":211,"column":14}},"line":199},"32":{"name":"(anonymous_32)","decl":{"start":{"line":203,"column":44},"end":{"line":203,"column":45}},"loc":{"start":{"line":203,"column":51},"end":{"line":203,"column":90}},"line":203},"33":{"name":"(anonymous_33)","decl":{"start":{"line":216,"column":37},"end":{"line":216,"column":38}},"loc":{"start":{"line":216,"column":56},"end":{"line":229,"column":5}},"line":216},"34":{"name":"(anonymous_34)","decl":{"start":{"line":221,"column":45},"end":{"line":221,"column":46}},"loc":{"start":{"line":221,"column":48},"end":{"line":221,"column":56}},"line":221},"35":{"name":"(anonymous_35)","decl":{"start":{"line":222,"column":12},"end":{"line":222,"column":13}},"loc":{"start":{"line":222,"column":17},"end":{"line":227,"column":13}},"line":222},"36":{"name":"(anonymous_36)","decl":{"start":{"line":231,"column":29},"end":{"line":231,"column":30}},"loc":{"start":{"line":231,"column":49},"end":{"line":248,"column":5}},"line":231},"37":{"name":"(anonymous_37)","decl":{"start":{"line":235,"column":55},"end":{"line":235,"column":56}},"loc":{"start":{"line":235,"column":60},"end":{"line":247,"column":9}},"line":235},"38":{"name":"(anonymous_38)","decl":{"start":{"line":238,"column":22},"end":{"line":238,"column":23}},"loc":{"start":{"line":238,"column":29},"end":{"line":245,"column":14}},"line":238},"39":{"name":"(anonymous_39)","decl":{"start":{"line":241,"column":39},"end":{"line":241,"column":40}},"loc":{"start":{"line":241,"column":46},"end":{"line":241,"column":85}},"line":241},"40":{"name":"(anonymous_40)","decl":{"start":{"line":250,"column":33},"end":{"line":250,"column":34}},"loc":{"start":{"line":250,"column":57},"end":{"line":266,"column":5}},"line":250},"41":{"name":"(anonymous_41)","decl":{"start":{"line":254,"column":59},"end":{"line":254,"column":60}},"loc":{"start":{"line":254,"column":64},"end":{"line":265,"column":9}},"line":254},"42":{"name":"(anonymous_42)","decl":{"start":{"line":257,"column":26},"end":{"line":257,"column":27}},"loc":{"start":{"line":257,"column":33},"end":{"line":263,"column":14}},"line":257},"43":{"name":"(anonymous_43)","decl":{"start":{"line":259,"column":39},"end":{"line":259,"column":40}},"loc":{"start":{"line":259,"column":46},"end":{"line":259,"column":89}},"line":259},"44":{"name":"(anonymous_44)","decl":{"start":{"line":268,"column":33},"end":{"line":268,"column":34}},"loc":{"start":{"line":268,"column":63},"end":{"line":291,"column":5}},"line":268},"45":{"name":"(anonymous_45)","decl":{"start":{"line":272,"column":59},"end":{"line":272,"column":60}},"loc":{"start":{"line":272,"column":64},"end":{"line":290,"column":9}},"line":272},"46":{"name":"(anonymous_46)","decl":{"start":{"line":275,"column":25},"end":{"line":275,"column":26}},"loc":{"start":{"line":275,"column":32},"end":{"line":288,"column":17}},"line":275},"47":{"name":"(anonymous_47)","decl":{"start":{"line":280,"column":41},"end":{"line":280,"column":42}},"loc":{"start":{"line":280,"column":48},"end":{"line":280,"column":91}},"line":280},"48":{"name":"(anonymous_48)","decl":{"start":{"line":294,"column":25},"end":{"line":294,"column":26}},"loc":{"start":{"line":294,"column":38},"end":{"line":297,"column":5}},"line":294},"49":{"name":"(anonymous_49)","decl":{"start":{"line":295,"column":43},"end":{"line":295,"column":44}},"loc":{"start":{"line":295,"column":50},"end":{"line":295,"column":86}},"line":295},"50":{"name":"(anonymous_50)","decl":{"start":{"line":322,"column":30},"end":{"line":322,"column":31}},"loc":{"start":{"line":322,"column":36},"end":{"line":322,"column":65}},"line":322}},"branchMap":{"0":{"loc":{"start":{"line":27,"column":19},"end":{"line":27,"column":56}},"type":"cond-expr","locations":[{"start":{"line":27,"column":32},"end":{"line":27,"column":51}},{"start":{"line":27,"column":54},"end":{"line":27,"column":56}}],"line":27},"1":{"loc":{"start":{"line":40,"column":16},"end":{"line":42,"column":17}},"type":"if","locations":[{"start":{"line":40,"column":16},"end":{"line":42,"column":17}},{"start":{"line":40,"column":16},"end":{"line":42,"column":17}}],"line":40},"2":{"loc":{"start":{"line":70,"column":8},"end":{"line":76,"column":9}},"type":"if","locations":[{"start":{"line":70,"column":8},"end":{"line":76,"column":9}},{"start":{"line":70,"column":8},"end":{"line":76,"column":9}}],"line":70},"3":{"loc":{"start":{"line":73,"column":12},"end":{"line":75,"column":13}},"type":"if","locations":[{"start":{"line":73,"column":12},"end":{"line":75,"column":13}},{"start":{"line":73,"column":12},"end":{"line":75,"column":13}}],"line":73},"4":{"loc":{"start":{"line":78,"column":8},"end":{"line":93,"column":9}},"type":"if","locations":[{"start":{"line":78,"column":8},"end":{"line":93,"column":9}},{"start":{"line":78,"column":8},"end":{"line":93,"column":9}}],"line":78},"5":{"loc":{"start":{"line":90,"column":12},"end":{"line":92,"column":13}},"type":"if","locations":[{"start":{"line":90,"column":12},"end":{"line":92,"column":13}},{"start":{"line":90,"column":12},"end":{"line":92,"column":13}}],"line":90},"6":{"loc":{"start":{"line":119,"column":12},"end":{"line":121,"column":13}},"type":"if","locations":[{"start":{"line":119,"column":12},"end":{"line":121,"column":13}},{"start":{"line":119,"column":12},"end":{"line":121,"column":13}}],"line":119},"7":{"loc":{"start":{"line":122,"column":12},"end":{"line":126,"column":13}},"type":"if","locations":[{"start":{"line":122,"column":12},"end":{"line":126,"column":13}},{"start":{"line":122,"column":12},"end":{"line":126,"column":13}}],"line":122},"8":{"loc":{"start":{"line":139,"column":22},"end":{"line":139,"column":92}},"type":"cond-expr","locations":[{"start":{"line":139,"column":28},"end":{"line":139,"column":66}},{"start":{"line":139,"column":69},"end":{"line":139,"column":92}}],"line":139},"9":{"loc":{"start":{"line":140,"column":23},"end":{"line":140,"column":44}},"type":"cond-expr","locations":[{"start":{"line":140,"column":30},"end":{"line":140,"column":35}},{"start":{"line":140,"column":38},"end":{"line":140,"column":44}}],"line":140},"10":{"loc":{"start":{"line":143,"column":12},"end":{"line":146,"column":13}},"type":"if","locations":[{"start":{"line":143,"column":12},"end":{"line":146,"column":13}},{"start":{"line":143,"column":12},"end":{"line":146,"column":13}}],"line":143},"11":{"loc":{"start":{"line":143,"column":15},"end":{"line":143,"column":43}},"type":"binary-expr","locations":[{"start":{"line":143,"column":15},"end":{"line":143,"column":31}},{"start":{"line":143,"column":35},"end":{"line":143,"column":43}}],"line":143},"12":{"loc":{"start":{"line":156,"column":24},"end":{"line":158,"column":90}},"type":"cond-expr","locations":[{"start":{"line":157,"column":12},"end":{"line":157,"column":56}},{"start":{"line":158,"column":13},"end":{"line":158,"column":90}}],"line":156},"13":{"loc":{"start":{"line":167,"column":16},"end":{"line":173,"column":17}},"type":"if","locations":[{"start":{"line":167,"column":16},"end":{"line":173,"column":17}},{"start":{"line":167,"column":16},"end":{"line":173,"column":17}}],"line":167},"14":{"loc":{"start":{"line":167,"column":19},"end":{"line":167,"column":49}},"type":"binary-expr","locations":[{"start":{"line":167,"column":19},"end":{"line":167,"column":36}},{"start":{"line":167,"column":40},"end":{"line":167,"column":49}}],"line":167},"15":{"loc":{"start":{"line":168,"column":20},"end":{"line":172,"column":21}},"type":"if","locations":[{"start":{"line":168,"column":20},"end":{"line":172,"column":21}},{"start":{"line":168,"column":20},"end":{"line":172,"column":21}}],"line":168},"16":{"loc":{"start":{"line":190,"column":8},"end":{"line":192,"column":9}},"type":"if","locations":[{"start":{"line":190,"column":8},"end":{"line":192,"column":9}},{"start":{"line":190,"column":8},"end":{"line":192,"column":9}}],"line":190},"17":{"loc":{"start":{"line":193,"column":22},"end":{"line":193,"column":86}},"type":"cond-expr","locations":[{"start":{"line":193,"column":28},"end":{"line":193,"column":64}},{"start":{"line":193,"column":65},"end":{"line":193,"column":86}}],"line":193},"18":{"loc":{"start":{"line":194,"column":23},"end":{"line":194,"column":44}},"type":"cond-expr","locations":[{"start":{"line":194,"column":30},"end":{"line":194,"column":35}},{"start":{"line":194,"column":38},"end":{"line":194,"column":44}}],"line":194},"19":{"loc":{"start":{"line":197,"column":9},"end":{"line":212,"column":10}},"type":"if","locations":[{"start":{"line":197,"column":9},"end":{"line":212,"column":10}},{"start":{"line":197,"column":9},"end":{"line":212,"column":10}}],"line":197},"20":{"loc":{"start":{"line":197,"column":12},"end":{"line":197,"column":40}},"type":"binary-expr","locations":[{"start":{"line":197,"column":12},"end":{"line":197,"column":28}},{"start":{"line":197,"column":32},"end":{"line":197,"column":40}}],"line":197},"21":{"loc":{"start":{"line":202,"column":17},"end":{"line":204,"column":18}},"type":"if","locations":[{"start":{"line":202,"column":17},"end":{"line":204,"column":18}},{"start":{"line":202,"column":17},"end":{"line":204,"column":18}}],"line":202},"22":{"loc":{"start":{"line":205,"column":17},"end":{"line":209,"column":18}},"type":"if","locations":[{"start":{"line":205,"column":17},"end":{"line":209,"column":18}},{"start":{"line":205,"column":17},"end":{"line":209,"column":18}}],"line":205},"23":{"loc":{"start":{"line":223,"column":16},"end":{"line":225,"column":17}},"type":"if","locations":[{"start":{"line":223,"column":16},"end":{"line":225,"column":17}},{"start":{"line":223,"column":16},"end":{"line":225,"column":17}}],"line":223},"24":{"loc":{"start":{"line":237,"column":9},"end":{"line":246,"column":10}},"type":"if","locations":[{"start":{"line":237,"column":9},"end":{"line":246,"column":10}},{"start":{"line":237,"column":9},"end":{"line":246,"column":10}}],"line":237},"25":{"loc":{"start":{"line":256,"column":9},"end":{"line":264,"column":10}},"type":"if","locations":[{"start":{"line":256,"column":9},"end":{"line":264,"column":10}},{"start":{"line":256,"column":9},"end":{"line":264,"column":10}}],"line":256},"26":{"loc":{"start":{"line":270,"column":22},"end":{"line":270,"column":98}},"type":"cond-expr","locations":[{"start":{"line":270,"column":28},"end":{"line":270,"column":72}},{"start":{"line":270,"column":73},"end":{"line":270,"column":98}}],"line":270},"27":{"loc":{"start":{"line":271,"column":23},"end":{"line":271,"column":44}},"type":"cond-expr","locations":[{"start":{"line":271,"column":30},"end":{"line":271,"column":35}},{"start":{"line":271,"column":38},"end":{"line":271,"column":44}}],"line":271},"28":{"loc":{"start":{"line":274,"column":8},"end":{"line":289,"column":13}},"type":"if","locations":[{"start":{"line":274,"column":8},"end":{"line":289,"column":13}},{"start":{"line":274,"column":8},"end":{"line":289,"column":13}}],"line":274},"29":{"loc":{"start":{"line":274,"column":11},"end":{"line":274,"column":39}},"type":"binary-expr","locations":[{"start":{"line":274,"column":11},"end":{"line":274,"column":27}},{"start":{"line":274,"column":31},"end":{"line":274,"column":39}}],"line":274},"30":{"loc":{"start":{"line":279,"column":16},"end":{"line":281,"column":17}},"type":"if","locations":[{"start":{"line":279,"column":16},"end":{"line":281,"column":17}},{"start":{"line":279,"column":16},"end":{"line":281,"column":17}}],"line":279},"31":{"loc":{"start":{"line":282,"column":16},"end":{"line":286,"column":17}},"type":"if","locations":[{"start":{"line":282,"column":16},"end":{"line":286,"column":17}},{"start":{"line":282,"column":16},"end":{"line":286,"column":17}}],"line":282}},"s":{"0":3,"1":3,"2":0,"3":3,"4":0,"5":3,"6":0,"7":0,"8":3,"9":0,"10":0,"11":0,"12":0,"13":0,"14":0,"15":0,"16":0,"17":0,"18":0,"19":0,"20":0,"21":0,"22":0,"23":0,"24":0,"25":0,"26":0,"27":0,"28":0,"29":0,"30":0,"31":0,"32":0,"33":0,"34":0,"35":0,"36":0,"37":0,"38":0,"39":0,"40":0,"41":0,"42":0,"43":0,"44":0,"45":0,"46":0,"47":0,"48":0,"49":0,"50":0,"51":0,"52":0,"53":0,"54":0,"55":0,"56":0,"57":0,"58":0,"59":0,"60":0,"61":0,"62":0,"63":0,"64":0,"65":0,"66":0,"67":0,"68":0,"69":0,"70":0,"71":0,"72":0,"73":0,"74":0,"75":0,"76":0,"77":0,"78":0,"79":0,"80":0,"81":0,"82":0,"83":0,"84":0,"85":0,"86":0,"87":0,"88":0,"89":0,"90":0,"91":0,"92":0,"93":0,"94":0,"95":0,"96":0,"97":0,"98":0,"99":0,"100":0,"101":0,"102":0,"103":0,"104":0,"105":0,"106":0,"107":0,"108":0,"109":0,"110":0,"111":0,"112":0,"113":0,"114":0,"115":0,"116":0,"117":0,"118":0,"119":0,"120":0,"121":0,"122":0,"123":0,"124":0,"125":0,"126":0,"127":0,"128":0,"129":0,"130":0,"131":0,"132":0,"133":0,"134":0,"135":0,"136":0,"137":0,"138":0,"139":0,"140":0,"141":0,"142":0,"143":0,"144":0,"145":0,"146":0,"147":0,"148":0,"149":0,"150":0,"151":0,"152":0,"153":0,"154":0,"155":0,"156":0,"157":0,"158":0,"159":0,"160":0,"161":0,"162":0,"163":0,"164":0,"165":0,"166":0,"167":0,"168":0,"169":0,"170":0,"171":0,"172":0,"173":0,"174":0,"175":0,"176":0,"177":0,"178":0,"179":0,"180":0,"181":0,"182":0,"183":0,"184":0,"185":0,"186":3,"187":24},"f":{"0":0,"1":0,"2":0,"3":0,"4":0,"5":0,"6":0,"7":0,"8":0,"9":0,"10":0,"11":0,"12":0,"13":0,"14":0,"15":0,"16":0,"17":0,"18":0,"19":0,"20":0,"21":0,"22":0,"23":0,"24":0,"25":0,"26":0,"27":0,"28":0,"29":0,"30":0,"31":0,"32":0,"33":0,"34":0,"35":0,"36":0,"37":0,"38":0,"39":0,"40":0,"41":0,"42":0,"43":0,"44":0,"45":0,"46":0,"47":0,"48":0,"49":0,"50":24},"b":{"0":[0,0],"1":[0,0],"2":[0,0],"3":[0,0],"4":[0,0],"5":[0,0],"6":[0,0],"7":[0,0],"8":[0,0],"9":[0,0],"10":[0,0],"11":[0,0],"12":[0,0],"13":[0,0],"14":[0,0],"15":[0,0],"16":[0,0],"17":[0,0],"18":[0,0],"19":[0,0],"20":[0,0],"21":[0,0],"22":[0,0],"23":[0,0],"24":[0,0],"25":[0,0],"26":[0,0],"27":[0,0],"28":[0,0],"29":[0,0],"30":[0,0],"31":[0,0]},"_coverageSchema":"1a1c01bbd47fc00a2c39e90264f33305004495a9","hash":"0ceade0e4bf8814060fb7d43dfb66189770c664f"}
}
