TN:
SF:src\App.js
FN:18,App
FNF:1
FNH:0
FNDA:0,App
DA:19,0
LF:1
LH:0
BRF:0
BRH:0
end_of_record
TN:
SF:src\index.js
FNF:0
FNH:0
DA:9,0
DA:17,0
LF:2
LH:0
BRF:0
BRH:0
end_of_record
TN:
SF:src\reportWebVitals.js
FN:1,(anonymous_0)
FN:3,(anonymous_1)
FNF:2
FNH:0
FNDA:0,(anonymous_0)
FNDA:0,(anonymous_1)
DA:1,0
DA:2,0
DA:3,0
DA:4,0
DA:5,0
DA:6,0
DA:7,0
DA:8,0
LF:8
LH:0
BRDA:2,0,0,0
BRDA:2,0,1,0
BRDA:2,1,0,0
BRDA:2,1,1,0
BRF:4
BRH:0
end_of_record
TN:
SF:src\components\homepage.js
FN:16,(anonymous_0)
FN:28,(anonymous_1)
FNF:2
FNH:0
FNDA:0,(anonymous_0)
FNDA:0,(anonymous_1)
DA:16,0
DA:17,0
DA:19,0
DA:28,0
DA:29,0
LF:5
LH:0
BRDA:19,0,0,0
BRDA:19,0,1,0
BRDA:41,1,0,0
BRDA:41,1,1,0
BRDA:44,2,0,0
BRDA:44,2,1,0
BRDA:52,3,0,0
BRDA:52,3,1,0
BRDA:54,4,0,0
BRDA:54,4,1,0
BRF:10
BRH:0
end_of_record
TN:
SF:src\components\navbar\navbar.js
FN:8,(anonymous_0)
FN:23,(anonymous_1)
FN:25,(anonymous_2)
FNF:3
FNH:0
FNDA:0,(anonymous_0)
FNDA:0,(anonymous_1)
FNDA:0,(anonymous_2)
DA:8,0
DA:9,0
DA:11,0
DA:23,0
DA:24,0
DA:25,0
DA:26,0
DA:27,0
DA:28,0
LF:9
LH:0
BRDA:11,0,0,0
BRDA:11,0,1,0
BRDA:27,1,0,0
BRDA:27,1,1,0
BRF:4
BRH:0
end_of_record
TN:
SF:src\components\table\semantic-react-table.js
FN:6,(anonymous_0)
FN:8,(anonymous_1)
FN:16,(anonymous_2)
FN:65,(anonymous_3)
FN:67,(anonymous_4)
FN:75,(anonymous_5)
FN:88,(anonymous_6)
FN:90,(anonymous_7)
FN:111,(anonymous_8)
FN:115,(anonymous_9)
FN:152,(anonymous_10)
FNF:11
FNH:8
FNDA:9,(anonymous_0)
FNDA:4,(anonymous_1)
FNDA:74,(anonymous_2)
FNDA:0,(anonymous_3)
FNDA:0,(anonymous_4)
FNDA:0,(anonymous_5)
FNDA:9,(anonymous_6)
FNDA:56,(anonymous_7)
FNDA:49,(anonymous_8)
FNDA:306,(anonymous_9)
FNDA:45,(anonymous_10)
DA:6,1
DA:7,9
DA:8,4
DA:16,9
DA:17,74
DA:18,18
DA:20,74
DA:44,9
DA:65,9
DA:67,0
DA:72,0
DA:75,9
DA:76,0
DA:84,9
DA:89,9
DA:91,56
DA:112,49
DA:113,49
DA:116,306
DA:152,45
LF:20
LH:17
BRDA:17,0,0,18
BRDA:17,0,1,56
BRDA:72,1,0,0
BRDA:72,1,1,0
BRDA:94,2,0,0
BRDA:94,2,1,56
BRDA:96,3,0,0
BRDA:96,3,1,0
BRDA:96,4,0,0
BRDA:96,4,1,0
BRDA:103,5,0,0
BRDA:103,5,1,56
BRF:12
BRH:4
end_of_record
TN:
SF:src\components\taskList\edit-task-div.js
FN:5,(anonymous_0)
FN:10,(anonymous_1)
FN:12,(anonymous_2)
FNF:3
FNH:3
FNDA:11,(anonymous_0)
FNDA:3,(anonymous_1)
FNDA:1,(anonymous_2)
DA:5,4
DA:6,11
DA:7,11
DA:8,11
DA:9,11
DA:10,11
DA:12,11
DA:13,1
DA:18,1
DA:19,1
DA:21,11
LF:11
LH:11
BRDA:10,0,0,1
BRDA:10,0,1,2
BRF:2
BRH:2
end_of_record
TN:
SF:src\components\taskList\new-tasklist-card.js
FN:6,(anonymous_0)
FN:13,(anonymous_1)
FN:15,(anonymous_2)
FNF:3
FNH:3
FNDA:11,(anonymous_0)
FNDA:3,(anonymous_1)
FNDA:1,(anonymous_2)
DA:6,4
DA:7,11
DA:8,11
DA:9,11
DA:12,11
DA:13,11
DA:15,11
DA:16,1
DA:19,1
DA:20,1
DA:22,11
LF:11
LH:11
BRDA:13,0,0,1
BRDA:13,0,1,2
BRF:2
BRH:2
end_of_record
TN:
SF:src\components\taskList\task-div.js
FN:6,(anonymous_0)
FN:14,(anonymous_1)
FN:21,(anonymous_2)
FNF:3
FNH:3
FNDA:24,(anonymous_0)
FNDA:1,(anonymous_1)
FNDA:1,(anonymous_2)
DA:6,4
DA:7,24
DA:11,22
DA:12,22
DA:14,22
DA:15,1
DA:16,1
DA:17,1
DA:18,1
DA:19,1
DA:21,22
DA:22,1
DA:23,1
DA:26,22
DA:27,22
LF:15
LH:15
BRDA:26,0,0,2
BRDA:26,0,1,20
BRDA:33,1,0,1
BRDA:33,1,1,21
BRF:4
BRH:4
end_of_record
TN:
SF:src\components\taskList\task-list.js
FN:9,(anonymous_0)
FN:12,(anonymous_1)
FN:19,(anonymous_2)
FN:28,(anonymous_3)
FN:29,(anonymous_4)
FN:33,(anonymous_5)
FN:41,(anonymous_6)
FN:51,(anonymous_7)
FNF:8
FNH:8
FNDA:1,(anonymous_0)
FNDA:2,(anonymous_1)
FNDA:14,(anonymous_2)
FNDA:2,(anonymous_3)
FNDA:1,(anonymous_4)
FNDA:5,(anonymous_5)
FNDA:2,(anonymous_6)
FNDA:29,(anonymous_7)
DA:9,3
DA:10,1
DA:11,1
DA:13,2
DA:19,3
DA:24,14
DA:25,13
DA:27,13
DA:28,13
DA:29,13
DA:30,13
DA:33,13
DA:34,5
DA:37,13
DA:41,2
DA:53,29
LF:16
LH:16
BRDA:25,0,0,13
BRDA:25,0,1,2
BRDA:25,1,0,13
BRDA:25,1,1,2
BRDA:34,2,0,5
BRDA:34,2,1,1
BRDA:34,3,0,5
BRDA:34,3,1,1
BRDA:37,4,0,2
BRDA:37,4,1,11
BRDA:42,5,0,9
BRDA:42,5,1,2
BRDA:55,6,0,2
BRDA:55,6,1,9
BRF:14
BRH:14
end_of_record
TN:
SF:src\components\taskList\tasklist-card.js
FN:7,(anonymous_0)
FN:15,(anonymous_1)
FN:20,(anonymous_2)
FN:21,(anonymous_3)
FN:46,(anonymous_4)
FN:59,(anonymous_5)
FNF:6
FNH:6
FNDA:41,(anonymous_0)
FNDA:1,(anonymous_1)
FNDA:2,(anonymous_2)
FNDA:1,(anonymous_3)
FNDA:16,(anonymous_4)
FNDA:2,(anonymous_5)
DA:7,3
DA:8,41
DA:10,39
DA:13,39
DA:15,39
DA:16,1
DA:17,1
DA:20,39
DA:21,39
DA:22,39
DA:47,16
DA:59,2
LF:12
LH:12
BRDA:27,0,0,1
BRDA:27,0,1,38
BRDA:45,1,0,16
BRDA:45,1,1,23
BRDA:45,2,0,39
BRDA:45,2,1,36
BRDA:54,3,0,1
BRDA:54,3,1,38
BRDA:56,4,0,2
BRDA:56,4,1,36
BRF:10
BRH:10
end_of_record
TN:
SF:src\components\timerpage\attach-list.js
FN:7,(anonymous_0)
FN:14,(anonymous_1)
FN:18,(anonymous_2)
FN:19,(anonymous_3)
FNF:4
FNH:4
FNDA:38,(anonymous_0)
FNDA:2,(anonymous_1)
FNDA:8,(anonymous_2)
FNDA:1,(anonymous_3)
DA:7,3
DA:9,38
DA:10,38
DA:13,38
DA:14,2
DA:19,8
LF:6
LH:6
BRDA:15,0,0,3
BRDA:15,0,1,35
BRDA:21,1,0,5
BRDA:21,1,1,3
BRF:4
BRH:4
end_of_record
TN:
SF:src\components\timerpage\display-attached-tasks.js
FN:4,(anonymous_0)
FN:8,(anonymous_1)
FN:17,(anonymous_2)
FNF:3
FNH:3
FNDA:37,(anonymous_0)
FNDA:56,(anonymous_1)
FNDA:1,(anonymous_2)
DA:4,3
DA:5,37
DA:6,37
DA:9,56
DA:17,1
LF:5
LH:5
BRDA:10,0,0,2
BRDA:10,0,1,54
BRDA:16,1,0,2
BRDA:16,1,1,54
BRF:4
BRH:4
end_of_record
TN:
SF:src\components\timerpage\time-line.js
FN:6,(anonymous_0)
FNF:1
FNH:1
FNDA:22,(anonymous_0)
DA:6,2
DA:10,22
DA:11,22
DA:13,22
DA:32,22
DA:33,22
DA:34,22
DA:35,22
DA:36,22
DA:38,22
LF:10
LH:10
BRDA:8,0,0,2
BRDA:9,1,0,2
BRDA:9,2,0,22
BRDA:9,3,0,2
BRDA:11,4,0,14
BRDA:11,4,1,8
BRDA:32,5,0,14
BRDA:32,5,1,8
BRDA:33,6,0,8
BRDA:33,6,1,14
BRDA:35,7,0,1
BRDA:35,7,1,21
BRDA:36,8,0,1
BRDA:36,8,1,21
BRF:14
BRH:14
end_of_record
TN:
SF:src\components\timerpage\timer-board.js
FN:15,(anonymous_0)
FN:18,(anonymous_1)
FN:27,(anonymous_2)
FN:37,(anonymous_3)
FNF:4
FNH:4
FNDA:4,(anonymous_0)
FNDA:6,(anonymous_1)
FNDA:2,(anonymous_2)
FNDA:20,(anonymous_3)
DA:8,1
DA:13,1
DA:15,1
DA:16,4
DA:17,4
DA:18,4
DA:19,6
DA:20,3
DA:22,3
DA:25,4
DA:27,4
DA:28,2
DA:32,4
DA:39,20
DA:40,20
DA:41,20
LF:16
LH:16
BRDA:19,0,0,3
BRDA:19,0,1,3
BRDA:19,1,0,6
BRDA:19,1,1,6
BRF:4
BRH:4
end_of_record
TN:
SF:src\components\timerpage\timer-form.js
FN:15,(anonymous_0)
FN:16,(anonymous_1)
FN:17,(anonymous_2)
FN:20,(anonymous_3)
FN:34,(anonymous_4)
FN:35,fetchData
FN:45,(anonymous_6)
FN:46,(anonymous_7)
FN:48,(anonymous_8)
FN:85,(anonymous_9)
FN:86,(anonymous_10)
FN:99,(anonymous_11)
FN:114,(anonymous_12)
FN:152,(anonymous_13)
FN:158,(anonymous_14)
FN:165,(anonymous_15)
FN:169,(anonymous_16)
FN:180,(anonymous_17)
FN:187,(anonymous_18)
FN:191,(anonymous_19)
FN:201,(anonymous_20)
FN:259,(anonymous_21)
FN:260,(anonymous_22)
FN:280,(anonymous_23)
FN:281,(anonymous_24)
FNF:25
FNH:25
FNDA:105,(anonymous_0)
FNDA:12,(anonymous_1)
FNDA:12,(anonymous_2)
FNDA:35,(anonymous_3)
FNDA:9,(anonymous_4)
FNDA:9,fetchData
FNDA:2,(anonymous_6)
FNDA:2,(anonymous_7)
FNDA:4,(anonymous_8)
FNDA:4,(anonymous_9)
FNDA:4,(anonymous_10)
FNDA:2,(anonymous_11)
FNDA:4,(anonymous_12)
FNDA:4,(anonymous_13)
FNDA:2,(anonymous_14)
FNDA:4,(anonymous_15)
FNDA:1,(anonymous_16)
FNDA:1,(anonymous_17)
FNDA:4,(anonymous_18)
FNDA:4,(anonymous_19)
FNDA:5,(anonymous_20)
FNDA:2,(anonymous_21)
FNDA:2,(anonymous_22)
FNDA:2,(anonymous_23)
FNDA:2,(anonymous_24)
DA:15,105
DA:16,12
DA:17,12
DA:20,2
DA:26,35
DA:28,35
DA:31,35
DA:34,35
DA:36,9
DA:37,6
DA:38,6
DA:41,9
DA:45,35
DA:46,2
DA:47,2
DA:48,4
DA:49,2
DA:50,2
DA:52,2
DA:58,35
DA:59,35
DA:60,35
DA:61,35
DA:63,35
DA:74,35
DA:81,35
DA:82,35
DA:83,35
DA:85,35
DA:86,35
DA:90,4
DA:91,4
DA:92,4
DA:94,35
DA:99,35
DA:100,2
DA:102,2
DA:103,2
DA:105,2
DA:106,2
DA:107,0
DA:110,2
DA:111,2
DA:114,35
DA:115,4
DA:116,4
DA:117,4
DA:118,4
DA:119,4
DA:120,4
DA:121,0
DA:123,4
DA:124,4
DA:152,35
DA:153,4
DA:154,4
DA:155,4
DA:158,35
DA:159,2
DA:160,2
DA:161,2
DA:165,35
DA:166,4
DA:167,4
DA:168,4
DA:169,4
DA:170,1
DA:175,1
DA:178,4
DA:180,4
DA:181,1
DA:183,1
DA:187,4
DA:191,4
DA:201,35
DA:204,5
DA:205,1
DA:208,4
DA:209,4
DA:210,4
DA:211,4
DA:212,4
DA:213,4
DA:214,4
DA:215,4
DA:216,4
DA:217,4
DA:218,1
DA:220,4
DA:223,35
DA:259,2
DA:260,2
DA:280,2
DA:281,2
LF:94
LH:92
BRDA:16,0,0,12
BRDA:16,0,1,6
BRDA:16,0,2,1
BRDA:17,1,0,12
BRDA:17,1,1,6
BRDA:36,2,0,6
BRDA:36,2,1,3
BRDA:36,3,0,9
BRDA:36,3,1,6
BRDA:49,4,0,2
BRDA:49,4,1,0
BRDA:74,5,0,32
BRDA:74,5,1,3
BRDA:90,6,0,0
BRDA:90,6,1,4
BRDA:90,7,0,4
BRDA:90,7,1,0
BRDA:91,8,0,0
BRDA:91,8,1,4
BRDA:91,9,0,4
BRDA:91,9,1,0
BRDA:106,10,0,0
BRDA:106,10,1,2
BRDA:106,11,0,2
BRDA:106,11,1,1
BRDA:115,12,0,4
BRDA:115,12,1,0
BRDA:115,13,0,4
BRDA:115,13,1,4
BRDA:115,13,2,4
BRDA:116,14,0,2
BRDA:116,14,1,2
BRDA:116,15,0,4
BRDA:116,15,1,2
BRDA:117,16,0,2
BRDA:117,16,1,2
BRDA:117,17,0,4
BRDA:117,17,1,2
BRDA:120,18,0,0
BRDA:120,18,1,4
BRDA:120,19,0,4
BRDA:120,19,1,2
BRDA:166,20,0,4
BRDA:166,20,1,0
BRDA:204,21,0,1
BRDA:204,21,1,4
BRDA:215,22,0,4
BRDA:215,22,1,0
BRDA:217,23,0,1
BRDA:217,23,1,3
BRDA:223,24,0,0
BRDA:223,24,1,35
BRDA:223,25,0,35
BRDA:223,25,1,0
BRDA:226,26,0,32
BRDA:226,26,1,3
BRDA:236,27,0,1
BRDA:236,27,1,34
BRDA:249,28,0,1
BRDA:249,28,1,34
BRDA:263,29,0,1
BRDA:263,29,1,34
BRDA:278,30,0,1
BRDA:278,30,1,34
BRDA:285,31,0,1
BRDA:285,31,1,34
BRDA:303,32,0,0
BRDA:303,32,1,35
BRDA:312,33,0,0
BRDA:312,33,1,35
BRDA:321,34,0,0
BRDA:321,34,1,35
BRDA:326,35,0,35
BRDA:326,35,1,0
BRDA:330,36,0,35
BRDA:330,36,1,0
BRF:76
BRH:59
end_of_record
TN:
SF:src\components\timerpage\timers-table.js
FN:10,(anonymous_0)
FN:30,(anonymous_1)
FN:47,(anonymous_2)
FN:51,(anonymous_3)
FN:67,(anonymous_4)
FN:74,(anonymous_5)
FN:128,(anonymous_6)
FN:136,(anonymous_7)
FN:140,(anonymous_8)
FN:153,(anonymous_9)
FN:156,(anonymous_10)
FN:160,(anonymous_11)
FNF:12
FNH:11
FNDA:49,(anonymous_0)
FNDA:49,(anonymous_1)
FNDA:14,(anonymous_2)
FNDA:7,(anonymous_3)
FNDA:2,(anonymous_4)
FNDA:12,(anonymous_5)
FNDA:8,(anonymous_6)
FNDA:0,(anonymous_7)
FNDA:1,(anonymous_8)
FNDA:1,(anonymous_9)
FNDA:1,(anonymous_10)
FNDA:1,(anonymous_11)
DA:10,1
DA:11,49
DA:12,49
DA:13,1
DA:15,48
DA:30,1
DA:31,49
DA:32,49
DA:33,49
DA:34,49
DA:46,1
DA:48,14
DA:49,14
DA:51,14
DA:52,7
DA:55,14
DA:63,1
DA:68,2
DA:75,12
DA:81,1
DA:128,1
DA:133,8
DA:135,8
DA:136,8
DA:137,8
DA:138,8
DA:140,8
DA:141,1
DA:142,1
DA:146,8
DA:153,1
DA:157,1
DA:158,1
DA:161,1
DA:162,1
DA:163,1
LF:36
LH:36
BRDA:12,0,0,1
BRDA:12,0,1,48
BRDA:33,1,0,49
BRDA:33,1,1,1
BRDA:40,2,0,40
BRDA:40,2,1,9
BRDA:49,3,0,14
BRDA:49,3,1,14
BRDA:148,4,0,1
BRDA:148,4,1,7
BRDA:155,5,0,6
BRDA:155,5,1,1
BRDA:168,6,0,6
BRDA:168,6,1,1
BRF:14
BRH:14
end_of_record
TN:
SF:src\components\timers\share-button.js
FN:6,(anonymous_0)
FN:13,(anonymous_1)
FN:16,(anonymous_2)
FNF:3
FNH:0
FNDA:0,(anonymous_0)
FNDA:0,(anonymous_1)
FNDA:0,(anonymous_2)
DA:6,0
DA:7,0
DA:8,0
DA:9,0
DA:10,0
DA:11,0
DA:13,0
DA:14,0
DA:15,0
DA:16,0
DA:17,0
DA:20,0
DA:21,0
DA:25,0
LF:14
LH:0
BRDA:14,0,0,0
BRDA:14,0,1,0
BRF:2
BRH:0
end_of_record
TN:
SF:src\components\timers\timer-detail-info.js
FN:6,(anonymous_0)
FN:14,(anonymous_1)
FNF:2
FNH:2
FNDA:40,(anonymous_0)
FNDA:20,(anonymous_1)
DA:6,1
DA:7,40
DA:8,40
DA:14,1
DA:15,20
DA:17,20
LF:6
LH:6
BRDA:9,0,0,40
BRDA:9,0,1,0
BRDA:19,1,0,20
BRDA:19,1,1,0
BRDA:20,2,0,20
BRDA:20,2,1,0
BRDA:20,3,0,20
BRDA:20,3,1,0
BRDA:23,4,0,20
BRDA:23,4,1,0
BRDA:23,5,0,20
BRDA:23,5,1,0
BRDA:27,6,0,20
BRDA:27,6,1,0
BRDA:27,7,0,20
BRDA:27,7,1,0
BRDA:32,8,0,20
BRDA:32,8,1,0
BRDA:39,9,0,0
BRDA:39,9,1,20
BRDA:39,10,0,20
BRDA:39,10,1,0
BRDA:42,11,0,0
BRDA:42,11,1,0
BRDA:50,12,0,0
BRDA:50,12,1,20
BRDA:50,13,0,20
BRDA:50,13,1,20
BRDA:50,13,2,0
BRF:29
BRH:14
end_of_record
TN:
SF:src\components\timers\timer-info.js
FN:19,(anonymous_0)
FN:36,(anonymous_1)
FN:46,(anonymous_2)
FN:47,fetchData
FN:58,(anonymous_4)
FN:64,(anonymous_5)
FN:74,(anonymous_6)
FN:83,(anonymous_7)
FN:134,(anonymous_8)
FN:145,(anonymous_9)
FN:147,(anonymous_10)
FN:148,(anonymous_11)
FN:150,(anonymous_12)
FN:158,(anonymous_13)
FN:160,(anonymous_14)
FN:163,fetchData
FN:171,(anonymous_16)
FN:171,(anonymous_17)
FNF:18
FNH:0
FNDA:0,(anonymous_0)
FNDA:0,(anonymous_1)
FNDA:0,(anonymous_2)
FNDA:0,fetchData
FNDA:0,(anonymous_4)
FNDA:0,(anonymous_5)
FNDA:0,(anonymous_6)
FNDA:0,(anonymous_7)
FNDA:0,(anonymous_8)
FNDA:0,(anonymous_9)
FNDA:0,(anonymous_10)
FNDA:0,(anonymous_11)
FNDA:0,(anonymous_12)
FNDA:0,(anonymous_13)
FNDA:0,(anonymous_14)
FNDA:0,fetchData
FNDA:0,(anonymous_16)
FNDA:0,(anonymous_17)
DA:19,0
DA:20,0
DA:36,0
DA:38,0
DA:42,0
DA:44,0
DA:46,0
DA:48,0
DA:49,0
DA:52,0
DA:53,0
DA:57,0
DA:58,0
DA:60,0
DA:64,0
DA:67,0
DA:71,0
DA:74,0
DA:76,0
DA:77,0
DA:83,0
DA:84,0
DA:86,0
DA:87,0
DA:88,0
DA:89,0
DA:95,0
DA:134,0
DA:139,0
DA:141,0
DA:142,0
DA:143,0
DA:145,0
DA:146,0
DA:147,0
DA:148,0
DA:150,0
DA:151,0
DA:152,0
DA:153,0
DA:154,0
DA:157,0
DA:158,0
DA:160,0
DA:164,0
DA:165,0
DA:166,0
DA:167,0
DA:168,0
DA:170,0
DA:171,0
DA:172,0
DA:173,0
DA:174,0
DA:176,0
DA:181,0
DA:191,0
LF:57
LH:0
BRDA:52,0,0,0
BRDA:52,0,1,0
BRDA:57,1,0,0
BRDA:57,1,1,0
BRDA:57,2,0,0
BRDA:57,2,1,0
BRDA:58,3,0,0
BRDA:58,3,1,0
BRDA:84,4,0,0
BRDA:84,4,1,0
BRDA:84,5,0,0
BRDA:84,5,1,0
BRDA:95,6,0,0
BRDA:95,6,1,0
BRDA:103,7,0,0
BRDA:103,7,1,0
BRDA:109,8,0,0
BRDA:109,8,1,0
BRDA:111,9,0,0
BRDA:111,9,1,0
BRDA:151,10,0,0
BRDA:151,10,1,0
BRDA:166,11,0,0
BRDA:166,11,1,0
BRDA:166,12,0,0
BRDA:166,12,1,0
BRDA:166,12,2,0
BRDA:173,13,0,0
BRDA:173,13,1,0
BRDA:173,14,0,0
BRDA:173,14,1,0
BRDA:173,14,2,0
BRDA:173,14,3,0
BRDA:191,15,0,0
BRDA:191,15,1,0
BRDA:191,16,0,0
BRDA:191,16,1,0
BRF:37
BRH:0
end_of_record
TN:
SF:src\components\timers\timer-message.js
FN:4,(anonymous_0)
FNF:1
FNH:0
FNDA:0,(anonymous_0)
DA:4,0
DA:5,0
DA:6,0
DA:7,0
LF:4
LH:0
BRDA:8,0,0,0
BRDA:8,0,1,0
BRDA:12,1,0,0
BRDA:12,1,1,0
BRF:4
BRH:0
end_of_record
TN:
SF:src\components\timers\timer-running.js
FN:10,(anonymous_0)
FN:14,(anonymous_1)
FN:25,(anonymous_2)
FN:74,(anonymous_3)
FN:82,(anonymous_4)
FN:84,(anonymous_5)
FN:85,(anonymous_6)
FN:87,(anonymous_7)
FN:91,(anonymous_8)
FN:118,(anonymous_9)
FNF:10
FNH:0
FNDA:0,(anonymous_0)
FNDA:0,(anonymous_1)
FNDA:0,(anonymous_2)
FNDA:0,(anonymous_3)
FNDA:0,(anonymous_4)
FNDA:0,(anonymous_5)
FNDA:0,(anonymous_6)
FNDA:0,(anonymous_7)
FNDA:0,(anonymous_8)
FNDA:0,(anonymous_9)
DA:10,0
DA:11,0
DA:14,0
DA:15,0
DA:16,0
DA:17,0
DA:22,0
DA:25,0
DA:26,0
DA:27,0
DA:28,0
DA:38,0
DA:39,0
DA:40,0
DA:55,0
DA:68,0
DA:74,0
DA:75,0
DA:76,0
DA:77,0
DA:78,0
DA:79,0
DA:82,0
DA:83,0
DA:84,0
DA:85,0
DA:87,0
DA:91,0
DA:92,0
DA:93,0
DA:94,0
DA:95,0
DA:99,0
DA:118,0
DA:119,0
DA:120,0
LF:36
LH:0
BRDA:27,0,0,0
BRDA:27,0,1,0
BRDA:27,1,0,0
BRDA:27,1,1,0
BRDA:38,2,0,0
BRDA:38,2,1,0
BRDA:39,3,0,0
BRDA:39,3,1,0
BRDA:92,4,0,0
BRDA:92,4,1,0
BRDA:120,5,0,0
BRDA:120,5,1,0
BRDA:120,6,0,0
BRDA:120,6,1,0
BRF:14
BRH:0
end_of_record
TN:
SF:src\components\zoom\zoom-button.js
FN:5,(anonymous_0)
FNF:1
FNH:0
FNDA:0,(anonymous_0)
DA:5,0
DA:6,0
DA:7,0
DA:8,0
LF:4
LH:0
BRDA:8,0,0,0
BRDA:8,0,1,0
BRDA:8,1,0,0
BRDA:8,1,1,0
BRF:4
BRH:0
end_of_record
TN:
SF:src\components\zoom\zoom-page.js
FN:7,(anonymous_0)
FN:17,(anonymous_1)
FN:19,createZoom
FN:23,(anonymous_3)
FNF:4
FNH:0
FNDA:0,(anonymous_0)
FNDA:0,(anonymous_1)
FNDA:0,createZoom
FNDA:0,(anonymous_3)
DA:7,0
DA:11,0
DA:12,0
DA:14,0
DA:15,0
DA:17,0
DA:21,0
DA:23,0
DA:24,0
DA:25,0
DA:26,0
DA:27,0
DA:28,0
DA:35,0
DA:40,0
LF:15
LH:0
BRDA:25,0,0,0
BRDA:25,0,1,0
BRDA:40,1,0,0
BRDA:40,1,1,0
BRDA:40,2,0,0
BRDA:40,2,1,0
BRF:6
BRH:0
end_of_record
TN:
SF:src\constants\constants.js
FNF:0
FNH:0
DA:2,11
DA:3,11
DA:4,11
DA:5,11
LF:4
LH:4
BRF:0
BRH:0
end_of_record
TN:
SF:src\context\data-context.js
FN:9,(anonymous_0)
FN:10,(anonymous_1)
FN:12,(anonymous_2)
FN:12,(anonymous_3)
FN:15,(anonymous_4)
FN:29,(anonymous_5)
FN:31,fetchData
FN:39,(anonymous_7)
FN:39,(anonymous_8)
FN:47,(anonymous_9)
FN:64,(anonymous_10)
FN:100,(anonymous_11)
FN:102,(anonymous_12)
FN:103,(anonymous_13)
FN:106,(anonymous_14)
FN:110,(anonymous_15)
FN:115,(anonymous_16)
FN:116,(anonymous_17)
FN:120,(anonymous_18)
FN:128,(anonymous_19)
FN:135,(anonymous_20)
FN:141,(anonymous_21)
FN:153,(anonymous_22)
FN:155,(anonymous_23)
FN:164,(anonymous_24)
FN:166,(anonymous_25)
FN:177,(anonymous_26)
FN:178,(anonymous_27)
FN:179,(anonymous_28)
FN:188,(anonymous_29)
FN:195,(anonymous_30)
FN:199,(anonymous_31)
FN:203,(anonymous_32)
FN:216,(anonymous_33)
FN:221,(anonymous_34)
FN:222,(anonymous_35)
FN:231,(anonymous_36)
FN:235,(anonymous_37)
FN:238,(anonymous_38)
FN:241,(anonymous_39)
FN:250,(anonymous_40)
FN:254,(anonymous_41)
FN:257,(anonymous_42)
FN:259,(anonymous_43)
FN:268,(anonymous_44)
FN:272,(anonymous_45)
FN:275,(anonymous_46)
FN:280,(anonymous_47)
FN:294,(anonymous_48)
FN:295,(anonymous_49)
FN:323,(anonymous_50)
FNF:51
FNH:15
FNDA:21,(anonymous_0)
FNDA:18,(anonymous_1)
FNDA:5,(anonymous_2)
FNDA:18,(anonymous_3)
FNDA:9,(anonymous_4)
FNDA:1,(anonymous_5)
FNDA:1,fetchData
FNDA:3,(anonymous_7)
FNDA:3,(anonymous_8)
FNDA:1,(anonymous_9)
FNDA:2,(anonymous_10)
FNDA:2,(anonymous_11)
FNDA:0,(anonymous_12)
FNDA:0,(anonymous_13)
FNDA:1,(anonymous_14)
FNDA:2,(anonymous_15)
FNDA:0,(anonymous_16)
FNDA:0,(anonymous_17)
FNDA:0,(anonymous_18)
FNDA:0,(anonymous_19)
FNDA:0,(anonymous_20)
FNDA:0,(anonymous_21)
FNDA:0,(anonymous_22)
FNDA:0,(anonymous_23)
FNDA:0,(anonymous_24)
FNDA:0,(anonymous_25)
FNDA:0,(anonymous_26)
FNDA:0,(anonymous_27)
FNDA:0,(anonymous_28)
FNDA:0,(anonymous_29)
FNDA:0,(anonymous_30)
FNDA:0,(anonymous_31)
FNDA:0,(anonymous_32)
FNDA:0,(anonymous_33)
FNDA:0,(anonymous_34)
FNDA:0,(anonymous_35)
FNDA:0,(anonymous_36)
FNDA:0,(anonymous_37)
FNDA:0,(anonymous_38)
FNDA:0,(anonymous_39)
FNDA:0,(anonymous_40)
FNDA:0,(anonymous_41)
FNDA:0,(anonymous_42)
FNDA:0,(anonymous_43)
FNDA:0,(anonymous_44)
FNDA:0,(anonymous_45)
FNDA:0,(anonymous_46)
FNDA:0,(anonymous_47)
FNDA:0,(anonymous_48)
FNDA:0,(anonymous_49)
FNDA:144,(anonymous_50)
DA:6,11
DA:9,21
DA:10,18
DA:12,18
DA:15,11
DA:16,9
DA:17,9
DA:18,9
DA:19,9
DA:21,9
DA:22,9
DA:23,9
DA:26,9
DA:27,9
DA:29,9
DA:30,1
DA:33,1
DA:34,1
DA:36,1
DA:38,1
DA:39,3
DA:40,3
DA:41,3
DA:43,0
DA:46,1
DA:47,1
DA:48,1
DA:49,1
DA:50,1
DA:51,1
DA:52,1
DA:53,1
DA:56,0
DA:58,1
DA:61,1
DA:64,9
DA:67,2
DA:68,2
DA:70,2
DA:71,0
DA:72,0
DA:73,0
DA:74,0
DA:78,2
DA:81,1
DA:82,1
DA:83,1
DA:84,1
DA:90,1
DA:91,1
DA:95,2
DA:100,9
DA:101,2
DA:102,2
DA:103,0
DA:105,2
DA:106,2
DA:110,9
DA:112,2
DA:115,9
DA:116,0
DA:117,0
DA:118,0
DA:119,0
DA:120,0
DA:122,0
DA:123,0
DA:125,0
DA:128,0
DA:130,0
DA:132,0
DA:135,9
DA:137,0
DA:138,0
DA:139,0
DA:140,0
DA:141,0
DA:142,0
DA:143,0
DA:144,0
DA:145,0
DA:149,0
DA:153,9
DA:155,0
DA:156,0
DA:160,0
DA:164,0
DA:166,0
DA:167,0
DA:168,0
DA:169,0
DA:171,0
DA:174,0
DA:177,0
DA:178,0
DA:179,0
DA:180,0
DA:182,0
DA:188,9
DA:189,0
DA:190,0
DA:191,0
DA:193,0
DA:194,0
DA:195,0
DA:196,0
DA:197,0
DA:198,0
DA:199,0
DA:200,0
DA:201,0
DA:202,0
DA:203,0
DA:205,0
DA:206,0
DA:208,0
DA:210,0
DA:216,9
DA:218,0
DA:220,0
DA:221,0
DA:223,0
DA:224,0
DA:226,0
DA:228,0
DA:231,9
DA:232,0
DA:233,0
DA:234,0
DA:235,0
DA:236,0
DA:237,0
DA:238,0
DA:240,0
DA:241,0
DA:242,0
DA:243,0
DA:244,0
DA:250,9
DA:251,0
DA:252,0
DA:253,0
DA:254,0
DA:255,0
DA:256,0
DA:257,0
DA:258,0
DA:259,0
DA:260,0
DA:261,0
DA:262,0
DA:268,9
DA:269,0
DA:270,0
DA:271,0
DA:272,0
DA:274,0
DA:275,0
DA:277,0
DA:278,0
DA:279,0
DA:280,0
DA:282,0
DA:283,0
DA:285,0
DA:287,0
DA:294,9
DA:295,0
DA:296,0
DA:301,9
DA:323,144
LF:171
LH:63
BRDA:27,0,0,9
BRDA:27,0,1,0
BRDA:40,1,0,3
BRDA:40,1,1,0
BRDA:70,2,0,0
BRDA:70,2,1,2
BRDA:73,3,0,0
BRDA:73,3,1,0
BRDA:78,4,0,1
BRDA:78,4,1,1
BRDA:90,5,0,1
BRDA:90,5,1,0
BRDA:119,6,0,0
BRDA:119,6,1,0
BRDA:122,7,0,0
BRDA:122,7,1,0
BRDA:139,8,0,0
BRDA:139,8,1,0
BRDA:140,9,0,0
BRDA:140,9,1,0
BRDA:143,10,0,0
BRDA:143,10,1,0
BRDA:143,11,0,0
BRDA:143,11,1,0
BRDA:156,12,0,0
BRDA:156,12,1,0
BRDA:167,13,0,0
BRDA:167,13,1,0
BRDA:167,14,0,0
BRDA:167,14,1,0
BRDA:168,15,0,0
BRDA:168,15,1,0
BRDA:190,16,0,0
BRDA:190,16,1,0
BRDA:193,17,0,0
BRDA:193,17,1,0
BRDA:194,18,0,0
BRDA:194,18,1,0
BRDA:197,19,0,0
BRDA:197,19,1,0
BRDA:197,20,0,0
BRDA:197,20,1,0
BRDA:202,21,0,0
BRDA:202,21,1,0
BRDA:205,22,0,0
BRDA:205,22,1,0
BRDA:223,23,0,0
BRDA:223,23,1,0
BRDA:237,24,0,0
BRDA:237,24,1,0
BRDA:256,25,0,0
BRDA:256,25,1,0
BRDA:270,26,0,0
BRDA:270,26,1,0
BRDA:271,27,0,0
BRDA:271,27,1,0
BRDA:274,28,0,0
BRDA:274,28,1,0
BRDA:274,29,0,0
BRDA:274,29,1,0
BRDA:279,30,0,0
BRDA:279,30,1,0
BRDA:282,31,0,0
BRDA:282,31,1,0
BRF:64
BRH:6
end_of_record
TN:
SF:src\context\google-login-context.js
FN:8,(anonymous_0)
FN:18,(anonymous_1)
FNF:2
FNH:1
FNDA:0,(anonymous_0)
FNDA:44,(anonymous_1)
DA:5,11
DA:8,11
DA:9,0
DA:13,0
DA:18,44
LF:5
LH:3
BRF:0
BRH:0
end_of_record
TN:
SF:src\routes\PrivateRoute.js
FN:5,(anonymous_0)
FN:11,(anonymous_1)
FNF:2
FNH:0
FNDA:0,(anonymous_0)
FNDA:0,(anonymous_1)
DA:5,0
DA:7,0
DA:9,0
DA:12,0
LF:4
LH:0
BRDA:12,0,0,0
BRDA:12,0,1,0
BRF:2
BRH:0
end_of_record
TN:
SF:src\routes\PublicRoute.js
FN:5,(anonymous_0)
FN:10,(anonymous_1)
FNF:2
FNH:0
FNDA:0,(anonymous_0)
FNDA:0,(anonymous_1)
DA:5,0
DA:7,0
DA:8,0
DA:11,0
LF:4
LH:0
BRDA:11,0,0,0
BRDA:11,0,1,0
BRF:2
BRH:0
end_of_record
TN:
SF:src\utilities\apiMethods.js
FN:1,(anonymous_0)
FN:9,(anonymous_1)
FN:12,(anonymous_2)
FN:16,(anonymous_3)
FNF:4
FNH:0
FNDA:0,(anonymous_0)
FNDA:0,(anonymous_1)
FNDA:0,(anonymous_2)
FNDA:0,(anonymous_3)
DA:1,10
DA:2,0
DA:9,0
DA:12,10
DA:13,0
DA:16,0
LF:6
LH:2
BRF:0
BRH:0
end_of_record
TN:
SF:src\utilities\mockData.js
FN:160,(anonymous_0)
FNF:1
FNH:1
FNDA:2,(anonymous_0)
DA:1,8
DA:28,8
DA:44,8
DA:126,8
DA:140,8
DA:160,8
DA:161,2
DA:162,2
DA:163,340
DA:165,2
LF:10
LH:10
BRF:0
BRH:0
end_of_record
TN:
SF:src\utilities\tasklist-utilities.js
FN:2,(anonymous_0)
FN:5,(anonymous_1)
FN:8,(anonymous_2)
FN:13,(anonymous_3)
FNF:4
FNH:4
FNDA:18,(anonymous_0)
FNDA:48,(anonymous_1)
FNDA:15,(anonymous_2)
FNDA:30,(anonymous_3)
DA:1,3
DA:2,3
DA:3,18
DA:4,18
DA:5,18
DA:6,48
DA:7,18
DA:8,15
DA:10,18
DA:12,30
DA:13,30
DA:15,30
DA:17,48
DA:20,18
LF:14
LH:14
BRDA:6,0,0,18
BRDA:6,0,1,30
BRDA:7,1,0,15
BRDA:7,1,1,3
BRDA:7,2,0,18
BRDA:7,2,1,18
BRDA:8,3,0,15
BRDA:8,3,1,0
BRDA:8,3,2,0
BRDA:12,4,0,30
BRDA:12,4,1,0
BRDA:12,5,0,30
BRDA:12,5,1,30
BRDA:13,6,0,30
BRDA:13,6,1,0
BRF:15
BRH:11
end_of_record
TN:
SF:src\utilities\timer-form-utilities.js
FN:3,(anonymous_0)
FN:5,(anonymous_1)
FN:7,(anonymous_2)
FN:12,(anonymous_3)
FN:25,(anonymous_4)
FN:27,(anonymous_5)
FN:45,(anonymous_6)
FN:69,(anonymous_7)
FN:86,(anonymous_8)
FN:137,(anonymous_9)
FNF:10
FNH:9
FNDA:41,(anonymous_0)
FNDA:123,(anonymous_1)
FNDA:30,(anonymous_2)
FNDA:0,(anonymous_3)
FNDA:3,(anonymous_4)
FNDA:6,(anonymous_5)
FNDA:2,(anonymous_6)
FNDA:2,(anonymous_7)
FNDA:4,(anonymous_8)
FNDA:9,(anonymous_9)
DA:3,2
DA:5,41
DA:6,123
DA:7,30
DA:9,123
DA:10,123
DA:12,0
DA:13,0
DA:14,0
DA:17,123
DA:18,123
DA:20,123
DA:21,123
DA:25,3
DA:27,2
DA:28,6
DA:30,2
DA:32,0
DA:34,4
DA:36,0
DA:38,0
DA:40,0
DA:45,2
DA:46,2
DA:47,0
DA:49,2
DA:50,2
DA:51,0
DA:53,2
DA:54,2
DA:55,2
DA:57,0
DA:59,2
DA:60,0
DA:62,2
DA:63,0
DA:65,2
DA:69,2
DA:70,2
DA:71,2
DA:72,1
DA:74,1
DA:75,0
DA:76,0
DA:77,0
DA:79,0
DA:80,0
DA:83,2
DA:86,2
DA:87,4
DA:88,4
DA:89,4
DA:90,2
DA:91,2
DA:92,2
DA:93,0
DA:95,2
DA:96,0
DA:99,2
DA:100,1
DA:102,1
DA:103,0
DA:108,4
DA:109,2
DA:110,2
DA:111,0
DA:113,2
DA:114,0
DA:116,2
DA:117,2
DA:118,2
DA:119,2
DA:120,2
DA:121,2
DA:122,2
DA:123,1
DA:126,0
DA:127,0
DA:132,4
DA:137,2
DA:138,9
DA:139,9
DA:140,9
DA:141,9
DA:143,9
DA:152,9
LF:86
LH:62
BRDA:6,0,0,123
BRDA:6,0,1,0
BRDA:6,1,0,123
BRDA:6,1,1,123
BRDA:10,2,0,0
BRDA:10,2,1,123
BRDA:10,3,0,123
BRDA:10,3,1,0
BRDA:13,4,0,0
BRDA:13,4,1,0
BRDA:17,5,0,111
BRDA:17,5,1,12
BRDA:25,6,0,3
BRDA:25,6,1,3
BRDA:25,6,2,3
BRDA:28,7,0,2
BRDA:28,7,1,0
BRDA:28,7,2,4
BRDA:28,7,3,0
BRDA:28,7,4,0
BRDA:28,7,5,0
BRDA:46,8,0,0
BRDA:46,8,1,2
BRDA:50,9,0,0
BRDA:50,9,1,2
BRDA:55,10,0,0
BRDA:55,10,1,2
BRDA:55,11,0,2
BRDA:55,11,1,2
BRDA:55,11,2,2
BRDA:55,11,3,2
BRDA:59,12,0,0
BRDA:59,12,1,2
BRDA:59,13,0,2
BRDA:59,13,1,2
BRDA:62,14,0,0
BRDA:62,14,1,2
BRDA:62,15,0,2
BRDA:62,15,1,2
BRDA:71,16,0,1
BRDA:71,16,1,1
BRDA:71,17,0,2
BRDA:71,17,1,2
BRDA:71,17,2,2
BRDA:71,17,3,1
BRDA:71,17,4,1
BRDA:71,17,5,1
BRDA:74,18,0,0
BRDA:74,18,1,1
BRDA:76,19,0,0
BRDA:76,19,1,0
BRDA:79,20,0,0
BRDA:79,20,1,0
BRDA:89,21,0,2
BRDA:89,21,1,2
BRDA:92,22,0,0
BRDA:92,22,1,2
BRDA:92,23,0,2
BRDA:92,23,1,2
BRDA:95,24,0,0
BRDA:95,24,1,2
BRDA:99,25,0,1
BRDA:99,25,1,1
BRDA:102,26,0,0
BRDA:102,26,1,1
BRDA:108,27,0,2
BRDA:108,27,1,2
BRDA:110,28,0,0
BRDA:110,28,1,2
BRDA:110,29,0,2
BRDA:110,29,1,2
BRDA:113,30,0,0
BRDA:113,30,1,2
BRDA:116,31,0,2
BRDA:116,31,1,0
BRDA:116,32,0,2
BRDA:116,32,1,2
BRDA:122,33,0,1
BRDA:122,33,1,1
BRDA:122,34,0,2
BRDA:122,34,1,1
BRDA:122,34,2,0
BRDA:126,35,0,0
BRDA:126,35,1,0
BRF:84
BRH:56
end_of_record
TN:
SF:src\utilities\timer-utilities.js
FN:4,(anonymous_0)
FN:17,(anonymous_1)
FN:33,(anonymous_2)
FN:42,(anonymous_3)
FN:58,(anonymous_4)
FN:66,(anonymous_5)
FNF:6
FNH:0
FNDA:0,(anonymous_0)
FNDA:0,(anonymous_1)
FNDA:0,(anonymous_2)
FNDA:0,(anonymous_3)
FNDA:0,(anonymous_4)
FNDA:0,(anonymous_5)
DA:4,0
DA:5,0
DA:6,0
DA:7,0
DA:8,0
DA:9,0
DA:11,0
DA:12,0
DA:14,0
DA:17,0
DA:18,0
DA:19,0
DA:20,0
DA:21,0
DA:22,0
DA:23,0
DA:25,0
DA:26,0
DA:28,0
DA:33,0
DA:34,0
DA:35,0
DA:37,0
DA:38,0
DA:39,0
DA:42,0
DA:45,0
DA:46,0
DA:49,0
DA:50,0
DA:51,0
DA:52,0
DA:58,0
DA:60,0
DA:61,0
DA:62,0
DA:63,0
DA:66,0
DA:68,0
DA:69,0
DA:70,0
DA:71,0
DA:72,0
DA:73,0
DA:74,0
DA:75,0
DA:76,0
DA:77,0
DA:82,0
DA:83,0
DA:84,0
DA:88,0
LF:52
LH:0
BRDA:6,0,0,0
BRDA:6,0,1,0
BRDA:9,1,0,0
BRDA:9,1,1,0
BRDA:12,2,0,0
BRDA:12,2,1,0
BRDA:14,3,0,0
BRDA:14,3,1,0
BRDA:22,4,0,0
BRDA:22,4,1,0
BRDA:34,5,0,0
BRDA:34,5,1,0
BRDA:45,6,0,0
BRDA:45,6,1,0
BRDA:45,7,0,0
BRDA:45,7,1,0
BRDA:49,8,0,0
BRDA:49,8,1,0
BRDA:69,9,0,0
BRDA:69,9,1,0
BRDA:74,10,0,0
BRDA:74,10,1,0
BRDA:76,11,0,0
BRDA:76,11,1,0
BRDA:83,12,0,0
BRDA:83,12,1,0
BRF:26
BRH:0
end_of_record
TN:
SF:src\utilities\utilities.js
FN:1,(anonymous_0)
FN:4,(anonymous_1)
FN:10,(anonymous_2)
FN:16,(anonymous_3)
FN:20,(anonymous_4)
FN:26,(anonymous_5)
FN:27,(anonymous_6)
FN:29,(anonymous_7)
FN:29,(anonymous_8)
FN:31,(anonymous_9)
FN:50,(anonymous_10)
FNF:11
FNH:6
FNDA:590,(anonymous_0)
FNDA:149,(anonymous_1)
FNDA:146,(anonymous_2)
FNDA:68,(anonymous_3)
FNDA:0,(anonymous_4)
FNDA:0,(anonymous_5)
FNDA:0,(anonymous_6)
FNDA:0,(anonymous_7)
FNDA:0,(anonymous_8)
FNDA:4,(anonymous_9)
FNDA:6,(anonymous_10)
DA:1,4
DA:2,590
DA:4,4
DA:5,149
DA:6,149
DA:7,149
DA:10,4
DA:11,146
DA:12,146
DA:13,146
DA:16,4
DA:17,68
DA:20,4
DA:21,0
DA:23,0
DA:26,4
DA:27,4
DA:29,4
DA:31,4
DA:34,4
DA:35,4
DA:36,4
DA:44,4
DA:47,4
DA:48,4
DA:50,4
DA:51,6
DA:52,6
DA:53,1
DA:55,5
DA:57,0
DA:58,0
DA:59,0
DA:61,0
DA:63,0
LF:35
LH:28
BRDA:2,0,0,137
BRDA:2,0,1,453
BRDA:51,1,0,6
BRDA:51,1,1,0
BRDA:52,2,0,1
BRDA:52,2,1,5
BRDA:57,3,0,0
BRDA:57,3,1,0
BRDA:58,4,0,0
BRDA:58,4,1,0
BRF:10
BRH:5
end_of_record
